#
# A fatal error has been detected by the Java Runtime Environment:
#
#  EXCEPTION_ACCESS_VIOLATION (0xc0000005) at pc=0x00007ffa5e3c30b5, pid=14452, tid=7956
#
# JRE version: OpenJDK Runtime Environment Temurin-21.0.9+10 (21.0.9+10) (build 21.0.9+10-LTS)
# Java VM: OpenJDK 64-Bit Server VM Temurin-21.0.9+10 (21.0.9+10-LTS, mixed mode, sharing, tiered, compressed oops, compressed class ptrs, parallel gc, windows-amd64)
# Problematic frame:
# V  [jvm.dll+0x7030b5]
#
# No core dump will be written. Minidumps are not enabled by default on client versions of Windows
#
# If you would like to submit a bug report, please visit:
#   https://github.com/adoptium/adoptium-support/issues
#

---------------  S U M M A R Y ------------

Command Line: --add-modules=ALL-SYSTEM --add-opens=java.base/java.util=ALL-UNNAMED --add-opens=java.base/java.lang=ALL-UNNAMED --add-opens=java.base/sun.nio.fs=ALL-UNNAMED -Declipse.application=org.eclipse.jdt.ls.core.id1 -Dosgi.bundles.defaultStartLevel=4 -Declipse.product=org.eclipse.jdt.ls.core.product -Djava.import.generatesMetadataFilesAtProjectRoot=false -DDetectVMInstallationsJob.disabled=true -Dfile.encoding=utf8 -XX:+UseParallelGC -XX:GCTimeRatio=4 -XX:AdaptiveSizePolicyWeight=90 -Dsun.zip.disableMemoryMapping=true -Xmx2G -Xms100m -Xlog:disable -javaagent:c:\Users\Achraf\.vscode\extensions\redhat.java-1.50.0-win32-x64\lombok\lombok-1.18.39-4050.jar -XX:+HeapDumpOnOutOfMemoryError -XX:HeapDumpPath=c:\Users\Achraf\AppData\Roaming\Code\User\workspaceStorage\2f96af778b0fa1bd536f2abba98ff373\redhat.java -Daether.dependencyCollector.impl=bf c:\Users\Achraf\.vscode\extensions\redhat.java-1.50.0-win32-x64\server\plugins\org.eclipse.equinox.launcher_1.7.100.v20251111-0406.jar -configuration c:\Users\Achraf\AppData\Roaming\Code\User\globalStorage\redhat.java\1.50.0\config_win -data c:\Users\Achraf\AppData\Roaming\Code\User\workspaceStorage\2f96af778b0fa1bd536f2abba98ff373\redhat.java\jdt_ws --pipe=\\.\pipe\lsp-bca1bb856f481c3007bfb4b657c7d2e5-sock

Host: AMD Ryzen 5 5600X 6-Core Processor             , 12 cores, 31G,  Windows 10 , 64 bit Build 19041 (10.0.19041.3636)
Time: Fri Dec 12 15:24:19 2025 Hora estándar romance elapsed time: 9.198849 seconds (0d 0h 0m 9s)

---------------  T H R E A D  ---------------

Current thread (0x00000209ab8761e0):  JavaThread "C2 CompilerThread0" daemon [_thread_in_native, id=7956, stack(0x0000003232000000,0x0000003232100000) (1024K)]


Current CompileTask:
C2:9198 9413 %     4       org.lombokweb.asm.ClassReader::readCode @ 2187 (5117 bytes)

Stack: [0x0000003232000000,0x0000003232100000],  sp=0x00000032320fcfa0,  free space=1011k
Native frames: (J=compiled Java code, j=interpreted, Vv=VM code, C=native code)
V  [jvm.dll+0x7030b5]
V  [jvm.dll+0x1e3e2a]
V  [jvm.dll+0x24c0f3]
V  [jvm.dll+0x24b580]
V  [jvm.dll+0x1cb13e]
V  [jvm.dll+0x25b29d]
V  [jvm.dll+0x25982a]
V  [jvm.dll+0x3f7ea6]
V  [jvm.dll+0x85e9ad]
V  [jvm.dll+0x6d565d]
C  [ucrtbase.dll+0x21bb2]
C  [KERNEL32.DLL+0x17344]
C  [ntdll.dll+0x526b1]


siginfo: EXCEPTION_ACCESS_VIOLATION (0xc0000005), reading address 0x00000235fb4bb0f8


Registers:
RAX=0x0000000000000040, RBX=0x0000002c00000000, RCX=0x0000000040000000, RDX=0x00000209f6b2ee40
RSP=0x00000032320fcfa0, RBP=0x00000032320fd0a0, RSI=0x00000209f6b24d38, RDI=0x0000000040000000
R8 =0x00000209f8328220, R9 =0x00000209f6b2ee40, R10=0x00000209fb4bb050, R11=0x00000209f6b24d38
R12=0x00000209f8869ab0, R13=0x00000209f6b2efe8, R14=0x00000209f6b2efe8, R15=0x00000209f886afe0
RIP=0x00007ffa5e3c30b5, EFLAGS=0x0000000000010206

XMM[0]=0x0000000000000000 0x0000000000000000
XMM[1]=0x0000000000000000 0x0000000000000000
XMM[2]=0x0000000000000000 0x0000000000000000
XMM[3]=0x0000000000000000 0x0000000000000000
XMM[4]=0x0000000000000000 0x0000000000000000
XMM[5]=0x0000000000000000 0x0000000000000000
XMM[6]=0x0000000000000000 0x0000000000000000
XMM[7]=0x0000000000000000 0x0000000000000000
XMM[8]=0x0000000000000000 0x0000000000000000
XMM[9]=0x0000000000000000 0x0000000000000000
XMM[10]=0x0000000000000000 0x0000000000000000
XMM[11]=0x0000000000000000 0x0000000000000000
XMM[12]=0x0000000000000000 0x0000000000000000
XMM[13]=0x0000000000000000 0x0000000000000000
XMM[14]=0x0000000000000000 0x0000000000000000
XMM[15]=0x0000000000000000 0x0000000000000000
  MXCSR=0x00001fa0


Register to memory mapping:

RAX=0x0000000000000040 is an unknown value
RBX=0x0000002c00000000 is an unknown value
RCX=0x0000000040000000 is an unknown value
RDX=0x00000209f6b2ee40 points into unknown readable memory: 0x00007ffa5e66b820 | 20 b8 66 5e fa 7f 00 00
RSP=0x00000032320fcfa0 is pointing into the stack for thread: 0x00000209ab8761e0
RBP=0x00000032320fd0a0 is pointing into the stack for thread: 0x00000209ab8761e0
RSI=0x00000209f6b24d38 points into unknown readable memory: 0x00007ffa5e6b7ae0 | e0 7a 6b 5e fa 7f 00 00
RDI=0x0000000040000000 is an unknown value
R8 =0x00000209f8328220 points into unknown readable memory: 0x0000000000000000 | 00 00 00 00 00 00 00 00
R9 =0x00000209f6b2ee40 points into unknown readable memory: 0x00007ffa5e66b820 | 20 b8 66 5e fa 7f 00 00
R10=0x00000209fb4bb050 points into unknown readable memory: 0x0000000000000000 | 00 00 00 00 00 00 00 00
R11=0x00000209f6b24d38 points into unknown readable memory: 0x00007ffa5e6b7ae0 | e0 7a 6b 5e fa 7f 00 00
R12=0x00000209f8869ab0 points into unknown readable memory: 0x00000209ab862570 | 70 25 86 ab 09 02 00 00
R13=0x00000209f6b2efe8 points into unknown readable memory: 0x00007ffa5e6b3620 | 20 36 6b 5e fa 7f 00 00
R14=0x00000209f6b2efe8 points into unknown readable memory: 0x00007ffa5e6b3620 | 20 36 6b 5e fa 7f 00 00
R15=0x00000209f886afe0 points into unknown readable memory: 0x00000209ab862570 | 70 25 86 ab 09 02 00 00

Top of Stack: (sp=0x00000032320fcfa0)
0x00000032320fcfa0:   000002090000022e 00000209f6b2ed78
0x00000032320fcfb0:   0000020900000001 00000209f6b24d38
0x00000032320fcfc0:   00000209f886afe0 00000209f8869ab0
0x00000032320fcfd0:   0000000000000201 00000000ffffffff
0x00000032320fcfe0:   00000209f6b2efe8 00000209f6b24d38
0x00000032320fcff0:   00000209f8869ab0 00000209f8730440
0x00000032320fd000:   0000000000000002 00000209ab876c80
0x00000032320fd010:   00000209f872e040 0000004000000008
0x00000032320fd020:   00000209f89710d0 0000000000000000
0x00000032320fd030:   0000000000000690 00000209f95aa4a0
0x00000032320fd040:   00000209f89710d0 00000209ab862570
0x00000032320fd050:   00000209f872c030 00000209f872e040
0x00000032320fd060:   00000209f8734018 00000000001cc668
0x00000032320fd070:   0000000000000000 0000000000000000
0x00000032320fd080:   0000000000000000 0000000000000002
0x00000032320fd090:   00000032320fd5f0 00007ffa5dea4535
0x00000032320fd0a0:   00000032320fd5f0 00000032320fd5f0
0x00000032320fd0b0:   00000209fb7386b0 00007ffa5de04bd1
0x00000032320fd0c0:   0000000000000000 0000000200001641
0x00000032320fd0d0:   0000001700000000 0000000000000000
0x00000032320fd0e0:   00000209ee9b70c0 00000209f5d2c700
0x00000032320fd0f0:   0000000000000000 00007ffa5e757cf8
0x00000032320fd100:   0000000000000000 0000000000000000
0x00000032320fd110:   0000000000000000 00007ffa5e757cf8
0x00000032320fd120:   0000000000000000 00000032320feab0
0x00000032320fd130:   0000000000000000 00000209f83e77d0
0x00000032320fd140:   00000032320fd6d0 00000209f83e77e0
0x00000032320fd150:   0000000000000000 00000032320feab0
0x00000032320fd160:   00000032320fd600 00000032320fd5f0
0x00000032320fd170:   00000032320fd280 00007ffa5dea3e2a
0x00000032320fd180:   00000032320fd5f0 0000003200000001
0x00000032320fd190:   0000003200000004 0000000000000386 

Instructions: (pc=0x00007ffa5e3c30b5)
0x00007ffa5e3c2fb5:   00 00 00 00 48 8b 4d 98 48 89 0c 07 41 3b 5c 24
0x00007ffa5e3c2fc5:   08 72 0a 8b d3 49 8b cc e8 5e ef fa ff 49 8b 44
0x00007ffa5e3c2fd5:   24 10 4c 89 34 07 ff c6 3b 74 24 60 0f 8c 59 ff
0x00007ffa5e3c2fe5:   ff ff 4c 8b ad e0 00 00 00 8b 85 e8 00 00 00 4c
0x00007ffa5e3c2ff5:   8b 74 24 40 ff c0 89 85 e8 00 00 00 41 3b 46 18
0x00007ffa5e3c3005:   0f 82 15 fe ff ff 41 8b 46 2c 24 03 3c 02 75 10
0x00007ffa5e3c3015:   49 8b 06 49 8b ce ff 90 f0 00 00 00 8b f8 eb 02
0x00007ffa5e3c3025:   33 ff bb 01 00 00 00 41 39 5e 18 76 4d 48 8b 74
0x00007ffa5e3c3035:   24 48 66 0f 1f 84 00 00 00 00 00 3b fb 4c 8b ce
0x00007ffa5e3c3045:   44 8b c3 49 8b d6 0f 95 c0 49 8b cd 88 44 24 30
0x00007ffa5e3c3055:   4c 89 64 24 28 4c 89 7c 24 20 e8 7c e7 ff ff 44
0x00007ffa5e3c3065:   8b 95 f0 00 00 00 ff c3 44 2b d0 44 89 95 f0 00
0x00007ffa5e3c3075:   00 00 41 3b 5e 18 72 c3 eb 07 44 8b 95 f0 00 00
0x00007ffa5e3c3085:   00 4d 8b 85 08 01 00 00 49 63 46 28 41 8b 0c 80
0x00007ffa5e3c3095:   85 c9 0f 84 37 06 00 00 49 8b 45 70 8b f9 48 69
0x00007ffa5e3c30a5:   d9 b0 00 00 00 4c 8b 50 20 4d 8b ee 41 8b 46 30
0x00007ffa5e3c30b5:   45 8b 8c 1a a8 00 00 00 41 8b 74 1a 30 41 83 e1
0x00007ffa5e3c30c5:   01 83 e0 01 74 42 0f 1f 44 00 00 8b c8 49 8b 45
0x00007ffa5e3c30d5:   08 48 8b 14 c8 48 85 d2 0f 84 bb 06 00 00 48 63
0x00007ffa5e3c30e5:   42 28 41 8b 0c 80 48 69 c1 b0 00 00 00 42 8b 8c
0x00007ffa5e3c30f5:   10 a8 00 00 00 83 e1 01 41 3b c9 75 0b 8b 42 30
0x00007ffa5e3c3105:   4c 8b ea 83 e0 01 75 c3 41 3b 74 24 08 73 35 49
0x00007ffa5e3c3115:   8b 44 24 10 48 83 3c f0 00 74 29 48 8b 0c f0 83
0x00007ffa5e3c3125:   79 20 00 75 1f 45 33 e4 4c 89 24 f0 41 3b 77 08
0x00007ffa5e3c3135:   72 0a 8b d6 49 8b cf e8 ef ed fa ff 49 8b 47 10
0x00007ffa5e3c3145:   4c 89 24 f0 48 8b 4c 24 40 48 8b 01 ff 50 70 4c
0x00007ffa5e3c3155:   8b a5 e0 00 00 00 89 85 e8 00 00 00 49 8b 4c 24
0x00007ffa5e3c3165:   70 48 8b 51 20 8b c8 48 03 d3 e8 ec 17 02 00 44
0x00007ffa5e3c3175:   8b e0 83 f8 01 0f 85 d5 00 00 00 41 3b 77 08 73
0x00007ffa5e3c3185:   0a 49 8b 4f 10 48 8b 04 f1 eb 02 33 c0 48 8b 7c
0x00007ffa5e3c3195:   24 40 49 3b c5 0f 84 d9 02 00 00 4c 8b 64 24 50
0x00007ffa5e3c31a5:   4c 8b c7 48 8b 5c 24 48 49 8b d5 48 8b 8d e0 00 


Stack slot to memory mapping:

stack at sp + 0 slots: 0x000002090000022e is an unknown value
stack at sp + 1 slots: 0x00000209f6b2ed78 points into unknown readable memory: 0x00007ffa5e66f088 | 88 f0 66 5e fa 7f 00 00
stack at sp + 2 slots: 0x0000020900000001 is an unknown value
stack at sp + 3 slots: 0x00000209f6b24d38 points into unknown readable memory: 0x00007ffa5e6b7ae0 | e0 7a 6b 5e fa 7f 00 00
stack at sp + 4 slots: 0x00000209f886afe0 points into unknown readable memory: 0x00000209ab862570 | 70 25 86 ab 09 02 00 00
stack at sp + 5 slots: 0x00000209f8869ab0 points into unknown readable memory: 0x00000209ab862570 | 70 25 86 ab 09 02 00 00
stack at sp + 6 slots: 0x0000000000000201 is an unknown value
stack at sp + 7 slots: 0x00000000ffffffff is an unallocated location in the heap


---------------  P R O C E S S  ---------------

Threads class SMR info:
_java_thread_list=0x00000209f52e0ee0, length=58, elements={
0x0000020992e9c9d0, 0x00000209ab86d3b0, 0x00000209ab86ec10, 0x00000209ab86fb20,
0x00000209ab870a30, 0x00000209ab871940, 0x00000209ab8753b0, 0x00000209ab8761e0,
0x00000209ee905140, 0x00000209eeb346b0, 0x00000209eeb43f00, 0x00000209f34409d0,
0x00000209f3838f90, 0x00000209f38f6030, 0x00000209f366ab90, 0x00000209f3c1c060,
0x00000209f3a004c0, 0x00000209f37362d0, 0x00000209f3734f20, 0x00000209f3736960,
0x00000209f3734890, 0x00000209f3737d10, 0x00000209f37355b0, 0x00000209f3736ff0,
0x00000209f3737680, 0x00000209f67d39e0, 0x00000209f67d1fa0, 0x00000209f67d5420,
0x00000209f67d4070, 0x00000209f67d6e60, 0x00000209f67d4d90, 0x00000209f67d2cc0,
0x00000209f67d2630, 0x00000209f67d4700, 0x00000209f67d0560, 0x00000209f67d67d0,
0x00000209f67cfed0, 0x00000209f67d74f0, 0x00000209f67d3350, 0x00000209f67d0bf0,
0x00000209f67d5ab0, 0x00000209f67d1280, 0x00000209f8825680, 0x00000209f88242d0,
0x00000209f8824ff0, 0x00000209f8825d10, 0x00000209f88270c0, 0x00000209f88263a0,
0x00000209f67d1910, 0x00000209f8b90650, 0x00000209f8b94e80, 0x00000209f8b947f0,
0x00000209f8b8f930, 0x00000209f8b8ffc0, 0x00000209f8b92db0, 0x00000209f8b93440,
0x00000209f7fd8420, 0x00000209f9ba2800
}

Java Threads: ( => current thread )
  0x0000020992e9c9d0 JavaThread "main"                              [_thread_blocked, id=3752, stack(0x0000003231600000,0x0000003231700000) (1024K)]
  0x00000209ab86d3b0 JavaThread "Reference Handler"          daemon [_thread_blocked, id=15716, stack(0x0000003231a00000,0x0000003231b00000) (1024K)]
  0x00000209ab86ec10 JavaThread "Finalizer"                  daemon [_thread_blocked, id=21176, stack(0x0000003231b00000,0x0000003231c00000) (1024K)]
  0x00000209ab86fb20 JavaThread "Signal Dispatcher"          daemon [_thread_blocked, id=17300, stack(0x0000003231c00000,0x0000003231d00000) (1024K)]
  0x00000209ab870a30 JavaThread "Attach Listener"            daemon [_thread_blocked, id=11196, stack(0x0000003231d00000,0x0000003231e00000) (1024K)]
  0x00000209ab871940 JavaThread "Service Thread"             daemon [_thread_blocked, id=21564, stack(0x0000003231e00000,0x0000003231f00000) (1024K)]
  0x00000209ab8753b0 JavaThread "Monitor Deflation Thread"   daemon [_thread_blocked, id=23700, stack(0x0000003231f00000,0x0000003232000000) (1024K)]
=>0x00000209ab8761e0 JavaThread "C2 CompilerThread0"         daemon [_thread_in_native, id=7956, stack(0x0000003232000000,0x0000003232100000) (1024K)]
  0x00000209ee905140 JavaThread "C1 CompilerThread0"         daemon [_thread_blocked, id=11892, stack(0x0000003232100000,0x0000003232200000) (1024K)]
  0x00000209eeb346b0 JavaThread "Common-Cleaner"             daemon [_thread_blocked, id=15292, stack(0x0000003232200000,0x0000003232300000) (1024K)]
  0x00000209eeb43f00 JavaThread "Notification Thread"        daemon [_thread_blocked, id=22400, stack(0x0000003232400000,0x0000003232500000) (1024K)]
  0x00000209f34409d0 JavaThread "Active Thread: Equinox Container: 8baa4b76-f167-4ab6-a051-bf95f0873ae0"        [_thread_blocked, id=23848, stack(0x0000003232c00000,0x0000003232d00000) (1024K)]
  0x00000209f3838f90 JavaThread "Refresh Thread: Equinox Container: 8baa4b76-f167-4ab6-a051-bf95f0873ae0" daemon [_thread_blocked, id=22876, stack(0x0000003232d00000,0x0000003232e00000) (1024K)]
  0x00000209f38f6030 JavaThread "Framework Event Dispatcher: Equinox Container: 8baa4b76-f167-4ab6-a051-bf95f0873ae0" daemon [_thread_blocked, id=3496, stack(0x0000003232f00000,0x0000003233000000) (1024K)]
  0x00000209f366ab90 JavaThread "Start Level: Equinox Container: 8baa4b76-f167-4ab6-a051-bf95f0873ae0" daemon [_thread_blocked, id=9640, stack(0x0000003233000000,0x0000003233100000) (1024K)]
  0x00000209f3c1c060 JavaThread "Bundle File Closer"         daemon [_thread_blocked, id=24164, stack(0x0000003233300000,0x0000003233400000) (1024K)]
  0x00000209f3a004c0 JavaThread "SCR Component Actor"        daemon [_thread_blocked, id=4268, stack(0x0000003233400000,0x0000003233500000) (1024K)]
  0x00000209f37362d0 JavaThread "Worker-JM"                         [_thread_blocked, id=2156, stack(0x0000003233500000,0x0000003233600000) (1024K)]
  0x00000209f3734f20 JavaThread "Worker-0"                          [_thread_blocked, id=352, stack(0x0000003233600000,0x0000003233700000) (1024K)]
  0x00000209f3736960 JavaThread "Worker-1"                          [_thread_blocked, id=14808, stack(0x0000003233700000,0x0000003233800000) (1024K)]
  0x00000209f3734890 JavaThread "Java indexing"              daemon [_thread_blocked, id=22676, stack(0x0000003232500000,0x0000003232600000) (1024K)]
  0x00000209f3737d10 JavaThread "JNA Cleaner"                daemon [_thread_blocked, id=7656, stack(0x0000003233900000,0x0000003233a00000) (1024K)]
  0x00000209f37355b0 JavaThread "Worker-2"                          [_thread_blocked, id=24040, stack(0x0000003233c00000,0x0000003233d00000) (1024K)]
  0x00000209f3736ff0 JavaThread "Worker-3"                          [_thread_blocked, id=4724, stack(0x0000003233d00000,0x0000003233e00000) (1024K)]
  0x00000209f3737680 JavaThread "Thread-1"                   daemon [_thread_in_native, id=24192, stack(0x0000003233e00000,0x0000003233f00000) (1024K)]
  0x00000209f67d39e0 JavaThread "Thread-2"                   daemon [_thread_in_native, id=8832, stack(0x0000003233f00000,0x0000003234000000) (1024K)]
  0x00000209f67d1fa0 JavaThread "Thread-3"                   daemon [_thread_in_native, id=21604, stack(0x0000003234000000,0x0000003234100000) (1024K)]
  0x00000209f67d5420 JavaThread "Thread-4"                   daemon [_thread_in_native, id=8108, stack(0x0000003234100000,0x0000003234200000) (1024K)]
  0x00000209f67d4070 JavaThread "Thread-5"                   daemon [_thread_in_native, id=17572, stack(0x0000003234200000,0x0000003234300000) (1024K)]
  0x00000209f67d6e60 JavaThread "Thread-6"                   daemon [_thread_in_native, id=23944, stack(0x0000003234300000,0x0000003234400000) (1024K)]
  0x00000209f67d4d90 JavaThread "Thread-7"                   daemon [_thread_in_native, id=14076, stack(0x0000003234400000,0x0000003234500000) (1024K)]
  0x00000209f67d2cc0 JavaThread "Thread-8"                   daemon [_thread_in_native, id=19180, stack(0x0000003234500000,0x0000003234600000) (1024K)]
  0x00000209f67d2630 JavaThread "Thread-9"                   daemon [_thread_in_native, id=21512, stack(0x0000003234600000,0x0000003234700000) (1024K)]
  0x00000209f67d4700 JavaThread "Thread-10"                  daemon [_thread_in_native, id=4432, stack(0x0000003234700000,0x0000003234800000) (1024K)]
  0x00000209f67d0560 JavaThread "Thread-11"                  daemon [_thread_in_native, id=1660, stack(0x0000003234800000,0x0000003234900000) (1024K)]
  0x00000209f67d67d0 JavaThread "Thread-12"                  daemon [_thread_in_native, id=8028, stack(0x0000003234900000,0x0000003234a00000) (1024K)]
  0x00000209f67cfed0 JavaThread "Thread-13"                  daemon [_thread_in_native, id=4204, stack(0x0000003234a00000,0x0000003234b00000) (1024K)]
  0x00000209f67d74f0 JavaThread "pool-2-thread-1"                   [_thread_blocked, id=3408, stack(0x0000003234b00000,0x0000003234c00000) (1024K)]
  0x00000209f67d3350 JavaThread "WorkspaceEventsHandler"            [_thread_blocked, id=6600, stack(0x0000003234d00000,0x0000003234e00000) (1024K)]
  0x00000209f67d0bf0 JavaThread "pool-1-thread-1"                   [_thread_blocked, id=5344, stack(0x0000003234e00000,0x0000003234f00000) (1024K)]
  0x00000209f67d5ab0 JavaThread "Worker-4"                          [_thread_blocked, id=2872, stack(0x0000003234f00000,0x0000003235000000) (1024K)]
  0x00000209f67d1280 JavaThread "Keep-Alive-Timer"           daemon [_thread_blocked, id=14716, stack(0x0000003235000000,0x0000003235100000) (1024K)]
  0x00000209f8825680 JavaThread "ForkJoinPool.commonPool-worker-1" daemon [_thread_blocked, id=22860, stack(0x0000003235300000,0x0000003235400000) (1024K)]
  0x00000209f88242d0 JavaThread "Worker-5"                          [_thread_blocked, id=19080, stack(0x0000003235100000,0x0000003235200000) (1024K)]
  0x00000209f8824ff0 JavaThread "ForkJoinPool.commonPool-worker-2" daemon [_thread_blocked, id=16832, stack(0x0000003235200000,0x0000003235300000) (1024K)]
  0x00000209f8825d10 JavaThread "ForkJoinPool.commonPool-worker-3" daemon [_thread_blocked, id=21408, stack(0x0000003235400000,0x0000003235500000) (1024K)]
  0x00000209f88270c0 JavaThread "ForkJoinPool.commonPool-worker-4" daemon [_thread_blocked, id=5684, stack(0x0000003235500000,0x0000003235600000) (1024K)]
  0x00000209f88263a0 JavaThread "ForkJoinPool.commonPool-worker-5" daemon [_thread_blocked, id=24832, stack(0x0000003235600000,0x0000003235700000) (1024K)]
  0x00000209f67d1910 JavaThread "ForkJoinPool.commonPool-worker-6" daemon [_thread_blocked, id=9256, stack(0x0000003235700000,0x0000003235800000) (1024K)]
  0x00000209f8b90650 JavaThread "ForkJoinPool.commonPool-worker-7" daemon [_thread_blocked, id=24384, stack(0x0000003235800000,0x0000003235900000) (1024K)]
  0x00000209f8b94e80 JavaThread "ForkJoinPool.commonPool-worker-8" daemon [_thread_blocked, id=24424, stack(0x0000003235900000,0x0000003235a00000) (1024K)]
  0x00000209f8b947f0 JavaThread "ForkJoinPool.commonPool-worker-9" daemon [_thread_blocked, id=21300, stack(0x0000003235a00000,0x0000003235b00000) (1024K)]
  0x00000209f8b8f930 JavaThread "ForkJoinPool.commonPool-worker-10" daemon [_thread_blocked, id=5804, stack(0x0000003235b00000,0x0000003235c00000) (1024K)]
  0x00000209f8b8ffc0 JavaThread "ForkJoinPool.commonPool-worker-11" daemon [_thread_blocked, id=22816, stack(0x0000003235c00000,0x0000003235d00000) (1024K)]
  0x00000209f8b92db0 JavaThread "Compiler Source File Reader" daemon [_thread_blocked, id=2484, stack(0x0000003235e00000,0x0000003235f00000) (1024K)]
  0x00000209f8b93440 JavaThread "Compiler Processing Task"   daemon [_thread_blocked, id=14988, stack(0x0000003235f00000,0x0000003236000000) (1024K)]
  0x00000209f7fd8420 JavaThread "C2 CompilerThread1"         daemon [_thread_blocked, id=10688, stack(0x0000003232300000,0x0000003232400000) (1024K)]
  0x00000209f9ba2800 JavaThread "C2 CompilerThread2"         daemon [_thread_blocked, id=14676, stack(0x0000003233800000,0x0000003233900000) (1024K)]
Total: 58

Other Threads:
  0x00000209ab84f950 VMThread "VM Thread"                           [id=1980, stack(0x0000003231900000,0x0000003231a00000) (1024K)]
  0x0000020992f61880 WatcherThread "VM Periodic Task Thread"        [id=22592, stack(0x0000003231800000,0x0000003231900000) (1024K)]
  0x0000020992eb9cb0 WorkerThread "GC Thread#0"                     [id=14852, stack(0x0000003231700000,0x0000003231800000) (1024K)]
  0x00000209f323d740 WorkerThread "GC Thread#1"                     [id=1480, stack(0x0000003232600000,0x0000003232700000) (1024K)]
  0x00000209f36b1ad0 WorkerThread "GC Thread#2"                     [id=12188, stack(0x0000003232700000,0x0000003232800000) (1024K)]
  0x00000209f36b1e70 WorkerThread "GC Thread#3"                     [id=14460, stack(0x0000003232800000,0x0000003232900000) (1024K)]
  0x00000209f3551f10 WorkerThread "GC Thread#4"                     [id=22004, stack(0x0000003232900000,0x0000003232a00000) (1024K)]
  0x00000209f35522b0 WorkerThread "GC Thread#5"                     [id=25564, stack(0x0000003232a00000,0x0000003232b00000) (1024K)]
  0x00000209f3552650 WorkerThread "GC Thread#6"                     [id=6528, stack(0x0000003232b00000,0x0000003232c00000) (1024K)]
  0x00000209f3839cb0 WorkerThread "GC Thread#7"                     [id=24428, stack(0x0000003232e00000,0x0000003232f00000) (1024K)]
  0x00000209f39e6d80 WorkerThread "GC Thread#8"                     [id=12164, stack(0x0000003233100000,0x0000003233200000) (1024K)]
  0x00000209f39e69e0 WorkerThread "GC Thread#9"                     [id=16484, stack(0x0000003233200000,0x0000003233300000) (1024K)]
Total: 12

Threads with active compile tasks:
C2 CompilerThread0  9241 9413 %     4       org.lombokweb.asm.ClassReader::readCode @ 2187 (5117 bytes)
Total: 1

VM state: not at safepoint (normal execution)

VM Mutex/Monitor currently owned by a thread: None

Heap address: 0x0000000080000000, size: 2048 MB, Compressed Oops mode: 32-bit

CDS archive(s) mapped at: [0x00000209ac000000-0x00000209acba0000-0x00000209acba0000), size 12189696, SharedBaseAddress: 0x00000209ac000000, ArchiveRelocationMode: 1.
Compressed class space mapped at: 0x00000209ad000000-0x00000209ed000000, reserved size: 1073741824
Narrow klass base: 0x00000209ac000000, Narrow klass shift: 0, Narrow klass range: 0x100000000

GC Precious Log:
 CardTable entry size: 512
 CPUs: 12 total, 12 available
 Memory: 32678M
 Large Page Support: Disabled
 NUMA Support: Disabled
 Compressed Oops: Enabled (32-bit)
 Alignments: Space 512K, Generation 512K, Heap 2M
 Heap Min Capacity: 100M
 Heap Initial Capacity: 100M
 Heap Max Capacity: 2G
 Pre-touch: Disabled
 Parallel Workers: 10

Heap:
 PSYoungGen      total 7680K, used 7103K [0x00000000d5580000, 0x00000000d5e80000, 0x0000000100000000)
  eden space 6144K, 97% used [0x00000000d5580000,0x00000000d5b5d8a8,0x00000000d5b80000)
  from space 1536K, 71% used [0x00000000d5b80000,0x00000000d5c92480,0x00000000d5d00000)
  to   space 1536K, 0% used [0x00000000d5d00000,0x00000000d5d00000,0x00000000d5e80000)
 ParOldGen       total 513536K, used 513070K [0x0000000080000000, 0x000000009f580000, 0x00000000d5580000)
  object space 513536K, 99% used [0x0000000080000000,0x000000009f50b9b0,0x000000009f580000)
 Metaspace       used 65826K, committed 67136K, reserved 1114112K
  class space    used 7137K, committed 7680K, reserved 1048576K

Card table byte_map: [0x00000209a6b90000,0x00000209a6fa0000] _byte_map_base: 0x00000209a6790000

Marking Bits: (ParMarkBitMap*) 0x00007ffa5e982460
 Begin Bits: [0x00000209a7250000, 0x00000209a9250000)
 End Bits:   [0x00000209a9250000, 0x00000209ab250000)

Polling page: 0x0000020997980000

Metaspace:

Usage:
  Non-class:     57.31 MB used.
      Class:      6.97 MB used.
       Both:     64.28 MB used.

Virtual space:
  Non-class space:       64.00 MB reserved,      58.06 MB ( 91%) committed,  1 nodes.
      Class space:        1.00 GB reserved,       7.50 MB ( <1%) committed,  1 nodes.
             Both:        1.06 GB reserved,      65.56 MB (  6%) committed. 

Chunk freelists:
   Non-Class:  5.75 MB
       Class:  8.53 MB
        Both:  14.28 MB

MaxMetaspaceSize: unlimited
CompressedClassSpaceSize: 1.00 GB
Initial GC threshold: 21.00 MB
Current GC threshold: 97.31 MB
CDS: on
 - commit_granule_bytes: 65536.
 - commit_granule_words: 8192.
 - virtual_space_node_default_size: 8388608.
 - enlarge_chunks_in_place: 1.
 - use_allocation_guard: 0.


Internal statistics:

num_allocs_failed_limit: 9.
num_arena_births: 982.
num_arena_deaths: 14.
num_vsnodes_births: 2.
num_vsnodes_deaths: 0.
num_space_committed: 1049.
num_space_uncommitted: 0.
num_chunks_returned_to_freelist: 23.
num_chunks_taken_from_freelist: 3784.
num_chunk_merges: 15.
num_chunk_splits: 2341.
num_chunks_enlarged: 1369.
num_inconsistent_stats: 0.

CodeHeap 'non-profiled nmethods': size=120000Kb used=7177Kb max_used=7177Kb free=112823Kb
 bounds [0x000002099f470000, 0x000002099fb80000, 0x00000209a69a0000]
CodeHeap 'profiled nmethods': size=120000Kb used=18808Kb max_used=18808Kb free=101192Kb
 bounds [0x00000209979a0000, 0x0000020998c00000, 0x000002099eed0000]
CodeHeap 'non-nmethods': size=5760Kb used=1474Kb max_used=1543Kb free=4285Kb
 bounds [0x000002099eed0000, 0x000002099f140000, 0x000002099f470000]
CodeCache: size=245760Kb, used=27459Kb, max_used=27528Kb, free=218300Kb
 total_blobs=9506, nmethods=8716, adapters=696, full_count=0
Compilation: enabled, stopped_count=0, restarted_count=0

Compilation events (20 events):
Event: 9.040 Thread 0x00000209ee905140 9434       1       org.eclipse.jdt.internal.core.CompilationUnit::getElementType (2 bytes)
Event: 9.040 Thread 0x00000209ee905140 nmethod 9434 0x000002099fb57e10 code [0x000002099fb57fa0, 0x000002099fb58068]
Event: 9.041 Thread 0x00000209ee905140 9435  s    3       java.lang.StringBuffer::toString (34 bytes)
Event: 9.041 Thread 0x00000209ee905140 nmethod 9435 0x0000020998bfb310 code [0x0000020998bfb4e0, 0x0000020998bfb8b8]
Event: 9.041 Thread 0x00000209ee905140 9436       3       com.google.gson.stream.JsonWriter::closeScope (95 bytes)
Event: 9.041 Thread 0x00000209ee905140 nmethod 9436 0x0000020998bfba10 code [0x0000020998bfbca0, 0x0000020998bfc6a8]
Event: 9.041 Thread 0x00000209ee905140 9437   !   3       com.google.gson.internal.bind.ReflectiveTypeAdapterFactory$Adapter::write (73 bytes)
Event: 9.042 Thread 0x00000209ee905140 nmethod 9437 0x0000020998bfca90 code [0x0000020998bfcd60, 0x0000020998bfdab8]
Event: 9.043 Thread 0x00000209f9ba2800 nmethod 9419 0x000002099fb58110 code [0x000002099fb58300, 0x000002099fb58838]
Event: 9.044 Thread 0x00000209f9ba2800 9433       4       java.lang.StringBuilder::append (10 bytes)
Event: 9.044 Thread 0x00000209f9ba2800 nmethod 9433 0x000002099fb58c10 code [0x000002099fb58da0, 0x000002099fb58e58]
Event: 9.044 Thread 0x00000209f9ba2800 9414       4       org.lombokweb.asm.MethodVisitor::visitMethodInsn (80 bytes)
Event: 9.081 Thread 0x00000209f9ba2800 nmethod 9414 0x000002099fb58f10 code [0x000002099fb59320, 0x000002099fb5b978]
Event: 9.081 Thread 0x00000209f9ba2800 9415       4       org.lombokweb.asm.MethodWriter::visitInsn (115 bytes)
Event: 9.082 Thread 0x00000209f9ba2800 nmethod 9415 0x000002099fb5d590 code [0x000002099fb5d760, 0x000002099fb5d9f8]
Event: 9.082 Thread 0x00000209f9ba2800 9418       4       java.util.Collections::unmodifiableList (51 bytes)
Event: 9.084 Thread 0x00000209f9ba2800 nmethod 9418 0x000002099fb5dc10 code [0x000002099fb5ddc0, 0x000002099fb5dfe8]
Event: 9.084 Thread 0x00000209f9ba2800 9378   !   4       java.io.WinNTFileSystem::resolve (362 bytes)
Event: 9.092 Thread 0x00000209f9ba2800 nmethod 9378 0x000002099fb5e110 code [0x000002099fb5e3a0, 0x000002099fb5f340]
Event: 9.191 Thread 0x00000209f7fd8420 nmethod 9410% 0x000002099fb5fa10 code [0x000002099fb60c40, 0x000002099fb6b368]

GC Heap History (20 events):
Event: 8.434 GC heap before
{Heap before GC invocations=313 (full 3):
 PSYoungGen      total 2560K, used 2559K [0x00000000d5580000, 0x00000000d5b80000, 0x0000000100000000)
  eden space 1536K, 99% used [0x00000000d5580000,0x00000000d56fffe8,0x00000000d5700000)
  from space 1024K, 100% used [0x00000000d5700000,0x00000000d5800000,0x00000000d5800000)
  to   space 2048K, 0% used [0x00000000d5980000,0x00000000d5980000,0x00000000d5b80000)
 ParOldGen       total 498688K, used 498630K [0x0000000080000000, 0x000000009e700000, 0x00000000d5580000)
  object space 498688K, 99% used [0x0000000080000000,0x000000009e6f1910,0x000000009e700000)
 Metaspace       used 64207K, committed 65536K, reserved 1114112K
  class space    used 6982K, committed 7488K, reserved 1048576K
}
Event: 8.435 GC heap after
{Heap after GC invocations=313 (full 3):
 PSYoungGen      total 3584K, used 1088K [0x00000000d5580000, 0x00000000d5b00000, 0x0000000100000000)
  eden space 2048K, 0% used [0x00000000d5580000,0x00000000d5580000,0x00000000d5780000)
  from space 1536K, 70% used [0x00000000d5980000,0x00000000d5a90000,0x00000000d5b00000)
  to   space 1536K, 0% used [0x00000000d5800000,0x00000000d5800000,0x00000000d5980000)
 ParOldGen       total 499712K, used 499534K [0x0000000080000000, 0x000000009e800000, 0x00000000d5580000)
  object space 499712K, 99% used [0x0000000080000000,0x000000009e7d3910,0x000000009e800000)
 Metaspace       used 64207K, committed 65536K, reserved 1114112K
  class space    used 6982K, committed 7488K, reserved 1048576K
}
Event: 8.437 GC heap before
{Heap before GC invocations=314 (full 3):
 PSYoungGen      total 3584K, used 3136K [0x00000000d5580000, 0x00000000d5b00000, 0x0000000100000000)
  eden space 2048K, 100% used [0x00000000d5580000,0x00000000d5780000,0x00000000d5780000)
  from space 1536K, 70% used [0x00000000d5980000,0x00000000d5a90000,0x00000000d5b00000)
  to   space 1536K, 0% used [0x00000000d5800000,0x00000000d5800000,0x00000000d5980000)
 ParOldGen       total 499712K, used 499534K [0x0000000080000000, 0x000000009e800000, 0x00000000d5580000)
  object space 499712K, 99% used [0x0000000080000000,0x000000009e7d3910,0x000000009e800000)
 Metaspace       used 64240K, committed 65600K, reserved 1114112K
  class space    used 6986K, committed 7552K, reserved 1048576K
}
Event: 8.438 GC heap after
{Heap after GC invocations=314 (full 3):
 PSYoungGen      total 4096K, used 1472K [0x00000000d5580000, 0x00000000d5c00000, 0x0000000100000000)
  eden space 2560K, 0% used [0x00000000d5580000,0x00000000d5580000,0x00000000d5800000)
  from space 1536K, 95% used [0x00000000d5800000,0x00000000d5970000,0x00000000d5980000)
  to   space 2048K, 0% used [0x00000000d5a00000,0x00000000d5a00000,0x00000000d5c00000)
 ParOldGen       total 500736K, used 500478K [0x0000000080000000, 0x000000009e900000, 0x00000000d5580000)
  object space 500736K, 99% used [0x0000000080000000,0x000000009e8bf910,0x000000009e900000)
 Metaspace       used 64240K, committed 65600K, reserved 1114112K
  class space    used 6986K, committed 7552K, reserved 1048576K
}
Event: 8.441 GC heap before
{Heap before GC invocations=315 (full 3):
 PSYoungGen      total 4096K, used 4032K [0x00000000d5580000, 0x00000000d5c00000, 0x0000000100000000)
  eden space 2560K, 100% used [0x00000000d5580000,0x00000000d5800000,0x00000000d5800000)
  from space 1536K, 95% used [0x00000000d5800000,0x00000000d5970000,0x00000000d5980000)
  to   space 2048K, 0% used [0x00000000d5a00000,0x00000000d5a00000,0x00000000d5c00000)
 ParOldGen       total 500736K, used 500478K [0x0000000080000000, 0x000000009e900000, 0x00000000d5580000)
  object space 500736K, 99% used [0x0000000080000000,0x000000009e8bf910,0x000000009e900000)
 Metaspace       used 64284K, committed 65664K, reserved 1114112K
  class space    used 6992K, committed 7552K, reserved 1048576K
}
Event: 8.443 GC heap after
{Heap after GC invocations=315 (full 3):
 PSYoungGen      total 4608K, used 1664K [0x00000000d5580000, 0x00000000d5c80000, 0x0000000100000000)
  eden space 2560K, 0% used [0x00000000d5580000,0x00000000d5580000,0x00000000d5800000)
  from space 2048K, 81% used [0x00000000d5a00000,0x00000000d5ba0000,0x00000000d5c00000)
  to   space 2048K, 0% used [0x00000000d5800000,0x00000000d5800000,0x00000000d5a00000)
 ParOldGen       total 502272K, used 501854K [0x0000000080000000, 0x000000009ea80000, 0x00000000d5580000)
  object space 502272K, 99% used [0x0000000080000000,0x000000009ea17910,0x000000009ea80000)
 Metaspace       used 64284K, committed 65664K, reserved 1114112K
  class space    used 6992K, committed 7552K, reserved 1048576K
}
Event: 8.445 GC heap before
{Heap before GC invocations=316 (full 3):
 PSYoungGen      total 4608K, used 4224K [0x00000000d5580000, 0x00000000d5c80000, 0x0000000100000000)
  eden space 2560K, 100% used [0x00000000d5580000,0x00000000d5800000,0x00000000d5800000)
  from space 2048K, 81% used [0x00000000d5a00000,0x00000000d5ba0000,0x00000000d5c00000)
  to   space 2048K, 0% used [0x00000000d5800000,0x00000000d5800000,0x00000000d5a00000)
 ParOldGen       total 502272K, used 501854K [0x0000000080000000, 0x000000009ea80000, 0x00000000d5580000)
  object space 502272K, 99% used [0x0000000080000000,0x000000009ea17910,0x000000009ea80000)
 Metaspace       used 64383K, committed 65728K, reserved 1114112K
  class space    used 6998K, committed 7552K, reserved 1048576K
}
Event: 8.447 GC heap after
{Heap after GC invocations=316 (full 3):
 PSYoungGen      total 4608K, used 1670K [0x00000000d5580000, 0x00000000d5c80000, 0x0000000100000000)
  eden space 2560K, 0% used [0x00000000d5580000,0x00000000d5580000,0x00000000d5800000)
  from space 2048K, 81% used [0x00000000d5800000,0x00000000d59a1b50,0x00000000d5a00000)
  to   space 2048K, 0% used [0x00000000d5a80000,0x00000000d5a80000,0x00000000d5c80000)
 ParOldGen       total 503808K, used 503406K [0x0000000080000000, 0x000000009ec00000, 0x00000000d5580000)
  object space 503808K, 99% used [0x0000000080000000,0x000000009eb9b910,0x000000009ec00000)
 Metaspace       used 64383K, committed 65728K, reserved 1114112K
  class space    used 6998K, committed 7552K, reserved 1048576K
}
Event: 8.449 GC heap before
{Heap before GC invocations=317 (full 3):
 PSYoungGen      total 4608K, used 4230K [0x00000000d5580000, 0x00000000d5c80000, 0x0000000100000000)
  eden space 2560K, 100% used [0x00000000d5580000,0x00000000d5800000,0x00000000d5800000)
  from space 2048K, 81% used [0x00000000d5800000,0x00000000d59a1b50,0x00000000d5a00000)
  to   space 2048K, 0% used [0x00000000d5a80000,0x00000000d5a80000,0x00000000d5c80000)
 ParOldGen       total 503808K, used 503406K [0x0000000080000000, 0x000000009ec00000, 0x00000000d5580000)
  object space 503808K, 99% used [0x0000000080000000,0x000000009eb9b910,0x000000009ec00000)
 Metaspace       used 64420K, committed 65792K, reserved 1114112K
  class space    used 7001K, committed 7552K, reserved 1048576K
}
Event: 8.451 GC heap after
{Heap after GC invocations=317 (full 3):
 PSYoungGen      total 5120K, used 1888K [0x00000000d5580000, 0x00000000d5c80000, 0x0000000100000000)
  eden space 3072K, 0% used [0x00000000d5580000,0x00000000d5580000,0x00000000d5880000)
  from space 2048K, 92% used [0x00000000d5a80000,0x00000000d5c58020,0x00000000d5c80000)
  to   space 2048K, 0% used [0x00000000d5880000,0x00000000d5880000,0x00000000d5a80000)
 ParOldGen       total 504832K, used 504742K [0x0000000080000000, 0x000000009ed00000, 0x00000000d5580000)
  object space 504832K, 99% used [0x0000000080000000,0x000000009ece9930,0x000000009ed00000)
 Metaspace       used 64420K, committed 65792K, reserved 1114112K
  class space    used 7001K, committed 7552K, reserved 1048576K
}
Event: 8.454 GC heap before
{Heap before GC invocations=318 (full 3):
 PSYoungGen      total 5120K, used 4960K [0x00000000d5580000, 0x00000000d5c80000, 0x0000000100000000)
  eden space 3072K, 100% used [0x00000000d5580000,0x00000000d5880000,0x00000000d5880000)
  from space 2048K, 92% used [0x00000000d5a80000,0x00000000d5c58020,0x00000000d5c80000)
  to   space 2048K, 0% used [0x00000000d5880000,0x00000000d5880000,0x00000000d5a80000)
 ParOldGen       total 504832K, used 504742K [0x0000000080000000, 0x000000009ed00000, 0x00000000d5580000)
  object space 504832K, 99% used [0x0000000080000000,0x000000009ece9930,0x000000009ed00000)
 Metaspace       used 64459K, committed 65856K, reserved 1114112K
  class space    used 7004K, committed 7552K, reserved 1048576K
}
Event: 8.455 GC heap after
{Heap after GC invocations=318 (full 3):
 PSYoungGen      total 5120K, used 2048K [0x00000000d5580000, 0x00000000d6280000, 0x0000000100000000)
  eden space 3072K, 0% used [0x00000000d5580000,0x00000000d5580000,0x00000000d5880000)
  from space 2048K, 100% used [0x00000000d5880000,0x00000000d5a80000,0x00000000d5a80000)
  to   space 4608K, 0% used [0x00000000d5e00000,0x00000000d5e00000,0x00000000d6280000)
 ParOldGen       total 506880K, used 506510K [0x0000000080000000, 0x000000009ef00000, 0x00000000d5580000)
  object space 506880K, 99% used [0x0000000080000000,0x000000009eea3950,0x000000009ef00000)
 Metaspace       used 64459K, committed 65856K, reserved 1114112K
  class space    used 7004K, committed 7552K, reserved 1048576K
}
Event: 8.457 GC heap before
{Heap before GC invocations=319 (full 3):
 PSYoungGen      total 5120K, used 5120K [0x00000000d5580000, 0x00000000d6280000, 0x0000000100000000)
  eden space 3072K, 100% used [0x00000000d5580000,0x00000000d5880000,0x00000000d5880000)
  from space 2048K, 100% used [0x00000000d5880000,0x00000000d5a80000,0x00000000d5a80000)
  to   space 4608K, 0% used [0x00000000d5e00000,0x00000000d5e00000,0x00000000d6280000)
 ParOldGen       total 506880K, used 506510K [0x0000000080000000, 0x000000009ef00000, 0x00000000d5580000)
  object space 506880K, 99% used [0x0000000080000000,0x000000009eea3950,0x000000009ef00000)
 Metaspace       used 64462K, committed 65856K, reserved 1114112K
  class space    used 7004K, committed 7552K, reserved 1048576K
}
Event: 8.459 GC heap after
{Heap after GC invocations=319 (full 3):
 PSYoungGen      total 6656K, used 2464K [0x00000000d5580000, 0x00000000d6080000, 0x0000000100000000)
  eden space 4096K, 0% used [0x00000000d5580000,0x00000000d5580000,0x00000000d5980000)
  from space 2560K, 96% used [0x00000000d5e00000,0x00000000d6068000,0x00000000d6080000)
  to   space 3072K, 0% used [0x00000000d5a80000,0x00000000d5a80000,0x00000000d5d80000)
 ParOldGen       total 508928K, used 508502K [0x0000000080000000, 0x000000009f100000, 0x00000000d5580000)
  object space 508928K, 99% used [0x0000000080000000,0x000000009f095950,0x000000009f100000)
 Metaspace       used 64462K, committed 65856K, reserved 1114112K
  class space    used 7004K, committed 7552K, reserved 1048576K
}
Event: 8.598 GC heap before
{Heap before GC invocations=320 (full 3):
 PSYoungGen      total 6656K, used 6559K [0x00000000d5580000, 0x00000000d6080000, 0x0000000100000000)
  eden space 4096K, 99% used [0x00000000d5580000,0x00000000d597fff0,0x00000000d5980000)
  from space 2560K, 96% used [0x00000000d5e00000,0x00000000d6068000,0x00000000d6080000)
  to   space 3072K, 0% used [0x00000000d5a80000,0x00000000d5a80000,0x00000000d5d80000)
 ParOldGen       total 508928K, used 508502K [0x0000000080000000, 0x000000009f100000, 0x00000000d5580000)
  object space 508928K, 99% used [0x0000000080000000,0x000000009f095950,0x000000009f100000)
 Metaspace       used 64512K, committed 65920K, reserved 1114112K
  class space    used 7008K, committed 7552K, reserved 1048576K
}
Event: 8.599 GC heap after
{Heap after GC invocations=320 (full 3):
 PSYoungGen      total 7680K, used 2048K [0x00000000d5580000, 0x00000000d5f80000, 0x0000000100000000)
  eden space 5120K, 0% used [0x00000000d5580000,0x00000000d5580000,0x00000000d5a80000)
  from space 2560K, 80% used [0x00000000d5a80000,0x00000000d5c80020,0x00000000d5d00000)
  to   space 2560K, 0% used [0x00000000d5d00000,0x00000000d5d00000,0x00000000d5f80000)
 ParOldGen       total 510976K, used 510878K [0x0000000080000000, 0x000000009f300000, 0x00000000d5580000)
  object space 510976K, 99% used [0x0000000080000000,0x000000009f2e7950,0x000000009f300000)
 Metaspace       used 64512K, committed 65920K, reserved 1114112K
  class space    used 7008K, committed 7552K, reserved 1048576K
}
Event: 8.904 GC heap before
{Heap before GC invocations=321 (full 3):
 PSYoungGen      total 7680K, used 7166K [0x00000000d5580000, 0x00000000d5f80000, 0x0000000100000000)
  eden space 5120K, 99% used [0x00000000d5580000,0x00000000d5a7f7f0,0x00000000d5a80000)
  from space 2560K, 80% used [0x00000000d5a80000,0x00000000d5c80020,0x00000000d5d00000)
  to   space 2560K, 0% used [0x00000000d5d00000,0x00000000d5d00000,0x00000000d5f80000)
 ParOldGen       total 510976K, used 510878K [0x0000000080000000, 0x000000009f300000, 0x00000000d5580000)
  object space 510976K, 99% used [0x0000000080000000,0x000000009f2e7950,0x000000009f300000)
 Metaspace       used 65067K, committed 66432K, reserved 1114112K
  class space    used 7060K, committed 7616K, reserved 1048576K
}
Event: 8.906 GC heap after
{Heap after GC invocations=321 (full 3):
 PSYoungGen      total 7680K, used 448K [0x00000000d5580000, 0x00000000d5e80000, 0x0000000100000000)
  eden space 6144K, 0% used [0x00000000d5580000,0x00000000d5580000,0x00000000d5b80000)
  from space 1536K, 29% used [0x00000000d5d00000,0x00000000d5d70040,0x00000000d5e80000)
  to   space 1536K, 0% used [0x00000000d5b80000,0x00000000d5b80000,0x00000000d5d00000)
 ParOldGen       total 513024K, used 512806K [0x0000000080000000, 0x000000009f500000, 0x00000000d5580000)
  object space 513024K, 99% used [0x0000000080000000,0x000000009f4c9970,0x000000009f500000)
 Metaspace       used 65067K, committed 66432K, reserved 1114112K
  class space    used 7060K, committed 7616K, reserved 1048576K
}
Event: 8.942 GC heap before
{Heap before GC invocations=322 (full 3):
 PSYoungGen      total 7680K, used 6592K [0x00000000d5580000, 0x00000000d5e80000, 0x0000000100000000)
  eden space 6144K, 100% used [0x00000000d5580000,0x00000000d5b80000,0x00000000d5b80000)
  from space 1536K, 29% used [0x00000000d5d00000,0x00000000d5d70040,0x00000000d5e80000)
  to   space 1536K, 0% used [0x00000000d5b80000,0x00000000d5b80000,0x00000000d5d00000)
 ParOldGen       total 513024K, used 512806K [0x0000000080000000, 0x000000009f500000, 0x00000000d5580000)
  object space 513024K, 99% used [0x0000000080000000,0x000000009f4c9970,0x000000009f500000)
 Metaspace       used 65593K, committed 66944K, reserved 1114112K
  class space    used 7120K, committed 7680K, reserved 1048576K
}
Event: 8.943 GC heap after
{Heap after GC invocations=322 (full 3):
 PSYoungGen      total 7680K, used 1097K [0x00000000d5580000, 0x00000000d5e80000, 0x0000000100000000)
  eden space 6144K, 0% used [0x00000000d5580000,0x00000000d5580000,0x00000000d5b80000)
  from space 1536K, 71% used [0x00000000d5b80000,0x00000000d5c92480,0x00000000d5d00000)
  to   space 1536K, 0% used [0x00000000d5d00000,0x00000000d5d00000,0x00000000d5e80000)
 ParOldGen       total 513536K, used 513070K [0x0000000080000000, 0x000000009f580000, 0x00000000d5580000)
  object space 513536K, 99% used [0x0000000080000000,0x000000009f50b9b0,0x000000009f580000)
 Metaspace       used 65593K, committed 66944K, reserved 1114112K
  class space    used 7120K, committed 7680K, reserved 1048576K
}

Dll operation events (14 events):
Event: 0.005 Loaded shared library c:\Users\Achraf\.vscode\extensions\redhat.java-1.50.0-win32-x64\jre\21.0.9-win32-x86_64\bin\java.dll
Event: 0.047 Loaded shared library c:\Users\Achraf\.vscode\extensions\redhat.java-1.50.0-win32-x64\jre\21.0.9-win32-x86_64\bin\zip.dll
Event: 0.059 Loaded shared library C:\Users\Achraf\.vscode\extensions\redhat.java-1.50.0-win32-x64\jre\21.0.9-win32-x86_64\bin\instrument.dll
Event: 0.062 Loaded shared library C:\Users\Achraf\.vscode\extensions\redhat.java-1.50.0-win32-x64\jre\21.0.9-win32-x86_64\bin\net.dll
Event: 0.063 Loaded shared library C:\Users\Achraf\.vscode\extensions\redhat.java-1.50.0-win32-x64\jre\21.0.9-win32-x86_64\bin\nio.dll
Event: 0.065 Loaded shared library C:\Users\Achraf\.vscode\extensions\redhat.java-1.50.0-win32-x64\jre\21.0.9-win32-x86_64\bin\zip.dll
Event: 0.077 Loaded shared library C:\Users\Achraf\.vscode\extensions\redhat.java-1.50.0-win32-x64\jre\21.0.9-win32-x86_64\bin\jimage.dll
Event: 0.119 Loaded shared library c:\Users\Achraf\.vscode\extensions\redhat.java-1.50.0-win32-x64\jre\21.0.9-win32-x86_64\bin\verify.dll
Event: 0.757 Loaded shared library C:\Users\Achraf\AppData\Roaming\Code\User\globalStorage\redhat.java\1.50.0\config_win\org.eclipse.equinox.launcher\org.eclipse.equinox.launcher.win32.win32.x86_64_1.2.1400.v20250801-0854\eclipse_11916.dll
Event: 1.299 Loaded shared library C:\Users\Achraf\.vscode\extensions\redhat.java-1.50.0-win32-x64\jre\21.0.9-win32-x86_64\bin\management.dll
Event: 1.301 Loaded shared library C:\Users\Achraf\.vscode\extensions\redhat.java-1.50.0-win32-x64\jre\21.0.9-win32-x86_64\bin\management_ext.dll
Event: 2.129 Loaded shared library C:\Users\Achraf\AppData\Local\Temp\jna-1955534321\jna8788017493343367369.dll
Event: 2.184 Loaded shared library C:\Users\Achraf\.vscode\extensions\redhat.java-1.50.0-win32-x64\jre\21.0.9-win32-x86_64\bin\sunmscapi.dll
Event: 2.372 Loaded shared library C:\Users\Achraf\.vscode\extensions\redhat.java-1.50.0-win32-x64\jre\21.0.9-win32-x86_64\bin\extnet.dll

Deoptimization events (20 events):
Event: 8.938 Thread 0x00000209f8b947f0 DEOPT PACKING pc=0x000002099faf0a84 sp=0x0000003235af91b0
Event: 8.938 Thread 0x00000209f8b947f0 DEOPT UNPACKING pc=0x000002099ef23aa2 sp=0x0000003235af91a8 mode 2
Event: 8.939 Thread 0x00000209f8b947f0 Uncommon trap: trap_request=0xffffffde fr.pc=0x000002099faf0a84 relative=0x0000000000000be4
Event: 8.939 Thread 0x00000209f8b947f0 Uncommon trap: reason=class_check action=maybe_recompile pc=0x000002099faf0a84 method=java.io.FilterInputStream.read([B)I @ 5 c2
Event: 8.939 Thread 0x00000209f8b947f0 DEOPT PACKING pc=0x000002099faf0a84 sp=0x0000003235af91b0
Event: 8.939 Thread 0x00000209f8b947f0 DEOPT UNPACKING pc=0x000002099ef23aa2 sp=0x0000003235af91a8 mode 2
Event: 8.941 Thread 0x00000209f8b947f0 Uncommon trap: trap_request=0xffffffde fr.pc=0x000002099faf0a84 relative=0x0000000000000be4
Event: 8.941 Thread 0x00000209f8b947f0 Uncommon trap: reason=class_check action=maybe_recompile pc=0x000002099faf0a84 method=java.io.FilterInputStream.read([B)I @ 5 c2
Event: 8.941 Thread 0x00000209f8b947f0 DEOPT PACKING pc=0x000002099faf0a84 sp=0x0000003235afc300
Event: 8.941 Thread 0x00000209f8b947f0 DEOPT UNPACKING pc=0x000002099ef23aa2 sp=0x0000003235afc2f8 mode 2
Event: 8.941 Thread 0x00000209f8b947f0 Uncommon trap: trap_request=0xffffffde fr.pc=0x000002099faf0a84 relative=0x0000000000000be4
Event: 8.941 Thread 0x00000209f8b947f0 Uncommon trap: reason=class_check action=maybe_recompile pc=0x000002099faf0a84 method=java.io.FilterInputStream.read([B)I @ 5 c2
Event: 8.941 Thread 0x00000209f8b947f0 DEOPT PACKING pc=0x000002099faf0a84 sp=0x0000003235afc300
Event: 8.941 Thread 0x00000209f8b947f0 DEOPT UNPACKING pc=0x000002099ef23aa2 sp=0x0000003235afc2f8 mode 2
Event: 8.944 Thread 0x00000209f8b947f0 Uncommon trap: trap_request=0xffffff45 fr.pc=0x000002099fad277c relative=0x000000000000037c
Event: 8.944 Thread 0x00000209f8b947f0 Uncommon trap: reason=unstable_if action=reinterpret pc=0x000002099fad277c method=org.lombokweb.asm.SymbolTable.addConstantUtf8Reference(ILjava/lang/String;)Lorg/lombokweb/asm/Symbol; @ 45 c2
Event: 8.944 Thread 0x00000209f8b947f0 DEOPT PACKING pc=0x000002099fad277c sp=0x0000003235af8730
Event: 8.944 Thread 0x00000209f8b947f0 DEOPT UNPACKING pc=0x000002099ef23aa2 sp=0x0000003235af86b8 mode 2
Event: 8.945 Thread 0x00000209f8b947f0 DEOPT PACKING pc=0x00000209987f38f0 sp=0x0000003235af89c0
Event: 8.945 Thread 0x00000209f8b947f0 DEOPT UNPACKING pc=0x000002099ef24242 sp=0x0000003235af80d0 mode 0

Classes loaded (20 events):
Event: 8.324 Loading class java/nio/charset/CharacterCodingException
Event: 8.324 Loading class java/nio/charset/CharacterCodingException done
Event: 8.324 Loading class java/io/SequenceInputStream
Event: 8.324 Loading class java/io/SequenceInputStream done
Event: 8.332 Loading class java/util/zip/GZIPInputStream$1
Event: 8.332 Loading class java/util/zip/GZIPInputStream$1 done
Event: 8.370 Loading class java/util/stream/ReduceOps$4
Event: 8.370 Loading class java/util/stream/ReduceOps$4 done
Event: 8.370 Loading class java/util/stream/ReduceOps$4ReducingSink
Event: 8.370 Loading class java/util/stream/ReduceOps$4ReducingSink done
Event: 8.405 Loading class java/util/stream/DistinctOps
Event: 8.406 Loading class java/util/stream/DistinctOps done
Event: 8.406 Loading class java/util/stream/DistinctOps$1
Event: 8.406 Loading class java/util/stream/DistinctOps$1 done
Event: 8.408 Loading class java/util/stream/DistinctOps$1$2
Event: 8.408 Loading class java/util/stream/DistinctOps$1$2 done
Event: 8.421 Loading class java/nio/file/Files$2
Event: 8.421 Loading class java/nio/file/Files$2 done
Event: 8.422 Loading class java/util/concurrent/ArrayBlockingQueue
Event: 8.422 Loading class java/util/concurrent/ArrayBlockingQueue done

Classes unloaded (7 events):
Event: 1.696 Thread 0x00000209ab84f950 Unloading class 0x00000209ad1a9400 'java/lang/invoke/LambdaForm$MH+0x00000209ad1a9400'
Event: 1.696 Thread 0x00000209ab84f950 Unloading class 0x00000209ad1a9000 'java/lang/invoke/LambdaForm$MH+0x00000209ad1a9000'
Event: 1.696 Thread 0x00000209ab84f950 Unloading class 0x00000209ad1a8c00 'java/lang/invoke/LambdaForm$MH+0x00000209ad1a8c00'
Event: 1.696 Thread 0x00000209ab84f950 Unloading class 0x00000209ad1a8800 'java/lang/invoke/LambdaForm$MH+0x00000209ad1a8800'
Event: 1.696 Thread 0x00000209ab84f950 Unloading class 0x00000209ad1a8400 'java/lang/invoke/LambdaForm$BMH+0x00000209ad1a8400'
Event: 1.696 Thread 0x00000209ab84f950 Unloading class 0x00000209ad1a8000 'java/lang/invoke/LambdaForm$DMH+0x00000209ad1a8000'
Event: 1.696 Thread 0x00000209ab84f950 Unloading class 0x00000209ad1a6c00 'java/lang/invoke/LambdaForm$DMH+0x00000209ad1a6c00'

Classes redefined (0 events):
No events

Internal exceptions (20 events):
Event: 8.344 Thread 0x00000209f67d0bf0 Exception <a 'java/lang/NullPointerException'{0x00000000d59a02b8}> (0x00000000d59a02b8) 
thrown [s\src\hotspot\share\interpreter\linkResolver.cpp, line 1372]
Event: 8.395 Thread 0x00000209f3734890 Exception <a 'java/lang/NullPointerException'{0x00000000d59726d0}> (0x00000000d59726d0) 
thrown [s\src\hotspot\share\interpreter\linkResolver.cpp, line 1372]
Event: 8.395 Thread 0x00000209f3734890 Exception <a 'java/lang/NullPointerException'{0x00000000d5972b90}> (0x00000000d5972b90) 
thrown [s\src\hotspot\share\interpreter\linkResolver.cpp, line 1372]
Event: 8.400 Thread 0x00000209f67d0bf0 Exception <a 'java/lang/IncompatibleClassChangeError'{0x00000000d56046a8}: Found class java.lang.Object, but interface was expected> (0x00000000d56046a8) 
thrown [s\src\hotspot\share\interpreter\linkResolver.cpp, line 840]
Event: 8.401 Thread 0x00000209f3736ff0 Exception <a 'java/lang/NullPointerException'{0x00000000d566c168}> (0x00000000d566c168) 
thrown [s\src\hotspot\share\interpreter\linkResolver.cpp, line 1372]
Event: 8.401 Thread 0x00000209f3736ff0 Exception <a 'java/lang/NullPointerException'{0x00000000d56cded0}> (0x00000000d56cded0) 
thrown [s\src\hotspot\share\interpreter\linkResolver.cpp, line 1372]
Event: 8.415 Thread 0x00000209f8b8ffc0 Exception <a 'java/lang/NoSuchMethodError'{0x00000000d585e850}: 'java.lang.Object java.lang.invoke.DirectMethodHandle$Holder.invokeStaticInit(java.lang.Object, java.lang.Object, java.lang.Object)'> (0x00000000d585e850) 
thrown [s\src\hotspot\share\interpreter\linkResolver.cpp, line 773]
Event: 8.440 Thread 0x00000209f8825680 Exception <a 'sun/nio/fs/WindowsException'{0x00000000d5607588}> (0x00000000d5607588) 
thrown [s\src\hotspot\share\prims\jni.cpp, line 520]
Event: 8.440 Thread 0x00000209f8825680 Exception <a 'sun/nio/fs/WindowsException'{0x00000000d563f420}> (0x00000000d563f420) 
thrown [s\src\hotspot\share\prims\jni.cpp, line 520]
Event: 8.440 Thread 0x00000209f8825680 Exception <a 'sun/nio/fs/WindowsException'{0x00000000d56a6bf8}> (0x00000000d56a6bf8) 
thrown [s\src\hotspot\share\prims\jni.cpp, line 520]
Event: 8.440 Thread 0x00000209f8825680 Exception <a 'sun/nio/fs/WindowsException'{0x00000000d56cb850}> (0x00000000d56cb850) 
thrown [s\src\hotspot\share\prims\jni.cpp, line 520]
Event: 8.441 Thread 0x00000209f8825680 Exception <a 'sun/nio/fs/WindowsException'{0x00000000d5736a18}> (0x00000000d5736a18) 
thrown [s\src\hotspot\share\prims\jni.cpp, line 520]
Event: 8.441 Thread 0x00000209f8825680 Exception <a 'sun/nio/fs/WindowsException'{0x00000000d575ffd0}> (0x00000000d575ffd0) 
thrown [s\src\hotspot\share\prims\jni.cpp, line 520]
Event: 8.441 Thread 0x00000209f8825680 Exception <a 'sun/nio/fs/WindowsException'{0x00000000d57756a8}> (0x00000000d57756a8) 
thrown [s\src\hotspot\share\prims\jni.cpp, line 520]
Event: 8.441 Thread 0x00000209f8825680 Exception <a 'sun/nio/fs/WindowsException'{0x00000000d57b10a0}> (0x00000000d57b10a0) 
thrown [s\src\hotspot\share\prims\jni.cpp, line 520]
Event: 8.444 Thread 0x00000209f8824ff0 Exception <a 'java/lang/NoSuchMethodError'{0x00000000d5615a88}: 'java.lang.Object java.lang.invoke.DirectMethodHandle$Holder.invokeSpecial(java.lang.Object, java.lang.Object, java.lang.Object, java.lang.Object, int, java.lang.Object, java.lang.Object)'> (0x00000000d5615a88) 
thrown [s\src\hotspot\share\interpreter\linkResolver.cpp, line 773]
Event: 8.449 Thread 0x00000209f88270c0 Exception <a 'java/lang/ArrayIndexOutOfBoundsException'{0x00000000d56dd7f8}: Index 919 out of bounds for length 918> (0x00000000d56dd7f8) 
thrown [s\src\hotspot\share\interpreter\interpreterRuntime.cpp, line 439]
Event: 8.595 Thread 0x00000209f67d0bf0 Exception <a 'java/lang/IncompatibleClassChangeError'{0x00000000d5928318}: Found class java.lang.Object, but interface was expected> (0x00000000d5928318) 
thrown [s\src\hotspot\share\interpreter\linkResolver.cpp, line 840]
Event: 8.891 Thread 0x00000209f37355b0 Exception <a 'java/lang/NoSuchMethodError'{0x00000000d57b5ce8}: 'java.lang.Object java.lang.invoke.DirectMethodHandle$Holder.invokeSpecial(java.lang.Object, java.lang.Object, int, long)'> (0x00000000d57b5ce8) 
thrown [s\src\hotspot\share\interpreter\linkResolver.cpp, line 773]
Event: 8.897 Thread 0x00000209f67d1910 Exception <a 'java/lang/ArrayIndexOutOfBoundsException'{0x00000000d58c84d8}: Index 919 out of bounds for length 918> (0x00000000d58c84d8) 
thrown [s\src\hotspot\share\interpreter\interpreterRuntime.cpp, line 439]

ZGC Phase Switch (0 events):
No events

VM Operations (20 events):
Event: 8.441 Executing VM operation: ParallelGCFailedAllocation (Allocation Failure)
Event: 8.443 Executing VM operation: ParallelGCFailedAllocation (Allocation Failure) done
Event: 8.445 Executing VM operation: ParallelGCFailedAllocation (Allocation Failure)
Event: 8.447 Executing VM operation: ParallelGCFailedAllocation (Allocation Failure) done
Event: 8.449 Executing VM operation: ParallelGCFailedAllocation (Allocation Failure)
Event: 8.451 Executing VM operation: ParallelGCFailedAllocation (Allocation Failure) done
Event: 8.454 Executing VM operation: ParallelGCFailedAllocation (Allocation Failure)
Event: 8.455 Executing VM operation: ParallelGCFailedAllocation (Allocation Failure) done
Event: 8.457 Executing VM operation: ParallelGCFailedAllocation (Allocation Failure)
Event: 8.459 Executing VM operation: ParallelGCFailedAllocation (Allocation Failure) done
Event: 8.598 Executing VM operation: ParallelGCFailedAllocation (Allocation Failure)
Event: 8.599 Executing VM operation: ParallelGCFailedAllocation (Allocation Failure) done
Event: 8.896 Executing VM operation: HandshakeAllThreads (Deoptimize)
Event: 8.896 Executing VM operation: HandshakeAllThreads (Deoptimize) done
Event: 8.897 Executing VM operation: HandshakeAllThreads (Deoptimize)
Event: 8.897 Executing VM operation: HandshakeAllThreads (Deoptimize) done
Event: 8.904 Executing VM operation: ParallelGCFailedAllocation (Allocation Failure)
Event: 8.906 Executing VM operation: ParallelGCFailedAllocation (Allocation Failure) done
Event: 8.942 Executing VM operation: ParallelGCFailedAllocation (Allocation Failure)
Event: 8.943 Executing VM operation: ParallelGCFailedAllocation (Allocation Failure) done

Memory protections (0 events):
No events

Nmethod flushes (20 events):
Event: 4.959 Thread 0x00000209ab84f950 flushing  nmethod 0x000002099812a010
Event: 4.959 Thread 0x00000209ab84f950 flushing  nmethod 0x000002099812aa90
Event: 4.959 Thread 0x00000209ab84f950 flushing  nmethod 0x000002099812eb90
Event: 4.959 Thread 0x00000209ab84f950 flushing  nmethod 0x000002099812f290
Event: 4.959 Thread 0x00000209ab84f950 flushing  nmethod 0x0000020998137590
Event: 4.959 Thread 0x00000209ab84f950 flushing  nmethod 0x0000020998166290
Event: 4.959 Thread 0x00000209ab84f950 flushing  nmethod 0x000002099816fd90
Event: 4.959 Thread 0x00000209ab84f950 flushing  nmethod 0x0000020998171690
Event: 4.959 Thread 0x00000209ab84f950 flushing  nmethod 0x0000020998171f10
Event: 4.959 Thread 0x00000209ab84f950 flushing  nmethod 0x0000020998172610
Event: 4.959 Thread 0x00000209ab84f950 flushing  nmethod 0x0000020998173010
Event: 4.959 Thread 0x00000209ab84f950 flushing  nmethod 0x0000020998175210
Event: 4.959 Thread 0x00000209ab84f950 flushing  nmethod 0x000002099818de90
Event: 4.959 Thread 0x00000209ab84f950 flushing  nmethod 0x000002099819d610
Event: 4.959 Thread 0x00000209ab84f950 flushing  nmethod 0x000002099819e110
Event: 4.959 Thread 0x00000209ab84f950 flushing  nmethod 0x00000209981a5390
Event: 4.959 Thread 0x00000209ab84f950 flushing  nmethod 0x00000209981ad410
Event: 4.959 Thread 0x00000209ab84f950 flushing  nmethod 0x0000020998208990
Event: 4.959 Thread 0x00000209ab84f950 flushing  nmethod 0x000002099823ec10
Event: 4.959 Thread 0x00000209ab84f950 flushing  nmethod 0x0000020998249810

Events (20 events):
Event: 8.176 Thread 0x00000209ee905140 Thread added: 0x00000209f7fd8420
Event: 8.184 Thread 0x00000209ee905140 Thread added: 0x00000209f73326e0
Event: 8.261 Thread 0x00000209f67d5ab0 Thread added: 0x00000209f8824ff0
Event: 8.261 Thread 0x00000209f67d0bf0 Thread added: 0x00000209f8825d10
Event: 8.261 Thread 0x00000209f8824ff0 Thread added: 0x00000209f88270c0
Event: 8.261 Thread 0x00000209f67d0bf0 Thread added: 0x00000209f88263a0
Event: 8.262 Thread 0x00000209f88270c0 Thread added: 0x00000209f67d1910
Event: 8.262 Thread 0x00000209f67d0bf0 Thread added: 0x00000209f8b90650
Event: 8.263 Thread 0x00000209f67d0bf0 Thread added: 0x00000209f8b94e80
Event: 8.265 Thread 0x00000209f67d0bf0 Thread added: 0x00000209f8b947f0
Event: 8.266 Thread 0x00000209f67d0bf0 Thread added: 0x00000209f8b8f930
Event: 8.267 Thread 0x00000209f67d0bf0 Thread added: 0x00000209f8b8ffc0
Event: 8.267 Thread 0x00000209f8b94e80 Thread added: 0x00000209f8b92720
Event: 8.397 Thread 0x00000209f3736ff0 Thread added: 0x00000209f8b92db0
Event: 8.424 Thread 0x00000209f3736ff0 Thread added: 0x00000209f8b93440
Event: 8.462 Thread 0x00000209f8b92720 Thread exited: 0x00000209f8b92720
Event: 8.594 Thread 0x00000209f73326e0 Thread exited: 0x00000209f73326e0
Event: 8.792 Thread 0x00000209f7fd8420 Thread exited: 0x00000209f7fd8420
Event: 8.902 Thread 0x00000209ee905140 Thread added: 0x00000209f7fd8420
Event: 8.918 Thread 0x00000209f7fd8420 Thread added: 0x00000209f9ba2800


Dynamic libraries:
0x00007ff68cdf0000 - 0x00007ff68cdfe000 	c:\Users\Achraf\.vscode\extensions\redhat.java-1.50.0-win32-x64\jre\21.0.9-win32-x86_64\bin\java.exe
0x00007ffb1f830000 - 0x00007ffb1fa28000 	C:\WINDOWS\SYSTEM32\ntdll.dll
0x00007ffb1f730000 - 0x00007ffb1f7ed000 	C:\WINDOWS\System32\KERNEL32.DLL
0x00007ffb1d2a0000 - 0x00007ffb1d596000 	C:\WINDOWS\System32\KERNELBASE.dll
0x00007ffb1d070000 - 0x00007ffb1d170000 	C:\WINDOWS\System32\ucrtbase.dll
0x00007ffae7d20000 - 0x00007ffae7d3e000 	c:\Users\Achraf\.vscode\extensions\redhat.java-1.50.0-win32-x64\jre\21.0.9-win32-x86_64\bin\VCRUNTIME140.dll
0x00007ffaf5d30000 - 0x00007ffaf5d48000 	c:\Users\Achraf\.vscode\extensions\redhat.java-1.50.0-win32-x64\jre\21.0.9-win32-x86_64\bin\jli.dll
0x00007ffb1f590000 - 0x00007ffb1f72e000 	C:\WINDOWS\System32\USER32.dll
0x00007ffb1d220000 - 0x00007ffb1d242000 	C:\WINDOWS\System32\win32u.dll
0x00007ffb1c2f0000 - 0x00007ffb1c58a000 	C:\WINDOWS\WinSxS\amd64_microsoft.windows.common-controls_6595b64144ccf1df_6.0.19041.3636_none_60b6a03d71f818d5\COMCTL32.dll
0x00007ffb1e440000 - 0x00007ffb1e46c000 	C:\WINDOWS\System32\GDI32.dll
0x00007ffb1e520000 - 0x00007ffb1e5be000 	C:\WINDOWS\System32\msvcrt.dll
0x00007ffb1d5a0000 - 0x00007ffb1d6ba000 	C:\WINDOWS\System32\gdi32full.dll
0x00007ffb1d6c0000 - 0x00007ffb1d75d000 	C:\WINDOWS\System32\msvcp_win.dll
0x00007ffb1e690000 - 0x00007ffb1e6c0000 	C:\WINDOWS\System32\IMM32.DLL
0x00007ffb097d0000 - 0x00007ffb097dc000 	c:\Users\Achraf\.vscode\extensions\redhat.java-1.50.0-win32-x64\jre\21.0.9-win32-x86_64\bin\vcruntime140_1.dll
0x00007ffa81bf0000 - 0x00007ffa81c7d000 	c:\Users\Achraf\.vscode\extensions\redhat.java-1.50.0-win32-x64\jre\21.0.9-win32-x86_64\bin\msvcp140.dll
0x00007ffa5dcc0000 - 0x00007ffa5ea60000 	c:\Users\Achraf\.vscode\extensions\redhat.java-1.50.0-win32-x64\jre\21.0.9-win32-x86_64\bin\server\jvm.dll
0x00007ffb1e390000 - 0x00007ffb1e43f000 	C:\WINDOWS\System32\ADVAPI32.dll
0x00007ffb1e470000 - 0x00007ffb1e50c000 	C:\WINDOWS\System32\sechost.dll
0x00007ffb1e6c0000 - 0x00007ffb1e7e6000 	C:\WINDOWS\System32\RPCRT4.dll
0x00007ffb1f520000 - 0x00007ffb1f58b000 	C:\WINDOWS\System32\WS2_32.dll
0x00007ffb1cb10000 - 0x00007ffb1cb5b000 	C:\WINDOWS\SYSTEM32\POWRPROF.dll
0x00007ffb0f750000 - 0x00007ffb0f777000 	C:\WINDOWS\SYSTEM32\WINMM.dll
0x00007ffb15be0000 - 0x00007ffb15bea000 	C:\WINDOWS\SYSTEM32\VERSION.dll
0x00007ffb1c590000 - 0x00007ffb1c5a2000 	C:\WINDOWS\SYSTEM32\UMPDC.dll
0x00007ffb1a780000 - 0x00007ffb1a792000 	C:\WINDOWS\SYSTEM32\kernel.appcore.dll
0x00007ffafcb00000 - 0x00007ffafcb0a000 	c:\Users\Achraf\.vscode\extensions\redhat.java-1.50.0-win32-x64\jre\21.0.9-win32-x86_64\bin\jimage.dll
0x00007ffb1c920000 - 0x00007ffb1cb04000 	C:\WINDOWS\SYSTEM32\DBGHELP.DLL
0x00007ffb1c6c0000 - 0x00007ffb1c6f4000 	C:\WINDOWS\SYSTEM32\dbgcore.DLL
0x00007ffb1d800000 - 0x00007ffb1d882000 	C:\WINDOWS\System32\bcryptPrimitives.dll
0x00007ffafc940000 - 0x00007ffafc94f000 	c:\Users\Achraf\.vscode\extensions\redhat.java-1.50.0-win32-x64\jre\21.0.9-win32-x86_64\bin\instrument.dll
0x00007ffae7d00000 - 0x00007ffae7d20000 	c:\Users\Achraf\.vscode\extensions\redhat.java-1.50.0-win32-x64\jre\21.0.9-win32-x86_64\bin\java.dll
0x00007ffb1d9d0000 - 0x00007ffb1e115000 	C:\WINDOWS\System32\SHELL32.dll
0x00007ffb1a980000 - 0x00007ffb1b11b000 	C:\WINDOWS\SYSTEM32\windows.storage.dll
0x00007ffb1ef70000 - 0x00007ffb1f2c4000 	C:\WINDOWS\System32\combase.dll
0x00007ffb1c250000 - 0x00007ffb1c27d000 	C:\WINDOWS\SYSTEM32\Wldp.dll
0x00007ffb1e2d0000 - 0x00007ffb1e37d000 	C:\WINDOWS\System32\SHCORE.dll
0x00007ffb1edb0000 - 0x00007ffb1ee05000 	C:\WINDOWS\System32\shlwapi.dll
0x00007ffb1ce40000 - 0x00007ffb1ce65000 	C:\WINDOWS\SYSTEM32\profapi.dll
0x00007ffae7ce0000 - 0x00007ffae7cf8000 	c:\Users\Achraf\.vscode\extensions\redhat.java-1.50.0-win32-x64\jre\21.0.9-win32-x86_64\bin\zip.dll
0x00007ffafc850000 - 0x00007ffafc860000 	C:\Users\Achraf\.vscode\extensions\redhat.java-1.50.0-win32-x64\jre\21.0.9-win32-x86_64\bin\net.dll
0x00007ffb15ac0000 - 0x00007ffb15bca000 	C:\WINDOWS\SYSTEM32\WINHTTP.dll
0x00007ffb1bf30000 - 0x00007ffb1bf9a000 	C:\WINDOWS\system32\mswsock.dll
0x00007ffae6a10000 - 0x00007ffae6a26000 	C:\Users\Achraf\.vscode\extensions\redhat.java-1.50.0-win32-x64\jre\21.0.9-win32-x86_64\bin\nio.dll
0x00007ffafa8f0000 - 0x00007ffafa900000 	c:\Users\Achraf\.vscode\extensions\redhat.java-1.50.0-win32-x64\jre\21.0.9-win32-x86_64\bin\verify.dll
0x00007ffa77c70000 - 0x00007ffa77cb4000 	C:\Users\Achraf\AppData\Roaming\Code\User\globalStorage\redhat.java\1.50.0\config_win\org.eclipse.equinox.launcher\org.eclipse.equinox.launcher.win32.win32.x86_64_1.2.1400.v20250801-0854\eclipse_11916.dll
0x00007ffb1f3f0000 - 0x00007ffb1f51b000 	C:\WINDOWS\System32\ole32.dll
0x00007ffafa490000 - 0x00007ffafa49a000 	C:\Users\Achraf\.vscode\extensions\redhat.java-1.50.0-win32-x64\jre\21.0.9-win32-x86_64\bin\management.dll
0x00007ffaf9430000 - 0x00007ffaf943c000 	C:\Users\Achraf\.vscode\extensions\redhat.java-1.50.0-win32-x64\jre\21.0.9-win32-x86_64\bin\management_ext.dll
0x00007ffb1e380000 - 0x00007ffb1e388000 	C:\WINDOWS\System32\PSAPI.DLL
0x00007ffb1cc80000 - 0x00007ffb1cc98000 	C:\WINDOWS\SYSTEM32\CRYPTSP.dll
0x00007ffb1b8e0000 - 0x00007ffb1b914000 	C:\WINDOWS\system32\rsaenh.dll
0x00007ffb1d7d0000 - 0x00007ffb1d7f7000 	C:\WINDOWS\System32\bcrypt.dll
0x00007ffb1ce00000 - 0x00007ffb1ce2e000 	C:\WINDOWS\SYSTEM32\USERENV.dll
0x00007ffb1c160000 - 0x00007ffb1c16c000 	C:\WINDOWS\SYSTEM32\CRYPTBASE.dll
0x00007ffb1bc40000 - 0x00007ffb1bc7b000 	C:\WINDOWS\SYSTEM32\IPHLPAPI.DLL
0x00007ffb1e8b0000 - 0x00007ffb1e8b8000 	C:\WINDOWS\System32\NSI.dll
0x00007ffa745d0000 - 0x00007ffa74619000 	C:\Users\Achraf\AppData\Local\Temp\jna-1955534321\jna8788017493343367369.dll
0x00007ffb164a0000 - 0x00007ffb164b7000 	C:\WINDOWS\SYSTEM32\dhcpcsvc6.DLL
0x00007ffb16480000 - 0x00007ffb1649d000 	C:\WINDOWS\SYSTEM32\dhcpcsvc.DLL
0x00007ffaf4140000 - 0x00007ffaf414e000 	C:\Users\Achraf\.vscode\extensions\redhat.java-1.50.0-win32-x64\jre\21.0.9-win32-x86_64\bin\sunmscapi.dll
0x00007ffb1cf10000 - 0x00007ffb1d06d000 	C:\WINDOWS\System32\CRYPT32.dll
0x00007ffb1c2c0000 - 0x00007ffb1c2e7000 	C:\WINDOWS\SYSTEM32\ncrypt.dll
0x00007ffb1c280000 - 0x00007ffb1c2bb000 	C:\WINDOWS\SYSTEM32\NTASN1.dll
0x00007ffb1bce0000 - 0x00007ffb1bdaa000 	C:\WINDOWS\SYSTEM32\DNSAPI.dll
0x00007ffb15c10000 - 0x00007ffb15c1a000 	C:\Windows\System32\rasadhlp.dll
0x00007ffb13df0000 - 0x00007ffb13e70000 	C:\WINDOWS\System32\fwpuclnt.dll
0x00007ffaf9400000 - 0x00007ffaf9409000 	C:\Users\Achraf\.vscode\extensions\redhat.java-1.50.0-win32-x64\jre\21.0.9-win32-x86_64\bin\extnet.dll

JVMTI agents:
c:\Users\Achraf\.vscode\extensions\redhat.java-1.50.0-win32-x64\lombok\lombok-1.18.39-4050.jar path:c:\Users\Achraf\.vscode\extensions\redhat.java-1.50.0-win32-x64\jre\21.0.9-win32-x86_64\bin\instrument.dll, loaded, initialized, instrumentlib options:none

dbghelp: loaded successfully - version: 4.0.5 - missing functions: none
symbol engine: initialized successfully - sym options: 0x614 - pdb path: .;c:\Users\Achraf\.vscode\extensions\redhat.java-1.50.0-win32-x64\jre\21.0.9-win32-x86_64\bin;C:\WINDOWS\SYSTEM32;C:\WINDOWS\WinSxS\amd64_microsoft.windows.common-controls_6595b64144ccf1df_6.0.19041.3636_none_60b6a03d71f818d5;c:\Users\Achraf\.vscode\extensions\redhat.java-1.50.0-win32-x64\jre\21.0.9-win32-x86_64\bin\server;C:\Users\Achraf\AppData\Roaming\Code\User\globalStorage\redhat.java\1.50.0\config_win\org.eclipse.equinox.launcher\org.eclipse.equinox.launcher.win32.win32.x86_64_1.2.1400.v20250801-0854;C:\Users\Achraf\AppData\Local\Temp\jna-1955534321

VM Arguments:
jvm_args: --add-modules=ALL-SYSTEM --add-opens=java.base/java.util=ALL-UNNAMED --add-opens=java.base/java.lang=ALL-UNNAMED --add-opens=java.base/sun.nio.fs=ALL-UNNAMED -Declipse.application=org.eclipse.jdt.ls.core.id1 -Dosgi.bundles.defaultStartLevel=4 -Declipse.product=org.eclipse.jdt.ls.core.product -Djava.import.generatesMetadataFilesAtProjectRoot=false -DDetectVMInstallationsJob.disabled=true -Dfile.encoding=utf8 -XX:+UseParallelGC -XX:GCTimeRatio=4 -XX:AdaptiveSizePolicyWeight=90 -Dsun.zip.disableMemoryMapping=true -Xmx2G -Xms100m -Xlog:disable -javaagent:c:\Users\Achraf\.vscode\extensions\redhat.java-1.50.0-win32-x64\lombok\lombok-1.18.39-4050.jar -XX:+HeapDumpOnOutOfMemoryError -XX:HeapDumpPath=c:\Users\Achraf\AppData\Roaming\Code\User\workspaceStorage\2f96af778b0fa1bd536f2abba98ff373\redhat.java -Daether.dependencyCollector.impl=bf 
java_command: c:\Users\Achraf\.vscode\extensions\redhat.java-1.50.0-win32-x64\server\plugins\org.eclipse.equinox.launcher_1.7.100.v20251111-0406.jar -configuration c:\Users\Achraf\AppData\Roaming\Code\User\globalStorage\redhat.java\1.50.0\config_win -data c:\Users\Achraf\AppData\Roaming\Code\User\workspaceStorage\2f96af778b0fa1bd536f2abba98ff373\redhat.java\jdt_ws --pipe=\\.\pipe\lsp-bca1bb856f481c3007bfb4b657c7d2e5-sock
java_class_path (initial): c:\Users\Achraf\.vscode\extensions\redhat.java-1.50.0-win32-x64\server\plugins\org.eclipse.equinox.launcher_1.7.100.v20251111-0406.jar
Launcher Type: SUN_STANDARD

[Global flags]
    uintx AdaptiveSizePolicyWeight                 = 90                                        {product} {command line}
     intx CICompilerCount                          = 4                                         {product} {ergonomic}
    uintx GCTimeRatio                              = 4                                         {product} {command line}
     bool HeapDumpOnOutOfMemoryError               = true                                   {manageable} {command line}
    ccstr HeapDumpPath                             = c:\Users\Achraf\AppData\Roaming\Code\User\workspaceStorage\2f96af778b0fa1bd536f2abba98ff373\redhat.java         {manageable} {command line}
   size_t InitialHeapSize                          = 104857600                                 {product} {command line}
   size_t MaxHeapSize                              = 2147483648                                {product} {command line}
   size_t MaxNewSize                               = 715653120                                 {product} {ergonomic}
   size_t MinHeapDeltaBytes                        = 524288                                    {product} {ergonomic}
   size_t MinHeapSize                              = 104857600                                 {product} {command line}
   size_t NewSize                                  = 34603008                                  {product} {ergonomic}
    uintx NonNMethodCodeHeapSize                   = 5839372                                {pd product} {ergonomic}
    uintx NonProfiledCodeHeapSize                  = 122909434                              {pd product} {ergonomic}
   size_t OldSize                                  = 70254592                                  {product} {ergonomic}
    uintx ProfiledCodeHeapSize                     = 122909434                              {pd product} {ergonomic}
    uintx ReservedCodeCacheSize                    = 251658240                              {pd product} {ergonomic}
     bool SegmentedCodeCache                       = true                                      {product} {ergonomic}
   size_t SoftMaxHeapSize                          = 2147483648                             {manageable} {ergonomic}
     bool UseCompressedOops                        = true                           {product lp64_product} {ergonomic}
     bool UseLargePagesIndividualAllocation        = false                                  {pd product} {ergonomic}
     bool UseParallelGC                            = true                                      {product} {command line}

Logging:
Log output configuration:
 #0: stdout all=off uptime,level,tags foldmultilines=false
 #1: stderr all=off uptime,level,tags foldmultilines=false

Release file:
JAVA_VERSION="21.0.9" 
MODULES="java.base java.compiler java.datatransfer java.xml java.prefs java.desktop java.instrument java.logging java.management java.security.sasl java.naming java.rmi java.management.rmi java.net.http java.scripting java.security.jgss java.transaction.xa java.sql java.sql.rowset java.xml.crypto java.se java.smartcardio jdk.accessibility jdk.internal.jvmstat jdk.attach jdk.charsets jdk.internal.opt jdk.zipfs jdk.compiler jdk.crypto.ec jdk.crypto.cryptoki jdk.crypto.mscapi jdk.dynalink jdk.internal.ed jdk.editpad jdk.hotspot.agent jdk.httpserver jdk.internal.le jdk.internal.vm.ci jdk.internal.vm.compiler jdk.internal.vm.compiler.management jdk.jartool jdk.javadoc jdk.jcmd jdk.management jdk.management.agent jdk.jconsole jdk.jdeps jdk.jdwp.agent jdk.jdi jdk.jfr jdk.jshell jdk.jsobject jdk.jstatd jdk.localedata jdk.management.jfr jdk.naming.dns jdk.naming.rmi jdk.net jdk.nio.mapmode jdk.random jdk.sctp jdk.security.auth jdk.security.jgss jdk.unsupported jdk.unsupported.desktop jdk.xml.dom" 

Environment Variables:
PATH=C:\Program Files\Common Files\Oracle\Java\javapath;C:\Program Files (x86)\Common Files\Oracle\Java\java8path;C:\Program Files (x86)\Common Files\Oracle\Java\javapath;C:\Program Files\Eclipse Adoptium\jdk-21.0.4.7-hotspot\bin;C:\WINDOWS\system32;C:\WINDOWS;C:\WINDOWS\System32\Wbem;C:\WINDOWS\System32\WindowsPowerShell\v1.0\;C:\WINDOWS\System32\OpenSSH\;C:\Program Files\dotnet\;C:\Program Files (x86)\NVIDIA Corporation\PhysX\Common;C:\Program Files\MySQL\MySQL Server 8.0\bin;C:\Program Files\NVIDIA Corporation\NVIDIA app\NvDLISR;E:\Software\BaseX\bin;C:\Program Files (x86)\Windows Kits\10\Windows Performance Toolkit\;C:\Program Files\Microsoft SQL Server\150\Tools\Binn\;C:\Program Files\Microsoft SQL Server\Client SDK\ODBC\170\Tools\Binn\;C:\Program Files\Git\cmd;C:\Program Files\nodejs\;C:\Users\Achraf\AppData\Local\Programs\Python\Launcher\;C:\Users\Achraf\AppData\Local\Microsoft\WindowsApps;C:\Users\Achraf\AppData\Local\Programs\Microsoft VS Code\bin;D:\Program File\apache-maven-3.9.9\bin;E:\Software\PostgreSQL\17\pgAdmin 4\runtime;C:\Program Files\MongoDB\Server\8.0\bin;C:\Program Files\MongoDB\mongosh-2.5.1-win32-x64\bin;D:\Program File\ffmpeg-essentials\bin;C:\Users\Achraf\AppData\Local\GitHubDesktop\bin;E:\Software\Antigravity\bin;C:\Users\Achraf\AppData\Roaming\npm;C:\Users\Achraf\.dotnet\tools
USERNAME=Achraf
OS=Windows_NT
PROCESSOR_IDENTIFIER=AMD64 Family 25 Model 33 Stepping 2, AuthenticAMD
TMP=C:\Users\Achraf\AppData\Local\Temp
TEMP=C:\Users\Achraf\AppData\Local\Temp




Periodic native trim disabled

---------------  S Y S T E M  ---------------

OS:
 Windows 10 , 64 bit Build 19041 (10.0.19041.3636)
OS uptime: 0 days 0:35 hours

CPU: total 12 (initial active 12) (12 cores per cpu, 2 threads per core) family 25 model 33 stepping 2 microcode 0x0, cx8, cmov, fxsr, ht, mmx, 3dnowpref, sse, sse2, sse3, ssse3, sse4a, sse4.1, sse4.2, popcnt, lzcnt, tsc, tscinvbit, avx, avx2, aes, erms, clmul, bmi1, bmi2, adx, sha, fma, vzeroupper, clflush, clflushopt, rdtscp, rdpid, fsrm, f16c, pku, cet_ss
Processor Information for the first 12 processors :
  Max Mhz: 4200, Current Mhz: 4200, Mhz Limit: 4200

Memory: 4k page, system-wide physical 32678M (15343M free)
TotalPageFile size 37798M (AvailPageFile size 16692M)
current process WorkingSet (physical memory assigned to process): 882M, peak: 896M
current process commit charge ("private bytes"): 833M, peak: 846M

vm_info: OpenJDK 64-Bit Server VM (21.0.9+10-LTS) for windows-amd64 JRE (21.0.9+10-LTS), built on 2025-10-21T00:00:00Z by "admin" with unknown MS VC++:1942

END.
