#
# A fatal error has been detected by the Java Runtime Environment:
#
#  EXCEPTION_ACCESS_VIOLATION (0xc0000005) at pc=0x00007ffe0d253af0, pid=19000, tid=8464
#
# JRE version: OpenJDK Runtime Environment Temurin-17.0.12+7 (17.0.12+7) (build 17.0.12+7)
# Java VM: OpenJDK 64-Bit Server VM Temurin-17.0.12+7 (17.0.12+7, mixed mode, tiered, compressed oops, compressed class ptrs, parallel gc, windows-amd64)
# Problematic frame:
# V  [jvm.dll+0x1d3af0]
#
# No core dump will be written. Minidumps are not enabled by default on client versions of Windows
#
# If you would like to submit a bug report, please visit:
#   https://github.com/adoptium/adoptium-support/issues
#

---------------  S U M M A R Y ------------

Command Line: --add-modules=ALL-SYSTEM --add-opens=java.base/java.util=ALL-UNNAMED --add-opens=java.base/java.lang=ALL-UNNAMED --add-opens=java.base/sun.nio.fs=ALL-UNNAMED -Declipse.application=org.eclipse.jdt.ls.core.id1 -Dosgi.bundles.defaultStartLevel=4 -Declipse.product=org.eclipse.jdt.ls.core.product -Djava.import.generatesMetadataFilesAtProjectRoot=false -DDetectVMInstallationsJob.disabled=true -Dfile.encoding=utf8 -XX:+UseParallelGC -XX:GCTimeRatio=4 -XX:AdaptiveSizePolicyWeight=90 -Dsun.zip.disableMemoryMapping=true -Xmx1G -Xms100m -Xlog:disable -javaagent:c:\Users\Achraf\.vscode\extensions\redhat.java-1.35.0-win32-x64\lombok\lombok-1.18.33.jar -XX:+HeapDumpOnOutOfMemoryError -XX:HeapDumpPath=c:\Users\Achraf\AppData\Roaming\Code\User\workspaceStorage\608a4e0bca75e65c30703e1f81787409\redhat.java -Daether.dependencyCollector.impl=bf c:\Users\Achraf\.vscode\extensions\redhat.java-1.35.0-win32-x64\server\plugins\org.eclipse.equinox.launcher_1.6.900.v20240613-2009.jar -configuration c:\Users\Achraf\AppData\Roaming\Code\User\globalStorage\redhat.java\1.35.0\config_win -data c:\Users\Achraf\AppData\Roaming\Code\User\workspaceStorage\608a4e0bca75e65c30703e1f81787409\redhat.java\jdt_ws --pipe=\\.\pipe\lsp-ddf46cef25830244b0bba72ca048b68e-sock

Host: AMD Ryzen 5 5600X 6-Core Processor             , 12 cores, 15G,  Windows 10 , 64 bit Build 19041 (10.0.19041.4957)
Time: Sun Sep 29 17:06:09 2024 Hora de verano romance elapsed time: 11.226705 seconds (0d 0h 0m 11s)

---------------  T H R E A D  ---------------

Current thread (0x0000022b4050af90):  JavaThread "C1 CompilerThread0" daemon [_thread_in_native, id=8464, stack(0x0000009389600000,0x0000009389700000)]


Current CompileTask:
C1:  11226 8632   !   3       org.eclipse.jdt.core.Signature::getTypeParameters (313 bytes)

Stack: [0x0000009389600000,0x0000009389700000],  sp=0x00000093896fea38,  free space=1018k
Native frames: (J=compiled Java code, j=interpreted, Vv=VM code, C=native code)
V  [jvm.dll+0x1d3af0]


siginfo: EXCEPTION_ACCESS_VIOLATION (0xc0000005), reading address 0x0000000000000008


Registers:
RAX=0x0000000000000000, RBX=0x0000000000000000, RCX=0x0000022b448321d0, RDX=0x0000000000000000
RSP=0x00000093896fea38, RBP=0x0000000000000000, RSI=0x000000000091100b, RDI=0x00000093896fec40
R8 =0x0000000000000008, R9 =0x000000000091100b, R10=0xffffffffffffffff, R11=0x00000093896fea98
R12=0x0000000000000002, R13=0x000000000094900b, R14=0x0000022b448321d0, R15=0x0000022b5062de70
RIP=0x00007ffe0d253af0, EFLAGS=0x0000000000010202


Register to memory mapping:

RIP=0x00007ffe0d253af0 jvm.dll
RAX=0x0 is NULL
RBX=0x0 is NULL
RCX=0x0000022b448321d0 points into unknown readable memory: 0x00007ffe0d9b5fd8 | d8 5f 9b 0d fe 7f 00 00
RDX=0x0 is NULL
RSP=0x00000093896fea38 is pointing into the stack for thread: 0x0000022b4050af90
RBP=0x0 is NULL
RSI=0x000000000091100b is an unknown value
RDI=0x00000093896fec40 is pointing into the stack for thread: 0x0000022b4050af90
R8 =0x0000000000000008 is an unknown value
R9 =0x000000000091100b is an unknown value
R10=0xffffffffffffffff is an unknown value
R11=0x00000093896fea98 is pointing into the stack for thread: 0x0000022b4050af90
R12=0x0000000000000002 is an unknown value
R13=0x000000000094900b is an unknown value
R14=0x0000022b448321d0 points into unknown readable memory: 0x00007ffe0d9b5fd8 | d8 5f 9b 0d fe 7f 00 00
R15=0x0000022b5062de70 points into unknown readable memory: 0x00007ffe0d9a3990 | 90 39 9a 0d fe 7f 00 00


Top of Stack: (sp=0x00000093896fea38)
0x00000093896fea38:   00007ffe0d1ee6ff 0000022b5062de70
0x00000093896fea48:   0000022b43d6b350 0000000000000000
0x00000093896fea58:   000000000091100b 0000022b43d6ab30
0x00000093896fea68:   00007ffe0d18ed20 0000022b5062de70
0x00000093896fea78:   000000000094900b 0000000000000002
0x00000093896fea88:   00000093896fec40 0000022b43d6ab30
0x00000093896fea98:   00007ffe0d1f3112 0000022b43d6b350
0x00000093896feaa8:   0000000000000000 0000000000000002
0x00000093896feab8:   000000000091100b 0000000000000000
0x00000093896feac8:   ffffffff00000028 0000022b00000129
0x00000093896fead8:   0000000000000126 0000022b5062b920
0x00000093896feae8:   00000093896fec40 000000000091100b
0x00000093896feaf8:   0000000000000000 ffffffffffffffff
0x00000093896feb08:   0000022b5062dca0 00000093896fec40
0x00000093896feb18:   000000000094900b 0000000000931000
0x00000093896feb28:   ffffffffffffffff 0000022b314c6090
0x00000093896feb38:   0000000000000000 00000093896ff480
0x00000093896feb48:   0000022b273185e0 0000000000000000
0x00000093896feb58:   00000093896fec50 00000093896fefa0
0x00000093896feb68:   00007ffe0d1dfe8e 0000022b43d6b320
0x00000093896feb78:   ffffffffffffffff 0000022b5062de70
0x00000093896feb88:   00000093896fefa0 0000022b42159310
0x00000093896feb98:   00007ffe0d1ce010 000000000000002f
0x00000093896feba8:   00000093896fec50 00007ffe0db9ec50
0x00000093896febb8:   0000000000000005 0000022b4215df80
0x00000093896febc8:   00007ffe0d1b6b37 00000093896fefa0
0x00000093896febd8:   00000093896fecd0 00007ffe0db9ec50
0x00000093896febe8:   00007ffe0db9ec50 00000093896f0000
0x00000093896febf8:   0000000000000000 0000000000000000
0x00000093896fec08:   0000000000000000 0000022b42159310
0x00000093896fec18:   00007ffe0d916bb2 0000000000000000
0x00000093896fec28:   00007ffe0d1cbe13 0000000000000000 

Instructions: (pc=0x00007ffe0d253af0)
0x00007ffe0d2539f0:   0f b6 0f 8b c1 85 c9 0f 84 bb 00 00 00 83 e8 01
0x00007ffe0d253a00:   0f 84 97 00 00 00 83 e8 08 0f 84 a9 00 00 00 83
0x00007ffe0d253a10:   f8 04 74 29 89 4c 24 20 4c 8d 0d 59 26 76 00 b9
0x00007ffe0d253a20:   00 00 00 e0 48 8d 15 5d 26 76 00 41 b8 a8 00 00
0x00007ffe0d253a30:   00 e8 8a 45 07 00 e8 f5 b9 4a 00 eb 60 48 8d 4c
0x00007ffe0d253a40:   24 30 48 89 7c 24 38 4c 89 64 24 30 ff 15 c6 1d
0x00007ffe0d253a50:   76 00 49 8b 2f 48 8d 4c 24 38 84 c0 48 0f 44 ce
0x00007ffe0d253a60:   41 80 7c 2d 00 00 48 8b 01 48 8b 70 08 75 05 e8
0x00007ffe0d253a70:   b4 f3 6b 00 48 85 f6 75 04 33 c0 eb 17 4c 8b 04
0x00007ffe0d253a80:   2b 48 8b d6 49 8b 88 e0 04 00 00 48 8b 49 38 e8
0x00007ffe0d253a90:   7c 35 00 00 49 89 46 08 be 08 00 00 00 48 8b cf
0x00007ffe0d253aa0:   e8 9b 4e 46 00 49 8b ce 48 8b f8 e8 90 4e 46 00
0x00007ffe0d253ab0:   4c 8b f0 e9 38 ff ff ff 48 8b 5c 24 70 48 85 db
0x00007ffe0d253ac0:   74 08 48 8b cb e8 c6 c4 47 00 4c 8d 5c 24 40 49
0x00007ffe0d253ad0:   8b 5b 38 49 8b 6b 40 49 8b 73 48 49 8b e3 41 5f
0x00007ffe0d253ae0:   41 5e 41 5d 41 5c 5f c3 cc cc cc cc cc cc cc cc
0x00007ffe0d253af0:   8b 42 08 2b 41 20 05 08 01 00 00 41 03 c0 c3 cc
0x00007ffe0d253b00:   48 83 ec 28 48 63 81 04 01 00 00 83 f8 fe 74 43
0x00007ffe0d253b10:   48 81 c1 08 01 00 00 48 89 5c 24 20 48 03 c8 e8
0x00007ffe0d253b20:   ec 3d 46 00 48 8b d8 48 8b cb 48 8b 00 ff 50 68
0x00007ffe0d253b30:   33 c9 84 c0 48 0f 45 cb 48 8b 5c 24 20 48 85 c9
0x00007ffe0d253b40:   74 11 48 8b 01 ff 10 8d 04 c5 08 00 00 00 48 83
0x00007ffe0d253b50:   c4 28 c3 33 c0 48 83 c4 28 c3 cc cc cc cc cc cc
0x00007ffe0d253b60:   48 83 ec 28 48 63 81 04 01 00 00 83 f8 fe 74 35
0x00007ffe0d253b70:   48 81 c1 08 01 00 00 48 89 5c 24 20 48 03 c8 e8
0x00007ffe0d253b80:   8c 3d 46 00 48 8b c8 48 8b d8 48 8b 10 ff 52 68
0x00007ffe0d253b90:   33 c9 84 c0 48 0f 45 cb 48 8b 5c 24 20 48 8b c1
0x00007ffe0d253ba0:   48 83 c4 28 c3 33 c9 8b c1 48 83 c4 28 c3 cc cc
0x00007ffe0d253bb0:   40 55 53 56 57 41 54 41 55 41 56 41 57 48 8b ec
0x00007ffe0d253bc0:   48 83 ec 78 48 8b 41 10 8b 0d 2a 74 9f 00 48 89
0x00007ffe0d253bd0:   45 48 65 48 8b 04 25 58 00 00 00 41 bf 50 00 00
0x00007ffe0d253be0:   00 bb 20 00 00 00 4c 03 3c c8 48 03 1c c8 48 89 


Stack slot to memory mapping:
stack at sp + 0 slots: 0x00007ffe0d1ee6ff jvm.dll
stack at sp + 1 slots: 0x0000022b5062de70 points into unknown readable memory: 0x00007ffe0d9a3990 | 90 39 9a 0d fe 7f 00 00
stack at sp + 2 slots: 0x0000022b43d6b350 points into unknown readable memory: 0x00007ffe0d99c0f0 | f0 c0 99 0d fe 7f 00 00
stack at sp + 3 slots: 0x0 is NULL
stack at sp + 4 slots: 0x000000000091100b is an unknown value
stack at sp + 5 slots: 0x0000022b43d6ab30 points into unknown readable memory: 0x000000100000000f | 0f 00 00 00 10 00 00 00
stack at sp + 6 slots: 0x00007ffe0d18ed20 jvm.dll
stack at sp + 7 slots: 0x0000022b5062de70 points into unknown readable memory: 0x00007ffe0d9a3990 | 90 39 9a 0d fe 7f 00 00


---------------  P R O C E S S  ---------------

Threads class SMR info:
_java_thread_list=0x0000022b4623f630, length=62, elements={
0x0000022b272905e0, 0x0000022b27347530, 0x0000022b3b12e8c0, 0x0000022b404d9270,
0x0000022b404da000, 0x0000022b404db530, 0x0000022b404e32a0, 0x0000022b40509670,
0x0000022b4050af90, 0x0000022b4050f8c0, 0x0000022b272f20e0, 0x0000022b4083e170,
0x0000022b41b43580, 0x0000022b41b42b60, 0x0000022b41b42140, 0x0000022b41b43a90,
0x0000022b41b42650, 0x0000022b41b444b0, 0x0000022b41b453e0, 0x0000022b4246b9f0,
0x0000022b41b43070, 0x0000022b41b43fa0, 0x0000022b41b41c30, 0x0000022b42dfe030,
0x0000022b448ce670, 0x0000022b448ce160, 0x0000022b448d46a0, 0x0000022b448d3c80,
0x0000022b448d55d0, 0x0000022b448ceb80, 0x0000022b448d3260, 0x0000022b448d4190,
0x0000022b448d50c0, 0x0000022b448cffc0, 0x0000022b448cf090, 0x0000022b448d3770,
0x0000022b448d5ae0, 0x0000022b448cf5a0, 0x0000022b448cfab0, 0x0000022b448d04d0,
0x0000022b448d1e20, 0x0000022b448d09e0, 0x0000022b448d1400, 0x0000022b448d2330,
0x0000022b448d2840, 0x0000022b448d2d50, 0x0000022b45f642f0, 0x0000022b45f629a0,
0x0000022b45f684c0, 0x0000022b45f68ee0, 0x0000022b45f689d0, 0x0000022b45f67fb0,
0x0000022b45f693f0, 0x0000022b45f638d0, 0x0000022b45f64d10, 0x0000022b45f69900,
0x0000022b45f62490, 0x0000022b45f63de0, 0x0000022b45f67590, 0x0000022b45f62eb0,
0x0000022b45f67aa0, 0x0000022b45f65220
}

Java Threads: ( => current thread )
  0x0000022b272905e0 JavaThread "main" [_thread_blocked, id=1864, stack(0x0000009388c00000,0x0000009388d00000)]
  0x0000022b27347530 JavaThread "Reference Handler" daemon [_thread_blocked, id=1280, stack(0x0000009388f00000,0x0000009389000000)]
  0x0000022b3b12e8c0 JavaThread "Finalizer" daemon [_thread_blocked, id=9272, stack(0x0000009389000000,0x0000009389100000)]
  0x0000022b404d9270 JavaThread "Signal Dispatcher" daemon [_thread_blocked, id=9048, stack(0x0000009389100000,0x0000009389200000)]
  0x0000022b404da000 JavaThread "Attach Listener" daemon [_thread_blocked, id=6192, stack(0x0000009389200000,0x0000009389300000)]
  0x0000022b404db530 JavaThread "Service Thread" daemon [_thread_blocked, id=3548, stack(0x0000009389300000,0x0000009389400000)]
  0x0000022b404e32a0 JavaThread "Monitor Deflation Thread" daemon [_thread_blocked, id=15392, stack(0x0000009389400000,0x0000009389500000)]
  0x0000022b40509670 JavaThread "C2 CompilerThread0" daemon [_thread_in_native, id=5096, stack(0x0000009389500000,0x0000009389600000)]
=>0x0000022b4050af90 JavaThread "C1 CompilerThread0" daemon [_thread_in_native, id=8464, stack(0x0000009389600000,0x0000009389700000)]
  0x0000022b4050f8c0 JavaThread "Sweeper thread" daemon [_thread_blocked, id=13608, stack(0x0000009389700000,0x0000009389800000)]
  0x0000022b272f20e0 JavaThread "Common-Cleaner" daemon [_thread_blocked, id=16744, stack(0x0000009389800000,0x0000009389900000)]
  0x0000022b4083e170 JavaThread "Notification Thread" daemon [_thread_blocked, id=21256, stack(0x0000009389a00000,0x0000009389b00000)]
  0x0000022b41b43580 JavaThread "Active Thread: Equinox Container: 5e60e5ea-2153-46bf-96b5-405092b8b034" [_thread_blocked, id=13668, stack(0x000000938a300000,0x000000938a400000)]
  0x0000022b41b42b60 JavaThread "Framework Event Dispatcher: Equinox Container: 5e60e5ea-2153-46bf-96b5-405092b8b034" daemon [_thread_blocked, id=5080, stack(0x0000009389c00000,0x0000009389d00000)]
  0x0000022b41b42140 JavaThread "Start Level: Equinox Container: 5e60e5ea-2153-46bf-96b5-405092b8b034" daemon [_thread_blocked, id=13452, stack(0x000000938a400000,0x000000938a500000)]
  0x0000022b41b43a90 JavaThread "Bundle File Closer" daemon [_thread_blocked, id=20012, stack(0x000000938a600000,0x000000938a700000)]
  0x0000022b41b42650 JavaThread "SCR Component Actor" daemon [_thread_blocked, id=22136, stack(0x000000938a800000,0x000000938a900000)]
  0x0000022b41b444b0 JavaThread "SCR Component Registry" daemon [_thread_blocked, id=5540, stack(0x000000938a900000,0x000000938aa00000)]
  0x0000022b41b453e0 JavaThread "Worker-JM" [_thread_blocked, id=13860, stack(0x000000938aa00000,0x000000938ab00000)]
  0x0000022b4246b9f0 JavaThread "C2 CompilerThread1" daemon [_thread_in_native, id=14064, stack(0x000000938ab00000,0x000000938ac00000)]
  0x0000022b41b43070 JavaThread "JNA Cleaner" daemon [_thread_blocked, id=15776, stack(0x000000938ac00000,0x000000938ad00000)]
  0x0000022b41b43fa0 JavaThread "Worker-0" [_thread_blocked, id=17752, stack(0x000000938ad00000,0x000000938ae00000)]
  0x0000022b41b41c30 JavaThread "Worker-1: Java indexing... " [_thread_blocked, id=19204, stack(0x000000938ae00000,0x000000938af00000)]
  0x0000022b42dfe030 JavaThread "C2 CompilerThread2" daemon [_thread_in_native, id=20324, stack(0x000000938af00000,0x000000938b000000)]
  0x0000022b448ce670 JavaThread "Java indexing" daemon [_thread_in_Java, id=7908, stack(0x000000938b000000,0x000000938b100000)]
  0x0000022b448ce160 JavaThread "Thread-2" daemon [_thread_in_native, id=20224, stack(0x000000938b300000,0x000000938b400000)]
  0x0000022b448d46a0 JavaThread "Thread-3" daemon [_thread_in_native, id=17668, stack(0x000000938b400000,0x000000938b500000)]
  0x0000022b448d3c80 JavaThread "Thread-4" daemon [_thread_in_native, id=12208, stack(0x000000938b500000,0x000000938b600000)]
  0x0000022b448d55d0 JavaThread "Thread-5" daemon [_thread_in_native, id=22068, stack(0x000000938b600000,0x000000938b700000)]
  0x0000022b448ceb80 JavaThread "Thread-6" daemon [_thread_in_native, id=6268, stack(0x000000938b700000,0x000000938b800000)]
  0x0000022b448d3260 JavaThread "Thread-7" daemon [_thread_in_native, id=3992, stack(0x000000938b800000,0x000000938b900000)]
  0x0000022b448d4190 JavaThread "Thread-8" daemon [_thread_in_native, id=1244, stack(0x000000938b900000,0x000000938ba00000)]
  0x0000022b448d50c0 JavaThread "Thread-9" daemon [_thread_in_native, id=11732, stack(0x000000938ba00000,0x000000938bb00000)]
  0x0000022b448cffc0 JavaThread "Thread-10" daemon [_thread_in_native, id=1464, stack(0x000000938bb00000,0x000000938bc00000)]
  0x0000022b448cf090 JavaThread "Thread-11" daemon [_thread_in_native, id=15988, stack(0x000000938bc00000,0x000000938bd00000)]
  0x0000022b448d3770 JavaThread "Thread-12" daemon [_thread_in_native, id=22508, stack(0x000000938bd00000,0x000000938be00000)]
  0x0000022b448d5ae0 JavaThread "Thread-13" daemon [_thread_in_native, id=8808, stack(0x000000938be00000,0x000000938bf00000)]
  0x0000022b448cf5a0 JavaThread "Thread-14" daemon [_thread_in_native, id=9960, stack(0x000000938bf00000,0x000000938c000000)]
  0x0000022b448cfab0 JavaThread "pool-2-thread-1" [_thread_blocked, id=12804, stack(0x000000938c000000,0x000000938c100000)]
  0x0000022b448d04d0 JavaThread "WorkspaceEventsHandler" [_thread_blocked, id=18200, stack(0x000000938c100000,0x000000938c200000)]
  0x0000022b448d1e20 JavaThread "pool-1-thread-1" [_thread_blocked, id=2096, stack(0x000000938c200000,0x000000938c300000)]
  0x0000022b448d09e0 JavaThread "Worker-2" [_thread_blocked, id=6924, stack(0x000000938c300000,0x000000938c400000)]
  0x0000022b448d1400 JavaThread "Keep-Alive-Timer" daemon [_thread_blocked, id=21296, stack(0x000000938c500000,0x000000938c600000)]
  0x0000022b448d2330 JavaThread "Worker-3" [_thread_blocked, id=8744, stack(0x000000938c600000,0x000000938c700000)]
  0x0000022b448d2840 JavaThread "ForkJoinPool.commonPool-worker-1" daemon [_thread_blocked, id=19648, stack(0x000000938c700000,0x000000938c800000)]
  0x0000022b448d2d50 JavaThread "ForkJoinPool.commonPool-worker-2" daemon [_thread_blocked, id=16356, stack(0x000000938c800000,0x000000938c900000)]
  0x0000022b45f642f0 JavaThread "ForkJoinPool.commonPool-worker-3" daemon [_thread_blocked, id=4092, stack(0x000000938c900000,0x000000938ca00000)]
  0x0000022b45f629a0 JavaThread "ForkJoinPool.commonPool-worker-4" daemon [_thread_blocked, id=21588, stack(0x000000938ca00000,0x000000938cb00000)]
  0x0000022b45f684c0 JavaThread "ForkJoinPool.commonPool-worker-5" daemon [_thread_blocked, id=4748, stack(0x000000938cb00000,0x000000938cc00000)]
  0x0000022b45f68ee0 JavaThread "ForkJoinPool.commonPool-worker-6" daemon [_thread_blocked, id=11044, stack(0x000000938cc00000,0x000000938cd00000)]
  0x0000022b45f689d0 JavaThread "ForkJoinPool.commonPool-worker-7" daemon [_thread_blocked, id=104, stack(0x000000938cd00000,0x000000938ce00000)]
  0x0000022b45f67fb0 JavaThread "ForkJoinPool.commonPool-worker-8" daemon [_thread_blocked, id=21544, stack(0x000000938ce00000,0x000000938cf00000)]
  0x0000022b45f693f0 JavaThread "ForkJoinPool.commonPool-worker-9" daemon [_thread_blocked, id=13292, stack(0x000000938cf00000,0x000000938d000000)]
  0x0000022b45f638d0 JavaThread "Worker-4" [_thread_blocked, id=11632, stack(0x000000938d100000,0x000000938d200000)]
  0x0000022b45f64d10 JavaThread "Compiler Source File Reader" daemon [_thread_blocked, id=5832, stack(0x000000938d200000,0x000000938d300000)]
  0x0000022b45f69900 JavaThread "Compiler Source File Reader" daemon [_thread_blocked, id=11676, stack(0x000000938d300000,0x000000938d400000)]
  0x0000022b45f62490 JavaThread "Compiler Source File Reader" daemon [_thread_blocked, id=17240, stack(0x000000938d400000,0x000000938d500000)]
  0x0000022b45f63de0 JavaThread "Compiler Source File Reader" daemon [_thread_blocked, id=11528, stack(0x000000938d500000,0x000000938d600000)]
  0x0000022b45f67590 JavaThread "ForkJoinPool.commonPool-worker-10" daemon [_thread_blocked, id=7776, stack(0x000000938d600000,0x000000938d700000)]
  0x0000022b45f62eb0 JavaThread "ForkJoinPool.commonPool-worker-11" daemon [_thread_blocked, id=11312, stack(0x000000938d000000,0x000000938d100000)]
  0x0000022b45f67aa0 JavaThread "Compiler Processing Task" daemon [_thread_blocked, id=19692, stack(0x000000938d700000,0x000000938d800000)]
  0x0000022b45f65220 JavaThread "Cleaner-0" daemon [_thread_blocked, id=19028, stack(0x000000938d800000,0x000000938d900000)]

Other Threads:
  0x0000022b3b129a10 VMThread "VM Thread" [stack: 0x0000009388e00000,0x0000009388f00000] [id=12912]
  0x0000022b41b31150 WatcherThread [stack: 0x0000009389b00000,0x0000009389c00000] [id=9972]
  0x0000022b272a4fd0 GCTaskThread "GC Thread#0" [stack: 0x0000009388d00000,0x0000009388e00000] [id=14484]
  0x0000022b41cf56a0 GCTaskThread "GC Thread#1" [stack: 0x0000009389d00000,0x0000009389e00000] [id=13804]
  0x0000022b41d46050 GCTaskThread "GC Thread#2" [stack: 0x0000009389e00000,0x0000009389f00000] [id=10316]
  0x0000022b41b72850 GCTaskThread "GC Thread#3" [stack: 0x0000009389f00000,0x000000938a000000] [id=12688]
  0x0000022b41b72b10 GCTaskThread "GC Thread#4" [stack: 0x000000938a000000,0x000000938a100000] [id=4844]
  0x0000022b42117ce0 GCTaskThread "GC Thread#5" [stack: 0x000000938a100000,0x000000938a200000] [id=2488]
  0x0000022b42117fa0 GCTaskThread "GC Thread#6" [stack: 0x000000938a200000,0x000000938a300000] [id=20340]
  0x0000022b42267310 GCTaskThread "GC Thread#7" [stack: 0x000000938a500000,0x000000938a600000] [id=6488]
  0x0000022b41b28cc0 GCTaskThread "GC Thread#8" [stack: 0x0000009389900000,0x0000009389a00000] [id=6524]
  0x0000022b41b1c190 GCTaskThread "GC Thread#9" [stack: 0x000000938a700000,0x000000938a800000] [id=14380]

Threads with active compile tasks:
C2 CompilerThread0    11250 8522  s    4       jdk.internal.jimage.ImageReader$SharedImageReader::findNode (36 bytes)
C1 CompilerThread0    11250 8632   !   3       org.eclipse.jdt.core.Signature::getTypeParameters (313 bytes)
C2 CompilerThread1    11250 8630   !   4       org.eclipse.jdt.internal.core.search.indexing.BinaryIndexer::indexDocument (1157 bytes)
C2 CompilerThread2    11250 8619 %     4       org.eclipse.jdt.internal.core.search.indexing.BinaryIndexer::extractReferenceFromConstantPool @ 324 (358 bytes)

VM state: not at safepoint (normal execution)

VM Mutex/Monitor currently owned by a thread: None

Heap address: 0x00000000c0000000, size: 1024 MB, Compressed Oops mode: 32-bit

CDS archive(s) not mapped
Compressed class space mapped at: 0x0000000100000000-0x0000000140000000, reserved size: 1073741824
Narrow klass base: 0x0000000000000000, Narrow klass shift: 3, Narrow klass range: 0x140000000

GC Precious Log:
 CPUs: 12 total, 12 available
 Memory: 16295M
 Large Page Support: Disabled
 NUMA Support: Disabled
 Compressed Oops: Enabled (32-bit)
 Alignments: Space 512K, Generation 512K, Heap 2M
 Heap Min Capacity: 100M
 Heap Initial Capacity: 100M
 Heap Max Capacity: 1G
 Pre-touch: Disabled
 Parallel Workers: 10

Heap:
 PSYoungGen      total 22528K, used 7096K [0x00000000eab00000, 0x00000000ec880000, 0x0000000100000000)
  eden space 15872K, 7% used [0x00000000eab00000,0x00000000eac3afe0,0x00000000eba80000)
  from space 6656K, 87% used [0x00000000ec200000,0x00000000ec7b3148,0x00000000ec880000)
  to   space 7168K, 0% used [0x00000000eba80000,0x00000000eba80000,0x00000000ec180000)
 ParOldGen       total 177664K, used 168232K [0x00000000c0000000, 0x00000000cad80000, 0x00000000eab00000)
  object space 177664K, 94% used [0x00000000c0000000,0x00000000ca44a208,0x00000000cad80000)
 Metaspace       used 72612K, committed 73856K, reserved 1179648K
  class space    used 7817K, committed 8320K, reserved 1048576K

Card table byte_map: [0x0000022b26c30000,0x0000022b26e40000] _byte_map_base: 0x0000022b26630000

Marking Bits: (ParMarkBitMap*) 0x00007ffe0dc258b0
 Begin Bits: [0x0000022b38f30000, 0x0000022b39f30000)
 End Bits:   [0x0000022b39f30000, 0x0000022b3af30000)

Polling page: 0x0000022b25240000

Metaspace:

Usage:
  Non-class:     63.28 MB used.
      Class:      7.63 MB used.
       Both:     70.91 MB used.

Virtual space:
  Non-class space:      128.00 MB reserved,      64.00 MB ( 50%) committed,  2 nodes.
      Class space:        1.00 GB reserved,       8.12 MB ( <1%) committed,  1 nodes.
             Both:        1.12 GB reserved,      72.12 MB (  6%) committed. 

Chunk freelists:
   Non-Class:  15.28 MB
       Class:  7.94 MB
        Both:  23.22 MB

MaxMetaspaceSize: unlimited
CompressedClassSpaceSize: 1.00 GB
Initial GC threshold: 21.00 MB
Current GC threshold: 120.00 MB
CDS: off
MetaspaceReclaimPolicy: balanced
 - commit_granule_bytes: 65536.
 - commit_granule_words: 8192.
 - virtual_space_node_default_size: 8388608.
 - enlarge_chunks_in_place: 1.
 - new_chunks_are_fully_committed: 0.
 - uncommit_free_chunks: 1.
 - use_allocation_guard: 0.
 - handle_deallocations: 1.


Internal statistics:

num_allocs_failed_limit: 9.
num_arena_births: 724.
num_arena_deaths: 14.
num_vsnodes_births: 3.
num_vsnodes_deaths: 0.
num_space_committed: 1154.
num_space_uncommitted: 0.
num_chunks_returned_to_freelist: 23.
num_chunks_taken_from_freelist: 3446.
num_chunk_merges: 11.
num_chunk_splits: 2194.
num_chunks_enlarged: 1401.
num_inconsistent_stats: 0.

CodeHeap 'non-profiled nmethods': size=120000Kb used=4507Kb max_used=4507Kb free=115492Kb
 bounds [0x0000022b31a00000, 0x0000022b31e70000, 0x0000022b38f30000]
CodeHeap 'profiled nmethods': size=120000Kb used=14634Kb max_used=14634Kb free=105365Kb
 bounds [0x0000022b29f30000, 0x0000022b2ad90000, 0x0000022b31460000]
CodeHeap 'non-nmethods': size=5760Kb used=1409Kb max_used=1493Kb free=4350Kb
 bounds [0x0000022b31460000, 0x0000022b316d0000, 0x0000022b31a00000]
 total_blobs=7896 nmethods=7128 adapters=680
 compilation: enabled
              stopped_count=0, restarted_count=0
 full_count=0

Compilation events (20 events):
Event: 11.131 Thread 0x0000022b4246b9f0 8570       4       org.eclipse.jdt.internal.core.AbstractClassFile::calculateHashCode (18 bytes)
Event: 11.133 Thread 0x0000022b4246b9f0 nmethod 8570 0x0000022b31e51e10 code [0x0000022b31e51fa0, 0x0000022b31e52248]
Event: 11.133 Thread 0x0000022b4246b9f0 8556       4       org.eclipse.jdt.internal.compiler.parser.ScannerHelper::toLowerCase (42 bytes)
Event: 11.134 Thread 0x0000022b4246b9f0 nmethod 8556 0x0000022b31e52490 code [0x0000022b31e52620, 0x0000022b31e527b8]
Event: 11.134 Thread 0x0000022b4246b9f0 8549  s    4       org.eclipse.jdt.internal.core.JavaModelManager::getInfo (39 bytes)
Event: 11.135 Thread 0x0000022b42dfe030 nmethod 8496 0x0000022b31e52990 code [0x0000022b31e53380, 0x0000022b31e5ae00]
Event: 11.135 Thread 0x0000022b42dfe030 8618       4       org.eclipse.jdt.internal.compiler.classfmt.MethodInfo::isConstructor (8 bytes)
Event: 11.136 Thread 0x0000022b42dfe030 nmethod 8618 0x0000022b31e60c10 code [0x0000022b31e60da0, 0x0000022b31e60e88]
Event: 11.136 Thread 0x0000022b42dfe030 8619 %     4       org.eclipse.jdt.internal.core.search.indexing.BinaryIndexer::extractReferenceFromConstantPool @ 324 (358 bytes)
Event: 11.138 Thread 0x0000022b4050af90 8623       3       org.eclipse.jdt.internal.compiler.util.Util::scanClassTypeSignature (109 bytes)
Event: 11.138 Thread 0x0000022b4050af90 nmethod 8623 0x0000022b2a7c2090 code [0x0000022b2a7c2300, 0x0000022b2a7c2bf8]
Event: 11.141 Thread 0x0000022b4050af90 8625       3       org.eclipse.jdt.internal.compiler.classfmt.ClassFileReader::getInnerSourceName (17 bytes)
Event: 11.141 Thread 0x0000022b4050af90 nmethod 8625 0x0000022b29f7ce90 code [0x0000022b29f7d040, 0x0000022b29f7d1e8]
Event: 11.160 Thread 0x0000022b4050af90 8627 % !   2       org.eclipse.jdt.internal.core.search.indexing.BinaryIndexer::indexDocument @ 988 (1157 bytes)
Event: 11.164 Thread 0x0000022b4050af90 nmethod 8627% 0x0000022b2ad76390 code [0x0000022b2ad76980, 0x0000022b2ad795d8]
Event: 11.170 Thread 0x0000022b4050af90 8629 % !   2       org.eclipse.jdt.internal.core.search.indexing.BinaryIndexer::indexDocument @ 595 (1157 bytes)
Event: 11.173 Thread 0x0000022b4050af90 nmethod 8629% 0x0000022b2ad7cb90 code [0x0000022b2ad7d1a0, 0x0000022b2ad80058]
Event: 11.187 Thread 0x0000022b4246b9f0 nmethod 8549 0x0000022b31e60f90 code [0x0000022b31e61340, 0x0000022b31e652c0]
Event: 11.187 Thread 0x0000022b4246b9f0 8630   !   4       org.eclipse.jdt.internal.core.search.indexing.BinaryIndexer::indexDocument (1157 bytes)
Event: 11.219 Thread 0x0000022b4050af90 8632   !   3       org.eclipse.jdt.core.Signature::getTypeParameters (313 bytes)

GC Heap History (20 events):
Event: 10.992 GC heap before
{Heap before GC invocations=93 (full 7):
 PSYoungGen      total 17920K, used 10743K [0x00000000eab00000, 0x00000000ec200000, 0x0000000100000000)
  eden space 12288K, 87% used [0x00000000eab00000,0x00000000eb57dc80,0x00000000eb700000)
  from space 5632K, 0% used [0x00000000eb700000,0x00000000eb700000,0x00000000ebc80000)
  to   space 5632K, 0% used [0x00000000ebc80000,0x00000000ebc80000,0x00000000ec200000)
 ParOldGen       total 177664K, used 141214K [0x00000000c0000000, 0x00000000cad80000, 0x00000000eab00000)
  object space 177664K, 79% used [0x00000000c0000000,0x00000000c89e7a98,0x00000000cad80000)
 Metaspace       used 72555K, committed 73728K, reserved 1179648K
  class space    used 7815K, committed 8256K, reserved 1048576K
}
Event: 10.992 GC heap after
{Heap after GC invocations=93 (full 7):
 PSYoungGen      total 15360K, used 2814K [0x00000000eab00000, 0x00000000ebf80000, 0x0000000100000000)
  eden space 12288K, 0% used [0x00000000eab00000,0x00000000eab00000,0x00000000eb700000)
  from space 3072K, 91% used [0x00000000ebc80000,0x00000000ebf3f910,0x00000000ebf80000)
  to   space 4096K, 0% used [0x00000000eb780000,0x00000000eb780000,0x00000000ebb80000)
 ParOldGen       total 177664K, used 141214K [0x00000000c0000000, 0x00000000cad80000, 0x00000000eab00000)
  object space 177664K, 79% used [0x00000000c0000000,0x00000000c89e7a98,0x00000000cad80000)
 Metaspace       used 72555K, committed 73728K, reserved 1179648K
  class space    used 7815K, committed 8256K, reserved 1048576K
}
Event: 11.024 GC heap before
{Heap before GC invocations=94 (full 7):
 PSYoungGen      total 15360K, used 15102K [0x00000000eab00000, 0x00000000ebf80000, 0x0000000100000000)
  eden space 12288K, 100% used [0x00000000eab00000,0x00000000eb700000,0x00000000eb700000)
  from space 3072K, 91% used [0x00000000ebc80000,0x00000000ebf3f910,0x00000000ebf80000)
  to   space 4096K, 0% used [0x00000000eb780000,0x00000000eb780000,0x00000000ebb80000)
 ParOldGen       total 177664K, used 141214K [0x00000000c0000000, 0x00000000cad80000, 0x00000000eab00000)
  object space 177664K, 79% used [0x00000000c0000000,0x00000000c89e7a98,0x00000000cad80000)
 Metaspace       used 72555K, committed 73728K, reserved 1179648K
  class space    used 7815K, committed 8256K, reserved 1048576K
}
Event: 11.026 GC heap after
{Heap after GC invocations=94 (full 7):
 PSYoungGen      total 16384K, used 4075K [0x00000000eab00000, 0x00000000ec600000, 0x0000000100000000)
  eden space 12288K, 0% used [0x00000000eab00000,0x00000000eab00000,0x00000000eb700000)
  from space 4096K, 99% used [0x00000000eb780000,0x00000000ebb7ae18,0x00000000ebb80000)
  to   space 7680K, 0% used [0x00000000ebe80000,0x00000000ebe80000,0x00000000ec600000)
 ParOldGen       total 177664K, used 144045K [0x00000000c0000000, 0x00000000cad80000, 0x00000000eab00000)
  object space 177664K, 81% used [0x00000000c0000000,0x00000000c8cab488,0x00000000cad80000)
 Metaspace       used 72555K, committed 73728K, reserved 1179648K
  class space    used 7815K, committed 8256K, reserved 1048576K
}
Event: 11.044 GC heap before
{Heap before GC invocations=95 (full 7):
 PSYoungGen      total 16384K, used 16363K [0x00000000eab00000, 0x00000000ec600000, 0x0000000100000000)
  eden space 12288K, 100% used [0x00000000eab00000,0x00000000eb700000,0x00000000eb700000)
  from space 4096K, 99% used [0x00000000eb780000,0x00000000ebb7ae18,0x00000000ebb80000)
  to   space 7680K, 0% used [0x00000000ebe80000,0x00000000ebe80000,0x00000000ec600000)
 ParOldGen       total 177664K, used 144045K [0x00000000c0000000, 0x00000000cad80000, 0x00000000eab00000)
  object space 177664K, 81% used [0x00000000c0000000,0x00000000c8cab488,0x00000000cad80000)
 Metaspace       used 72555K, committed 73728K, reserved 1179648K
  class space    used 7815K, committed 8256K, reserved 1048576K
}
Event: 11.047 GC heap after
{Heap after GC invocations=95 (full 7):
 PSYoungGen      total 19968K, used 7026K [0x00000000eab00000, 0x00000000ec780000, 0x0000000100000000)
  eden space 12288K, 0% used [0x00000000eab00000,0x00000000eab00000,0x00000000eb700000)
  from space 7680K, 91% used [0x00000000ebe80000,0x00000000ec55c8d8,0x00000000ec600000)
  to   space 7680K, 0% used [0x00000000eb700000,0x00000000eb700000,0x00000000ebe80000)
 ParOldGen       total 177664K, used 144045K [0x00000000c0000000, 0x00000000cad80000, 0x00000000eab00000)
  object space 177664K, 81% used [0x00000000c0000000,0x00000000c8cab488,0x00000000cad80000)
 Metaspace       used 72555K, committed 73728K, reserved 1179648K
  class space    used 7815K, committed 8256K, reserved 1048576K
}
Event: 11.066 GC heap before
{Heap before GC invocations=96 (full 7):
 PSYoungGen      total 19968K, used 19314K [0x00000000eab00000, 0x00000000ec780000, 0x0000000100000000)
  eden space 12288K, 100% used [0x00000000eab00000,0x00000000eb700000,0x00000000eb700000)
  from space 7680K, 91% used [0x00000000ebe80000,0x00000000ec55c8d8,0x00000000ec600000)
  to   space 7680K, 0% used [0x00000000eb700000,0x00000000eb700000,0x00000000ebe80000)
 ParOldGen       total 177664K, used 144045K [0x00000000c0000000, 0x00000000cad80000, 0x00000000eab00000)
  object space 177664K, 81% used [0x00000000c0000000,0x00000000c8cab488,0x00000000cad80000)
 Metaspace       used 72555K, committed 73728K, reserved 1179648K
  class space    used 7815K, committed 8256K, reserved 1048576K
}
Event: 11.068 GC heap after
{Heap after GC invocations=96 (full 7):
 PSYoungGen      total 19968K, used 7671K [0x00000000eab00000, 0x00000000ecd80000, 0x0000000100000000)
  eden space 12288K, 0% used [0x00000000eab00000,0x00000000eab00000,0x00000000eb700000)
  from space 7680K, 99% used [0x00000000eb700000,0x00000000ebe7dfa8,0x00000000ebe80000)
  to   space 10752K, 0% used [0x00000000ec300000,0x00000000ec300000,0x00000000ecd80000)
 ParOldGen       total 177664K, used 146187K [0x00000000c0000000, 0x00000000cad80000, 0x00000000eab00000)
  object space 177664K, 82% used [0x00000000c0000000,0x00000000c8ec2e08,0x00000000cad80000)
 Metaspace       used 72555K, committed 73728K, reserved 1179648K
  class space    used 7815K, committed 8256K, reserved 1048576K
}
Event: 11.088 GC heap before
{Heap before GC invocations=97 (full 7):
 PSYoungGen      total 19968K, used 19959K [0x00000000eab00000, 0x00000000ecd80000, 0x0000000100000000)
  eden space 12288K, 100% used [0x00000000eab00000,0x00000000eb700000,0x00000000eb700000)
  from space 7680K, 99% used [0x00000000eb700000,0x00000000ebe7dfa8,0x00000000ebe80000)
  to   space 10752K, 0% used [0x00000000ec300000,0x00000000ec300000,0x00000000ecd80000)
 ParOldGen       total 177664K, used 146187K [0x00000000c0000000, 0x00000000cad80000, 0x00000000eab00000)
  object space 177664K, 82% used [0x00000000c0000000,0x00000000c8ec2e08,0x00000000cad80000)
 Metaspace       used 72555K, committed 73728K, reserved 1179648K
  class space    used 7815K, committed 8256K, reserved 1048576K
}
Event: 11.092 GC heap after
{Heap after GC invocations=97 (full 7):
 PSYoungGen      total 20992K, used 6754K [0x00000000eab00000, 0x00000000eca00000, 0x0000000100000000)
  eden space 13824K, 0% used [0x00000000eab00000,0x00000000eab00000,0x00000000eb880000)
  from space 7168K, 94% used [0x00000000ec300000,0x00000000ec998938,0x00000000eca00000)
  to   space 8192K, 0% used [0x00000000eba00000,0x00000000eba00000,0x00000000ec200000)
 ParOldGen       total 177664K, used 149995K [0x00000000c0000000, 0x00000000cad80000, 0x00000000eab00000)
  object space 177664K, 84% used [0x00000000c0000000,0x00000000c927ae60,0x00000000cad80000)
 Metaspace       used 72555K, committed 73728K, reserved 1179648K
  class space    used 7815K, committed 8256K, reserved 1048576K
}
Event: 11.115 GC heap before
{Heap before GC invocations=98 (full 7):
 PSYoungGen      total 20992K, used 20578K [0x00000000eab00000, 0x00000000eca00000, 0x0000000100000000)
  eden space 13824K, 100% used [0x00000000eab00000,0x00000000eb880000,0x00000000eb880000)
  from space 7168K, 94% used [0x00000000ec300000,0x00000000ec998938,0x00000000eca00000)
  to   space 8192K, 0% used [0x00000000eba00000,0x00000000eba00000,0x00000000ec200000)
 ParOldGen       total 177664K, used 149995K [0x00000000c0000000, 0x00000000cad80000, 0x00000000eab00000)
  object space 177664K, 84% used [0x00000000c0000000,0x00000000c927ae60,0x00000000cad80000)
 Metaspace       used 72612K, committed 73856K, reserved 1179648K
  class space    used 7817K, committed 8320K, reserved 1048576K
}
Event: 11.118 GC heap after
{Heap after GC invocations=98 (full 7):
 PSYoungGen      total 23552K, used 7762K [0x00000000eab00000, 0x00000000eca00000, 0x0000000100000000)
  eden space 15360K, 0% used [0x00000000eab00000,0x00000000eab00000,0x00000000eba00000)
  from space 8192K, 94% used [0x00000000eba00000,0x00000000ec194a70,0x00000000ec200000)
  to   space 8192K, 0% used [0x00000000ec200000,0x00000000ec200000,0x00000000eca00000)
 ParOldGen       total 177664K, used 151726K [0x00000000c0000000, 0x00000000cad80000, 0x00000000eab00000)
  object space 177664K, 85% used [0x00000000c0000000,0x00000000c942b870,0x00000000cad80000)
 Metaspace       used 72612K, committed 73856K, reserved 1179648K
  class space    used 7817K, committed 8320K, reserved 1048576K
}
Event: 11.142 GC heap before
{Heap before GC invocations=99 (full 7):
 PSYoungGen      total 23552K, used 23122K [0x00000000eab00000, 0x00000000eca00000, 0x0000000100000000)
  eden space 15360K, 100% used [0x00000000eab00000,0x00000000eba00000,0x00000000eba00000)
  from space 8192K, 94% used [0x00000000eba00000,0x00000000ec194a70,0x00000000ec200000)
  to   space 8192K, 0% used [0x00000000ec200000,0x00000000ec200000,0x00000000eca00000)
 ParOldGen       total 177664K, used 151726K [0x00000000c0000000, 0x00000000cad80000, 0x00000000eab00000)
  object space 177664K, 85% used [0x00000000c0000000,0x00000000c942b870,0x00000000cad80000)
 Metaspace       used 72612K, committed 73856K, reserved 1179648K
  class space    used 7817K, committed 8320K, reserved 1048576K
}
Event: 11.145 GC heap after
{Heap after GC invocations=99 (full 7):
 PSYoungGen      total 19968K, used 8162K [0x00000000eab00000, 0x00000000ed280000, 0x0000000100000000)
  eden space 11776K, 0% used [0x00000000eab00000,0x00000000eab00000,0x00000000eb680000)
  from space 8192K, 99% used [0x00000000ec200000,0x00000000ec9f8a88,0x00000000eca00000)
  to   space 11776K, 0% used [0x00000000eb680000,0x00000000eb680000,0x00000000ec200000)
 ParOldGen       total 177664K, used 154421K [0x00000000c0000000, 0x00000000cad80000, 0x00000000eab00000)
  object space 177664K, 86% used [0x00000000c0000000,0x00000000c96cd788,0x00000000cad80000)
 Metaspace       used 72612K, committed 73856K, reserved 1179648K
  class space    used 7817K, committed 8320K, reserved 1048576K
}
Event: 11.165 GC heap before
{Heap before GC invocations=100 (full 7):
 PSYoungGen      total 19968K, used 19938K [0x00000000eab00000, 0x00000000ed280000, 0x0000000100000000)
  eden space 11776K, 100% used [0x00000000eab00000,0x00000000eb680000,0x00000000eb680000)
  from space 8192K, 99% used [0x00000000ec200000,0x00000000ec9f8a88,0x00000000eca00000)
  to   space 11776K, 0% used [0x00000000eb680000,0x00000000eb680000,0x00000000ec200000)
 ParOldGen       total 177664K, used 154421K [0x00000000c0000000, 0x00000000cad80000, 0x00000000eab00000)
  object space 177664K, 86% used [0x00000000c0000000,0x00000000c96cd788,0x00000000cad80000)
 Metaspace       used 72612K, committed 73856K, reserved 1179648K
  class space    used 7817K, committed 8320K, reserved 1048576K
}
Event: 11.168 GC heap after
{Heap after GC invocations=100 (full 7):
 PSYoungGen      total 17920K, used 5656K [0x00000000eab00000, 0x00000000ec700000, 0x0000000100000000)
  eden space 11776K, 0% used [0x00000000eab00000,0x00000000eab00000,0x00000000eb680000)
  from space 6144K, 92% used [0x00000000eb680000,0x00000000ebc06058,0x00000000ebc80000)
  to   space 7680K, 0% used [0x00000000ebf80000,0x00000000ebf80000,0x00000000ec700000)
 ParOldGen       total 177664K, used 159611K [0x00000000c0000000, 0x00000000cad80000, 0x00000000eab00000)
  object space 177664K, 89% used [0x00000000c0000000,0x00000000c9bdec00,0x00000000cad80000)
 Metaspace       used 72612K, committed 73856K, reserved 1179648K
  class space    used 7817K, committed 8320K, reserved 1048576K
}
Event: 11.191 GC heap before
{Heap before GC invocations=101 (full 7):
 PSYoungGen      total 17920K, used 17432K [0x00000000eab00000, 0x00000000ec700000, 0x0000000100000000)
  eden space 11776K, 100% used [0x00000000eab00000,0x00000000eb680000,0x00000000eb680000)
  from space 6144K, 92% used [0x00000000eb680000,0x00000000ebc06058,0x00000000ebc80000)
  to   space 7680K, 0% used [0x00000000ebf80000,0x00000000ebf80000,0x00000000ec700000)
 ParOldGen       total 177664K, used 159611K [0x00000000c0000000, 0x00000000cad80000, 0x00000000eab00000)
  object space 177664K, 89% used [0x00000000c0000000,0x00000000c9bdec00,0x00000000cad80000)
 Metaspace       used 72612K, committed 73856K, reserved 1179648K
  class space    used 7817K, committed 8320K, reserved 1048576K
}
Event: 11.193 GC heap after
{Heap after GC invocations=101 (full 7):
 PSYoungGen      total 18944K, used 5414K [0x00000000eab00000, 0x00000000ec500000, 0x0000000100000000)
  eden space 13312K, 0% used [0x00000000eab00000,0x00000000eab00000,0x00000000eb800000)
  from space 5632K, 96% used [0x00000000ebf80000,0x00000000ec4c99f8,0x00000000ec500000)
  to   space 6144K, 0% used [0x00000000eb900000,0x00000000eb900000,0x00000000ebf00000)
 ParOldGen       total 177664K, used 162403K [0x00000000c0000000, 0x00000000cad80000, 0x00000000eab00000)
  object space 177664K, 91% used [0x00000000c0000000,0x00000000c9e98fd8,0x00000000cad80000)
 Metaspace       used 72612K, committed 73856K, reserved 1179648K
  class space    used 7817K, committed 8320K, reserved 1048576K
}
Event: 11.216 GC heap before
{Heap before GC invocations=102 (full 7):
 PSYoungGen      total 18944K, used 18726K [0x00000000eab00000, 0x00000000ec500000, 0x0000000100000000)
  eden space 13312K, 100% used [0x00000000eab00000,0x00000000eb800000,0x00000000eb800000)
  from space 5632K, 96% used [0x00000000ebf80000,0x00000000ec4c99f8,0x00000000ec500000)
  to   space 6144K, 0% used [0x00000000eb900000,0x00000000eb900000,0x00000000ebf00000)
 ParOldGen       total 177664K, used 162403K [0x00000000c0000000, 0x00000000cad80000, 0x00000000eab00000)
  object space 177664K, 91% used [0x00000000c0000000,0x00000000c9e98fd8,0x00000000cad80000)
 Metaspace       used 72612K, committed 73856K, reserved 1179648K
  class space    used 7817K, committed 8320K, reserved 1048576K
}
Event: 11.218 GC heap after
{Heap after GC invocations=102 (full 7):
 PSYoungGen      total 20480K, used 6112K [0x00000000eab00000, 0x00000000eca80000, 0x0000000100000000)
  eden space 14336K, 0% used [0x00000000eab00000,0x00000000eab00000,0x00000000eb900000)
  from space 6144K, 99% used [0x00000000eb900000,0x00000000ebef81d0,0x00000000ebf00000)
  to   space 8704K, 0% used [0x00000000ec200000,0x00000000ec200000,0x00000000eca80000)
 ParOldGen       total 177664K, used 164458K [0x00000000c0000000, 0x00000000cad80000, 0x00000000eab00000)
  object space 177664K, 92% used [0x00000000c0000000,0x00000000ca09abf0,0x00000000cad80000)
 Metaspace       used 72612K, committed 73856K, reserved 1179648K
  class space    used 7817K, committed 8320K, reserved 1048576K
}

Dll operation events (12 events):
Event: 0.040 Loaded shared library c:\Users\Achraf\.vscode\extensions\redhat.java-1.35.0-win32-x64\jre\17.0.12-win32-x86_64\bin\java.dll
Event: 0.166 Loaded shared library c:\Users\Achraf\.vscode\extensions\redhat.java-1.35.0-win32-x64\jre\17.0.12-win32-x86_64\bin\zip.dll
Event: 0.169 Loaded shared library C:\Users\Achraf\.vscode\extensions\redhat.java-1.35.0-win32-x64\jre\17.0.12-win32-x86_64\bin\instrument.dll
Event: 0.178 Loaded shared library C:\Users\Achraf\.vscode\extensions\redhat.java-1.35.0-win32-x64\jre\17.0.12-win32-x86_64\bin\net.dll
Event: 0.180 Loaded shared library C:\Users\Achraf\.vscode\extensions\redhat.java-1.35.0-win32-x64\jre\17.0.12-win32-x86_64\bin\nio.dll
Event: 0.184 Loaded shared library C:\Users\Achraf\.vscode\extensions\redhat.java-1.35.0-win32-x64\jre\17.0.12-win32-x86_64\bin\zip.dll
Event: 0.194 Loaded shared library C:\Users\Achraf\.vscode\extensions\redhat.java-1.35.0-win32-x64\jre\17.0.12-win32-x86_64\bin\jimage.dll
Event: 0.231 Loaded shared library c:\Users\Achraf\.vscode\extensions\redhat.java-1.35.0-win32-x64\jre\17.0.12-win32-x86_64\bin\verify.dll
Event: 2.855 Loaded shared library C:\Users\Achraf\AppData\Roaming\Code\User\globalStorage\redhat.java\1.35.0\config_win\org.eclipse.equinox.launcher\org.eclipse.equinox.launcher.win32.win32.x86_64_1.2.1100.v20240722-2106\eclipse_11904.dll
Event: 6.847 Loaded shared library C:\Users\Achraf\AppData\Local\Temp\jna-1955534321\jna1341008230646936021.dll
Event: 8.353 Loaded shared library C:\Users\Achraf\.vscode\extensions\redhat.java-1.35.0-win32-x64\jre\17.0.12-win32-x86_64\bin\sunmscapi.dll
Event: 8.393 Loaded shared library C:\Users\Achraf\.vscode\extensions\redhat.java-1.35.0-win32-x64\jre\17.0.12-win32-x86_64\bin\extnet.dll

Deoptimization events (20 events):
Event: 11.172 Thread 0x0000022b448ce670 DEOPT PACKING pc=0x0000022b2ad6cb13 sp=0x000000938b0fe880
Event: 11.172 Thread 0x0000022b448ce670 DEOPT UNPACKING pc=0x0000022b314b6e43 sp=0x000000938b0fde00 mode 0
Event: 11.175 Thread 0x0000022b448ce670 DEOPT PACKING pc=0x0000022b2ad6cb13 sp=0x000000938b0fe880
Event: 11.175 Thread 0x0000022b448ce670 DEOPT UNPACKING pc=0x0000022b314b6e43 sp=0x000000938b0fde00 mode 0
Event: 11.182 Thread 0x0000022b448ce670 DEOPT PACKING pc=0x0000022b2ad6cb13 sp=0x000000938b0fe880
Event: 11.182 Thread 0x0000022b448ce670 DEOPT UNPACKING pc=0x0000022b314b6e43 sp=0x000000938b0fde00 mode 0
Event: 11.188 Thread 0x0000022b448ce670 DEOPT PACKING pc=0x0000022b2ad6cb13 sp=0x000000938b0fe880
Event: 11.188 Thread 0x0000022b448ce670 DEOPT UNPACKING pc=0x0000022b314b6e43 sp=0x000000938b0fde00 mode 0
Event: 11.194 Thread 0x0000022b448ce670 DEOPT PACKING pc=0x0000022b2ad6cb13 sp=0x000000938b0fe880
Event: 11.194 Thread 0x0000022b448ce670 DEOPT UNPACKING pc=0x0000022b314b6e43 sp=0x000000938b0fde00 mode 0
Event: 11.208 Thread 0x0000022b448ce670 DEOPT PACKING pc=0x0000022b2ad6cb13 sp=0x000000938b0fe880
Event: 11.208 Thread 0x0000022b448ce670 DEOPT UNPACKING pc=0x0000022b314b6e43 sp=0x000000938b0fde00 mode 0
Event: 11.210 Thread 0x0000022b448ce670 DEOPT PACKING pc=0x0000022b2ad6cb13 sp=0x000000938b0fe880
Event: 11.210 Thread 0x0000022b448ce670 DEOPT UNPACKING pc=0x0000022b314b6e43 sp=0x000000938b0fde00 mode 0
Event: 11.211 Thread 0x0000022b448ce670 DEOPT PACKING pc=0x0000022b2ad6cb13 sp=0x000000938b0fe880
Event: 11.211 Thread 0x0000022b448ce670 DEOPT UNPACKING pc=0x0000022b314b6e43 sp=0x000000938b0fde00 mode 0
Event: 11.216 Thread 0x0000022b448ce670 DEOPT PACKING pc=0x0000022b2ad6cb13 sp=0x000000938b0fe880
Event: 11.216 Thread 0x0000022b448ce670 DEOPT UNPACKING pc=0x0000022b314b6e43 sp=0x000000938b0fde00 mode 0
Event: 11.220 Thread 0x0000022b448ce670 DEOPT PACKING pc=0x0000022b2ad6cb13 sp=0x000000938b0fe880
Event: 11.220 Thread 0x0000022b448ce670 DEOPT UNPACKING pc=0x0000022b314b6e43 sp=0x000000938b0fde00 mode 0

Classes loaded (20 events):
Event: 10.353 Loading class java/util/stream/ReduceOps$2ReducingSink
Event: 10.353 Loading class java/util/stream/ReduceOps$2ReducingSink done
Event: 10.440 Loading class jdk/internal/ref/CleanerImpl$InnocuousThreadFactory
Event: 10.440 Loading class jdk/internal/ref/CleanerImpl$InnocuousThreadFactory done
Event: 10.459 Loading class java/util/stream/ReferencePipeline$4
Event: 10.459 Loading class java/util/stream/ReferencePipeline$4 done
Event: 10.459 Loading class java/util/stream/Nodes$IntFixedNodeBuilder
Event: 10.459 Loading class java/util/stream/Nodes$IntArrayNode
Event: 10.459 Loading class java/util/stream/Nodes$IntArrayNode done
Event: 10.459 Loading class java/util/stream/Nodes$IntFixedNodeBuilder done
Event: 10.460 Loading class java/util/stream/ReferencePipeline$4$1
Event: 10.460 Loading class java/util/stream/ReferencePipeline$4$1 done
Event: 10.817 Loading class java/lang/Throwable$WrappedPrintWriter
Event: 10.817 Loading class java/lang/Throwable$PrintStreamOrWriter
Event: 10.817 Loading class java/lang/Throwable$PrintStreamOrWriter done
Event: 10.817 Loading class java/lang/Throwable$WrappedPrintWriter done
Event: 11.107 Loading class java/util/concurrent/ConcurrentHashMap$TreeNode
Event: 11.107 Loading class java/util/concurrent/ConcurrentHashMap$TreeNode done
Event: 11.107 Loading class java/util/concurrent/ConcurrentHashMap$TreeBin
Event: 11.107 Loading class java/util/concurrent/ConcurrentHashMap$TreeBin done

Classes unloaded (7 events):
Event: 6.725 Thread 0x0000022b3b129a10 Unloading class 0x0000000100250400 'java/lang/invoke/LambdaForm$MH+0x0000000100250400'
Event: 6.725 Thread 0x0000022b3b129a10 Unloading class 0x0000000100250000 'java/lang/invoke/LambdaForm$MH+0x0000000100250000'
Event: 6.725 Thread 0x0000022b3b129a10 Unloading class 0x000000010024fc00 'java/lang/invoke/LambdaForm$MH+0x000000010024fc00'
Event: 6.725 Thread 0x0000022b3b129a10 Unloading class 0x000000010024f800 'java/lang/invoke/LambdaForm$MH+0x000000010024f800'
Event: 6.725 Thread 0x0000022b3b129a10 Unloading class 0x000000010024f400 'java/lang/invoke/LambdaForm$BMH+0x000000010024f400'
Event: 6.725 Thread 0x0000022b3b129a10 Unloading class 0x000000010024f000 'java/lang/invoke/LambdaForm$DMH+0x000000010024f000'
Event: 6.725 Thread 0x0000022b3b129a10 Unloading class 0x000000010024c400 'java/lang/invoke/LambdaForm$DMH+0x000000010024c400'

Classes redefined (0 events):
No events

Internal exceptions (20 events):
Event: 9.910 Thread 0x0000022b448d2330 Exception <a 'java/lang/NoSuchMethodError'{0x00000000eb522ab0}: 'java.lang.Object java.lang.invoke.DirectMethodHandle$Holder.invokeVirtual(java.lang.Object, java.lang.Object, java.lang.Object)'> (0x00000000eb522ab0) 
thrown [s\src\hotspot\share\interpreter\linkResolver.cpp, line 759]
Event: 10.031 Thread 0x0000022b448d2330 Exception <a 'sun/nio/fs/WindowsException'{0x00000000eb274b08}> (0x00000000eb274b08) 
thrown [s\src\hotspot\share\prims\jni.cpp, line 516]
Event: 10.049 Thread 0x0000022b448d2330 Exception <a 'sun/nio/fs/WindowsException'{0x00000000eab5cc40}> (0x00000000eab5cc40) 
thrown [s\src\hotspot\share\prims\jni.cpp, line 516]
Event: 10.129 Thread 0x0000022b41b43fa0 Exception <a 'java/lang/NoSuchMethodError'{0x00000000ead07dd0}: 'java.lang.Object java.lang.invoke.DirectMethodHandle$Holder.invokeSpecial(java.lang.Object, java.lang.Object, int, long)'> (0x00000000ead07dd0) 
thrown [s\src\hotspot\share\interpreter\linkResolver.cpp, line 759]
Event: 10.141 Thread 0x0000022b448d2840 Exception <a 'java/lang/IncompatibleClassChangeError'{0x00000000eab10af8}: Found class java.lang.Object, but interface was expected> (0x00000000eab10af8) 
thrown [s\src\hotspot\share\interpreter\linkResolver.cpp, line 826]
Event: 10.167 Thread 0x0000022b448d2840 Exception <a 'java/lang/NoSuchMethodError'{0x00000000eae3f078}: 'int java.lang.invoke.DirectMethodHandle$Holder.invokeStatic(java.lang.Object, java.lang.Object, java.lang.Object, int)'> (0x00000000eae3f078) 
thrown [s\src\hotspot\share\interpreter\linkResolver.cpp, line 759]
Event: 10.192 Thread 0x0000022b448d2840 Implicit null exception at 0x0000022b31ddbb1e to 0x0000022b31ddbc4c
Event: 10.210 Thread 0x0000022b448d2330 Exception <a 'java/lang/NoSuchMethodError'{0x00000000eadd12e0}: 'int java.lang.invoke.DirectMethodHandle$Holder.invokeSpecialIFC(java.lang.Object, java.lang.Object, java.lang.Object)'> (0x00000000eadd12e0) 
thrown [s\src\hotspot\share\interpreter\linkResolver.cpp, line 759]
Event: 10.263 Thread 0x0000022b45f67aa0 Exception <a 'java/lang/NoSuchMethodError'{0x00000000eaf21318}: 'int java.lang.invoke.DirectMethodHandle$Holder.invokeStatic(java.lang.Object, int, java.lang.Object)'> (0x00000000eaf21318) 
thrown [s\src\hotspot\share\interpreter\linkResolver.cpp, line 759]
Event: 10.333 Thread 0x0000022b448d2330 Exception <a 'sun/nio/fs/WindowsException'{0x00000000eb286680}> (0x00000000eb286680) 
thrown [s\src\hotspot\share\prims\jni.cpp, line 516]
Event: 10.333 Thread 0x0000022b448d2330 Exception <a 'sun/nio/fs/WindowsException'{0x00000000eb286d98}> (0x00000000eb286d98) 
thrown [s\src\hotspot\share\prims\jni.cpp, line 516]
Event: 10.335 Thread 0x0000022b448d2330 Exception <a 'sun/nio/fs/WindowsException'{0x00000000eb3f8e98}> (0x00000000eb3f8e98) 
thrown [s\src\hotspot\share\prims\jni.cpp, line 516]
Event: 10.335 Thread 0x0000022b448d2330 Exception <a 'sun/nio/fs/WindowsException'{0x00000000eb3f95b0}> (0x00000000eb3f95b0) 
thrown [s\src\hotspot\share\prims\jni.cpp, line 516]
Event: 10.341 Thread 0x0000022b448d2330 Exception <a 'java/lang/NoSuchMethodError'{0x00000000eac20c50}: 'java.lang.Object java.lang.invoke.DirectMethodHandle$Holder.invokeStatic(java.lang.Object, java.lang.Object, int, java.lang.Object)'> (0x00000000eac20c50) 
thrown [s\src\hotspot\share\interpreter\linkResolver.cpp, line 759]
Event: 10.341 Thread 0x0000022b448d2330 Exception <a 'java/lang/NoSuchMethodError'{0x00000000eac64ee8}: 'java.lang.Object java.lang.invoke.DirectMethodHandle$Holder.newInvokeSpecial(java.lang.Object, java.lang.Object, int)'> (0x00000000eac64ee8) 
thrown [s\src\hotspot\share\interpreter\linkResolver.cpp, line 759]
Event: 10.383 Thread 0x0000022b41b43fa0 Exception <a 'sun/nio/fs/WindowsException'{0x00000000eabe0fa0}> (0x00000000eabe0fa0) 
thrown [s\src\hotspot\share\prims\jni.cpp, line 516]
Event: 10.383 Thread 0x0000022b41b43fa0 Exception <a 'sun/nio/fs/WindowsException'{0x00000000eabe1340}> (0x00000000eabe1340) 
thrown [s\src\hotspot\share\prims\jni.cpp, line 516]
Event: 10.474 Thread 0x0000022b45f693f0 Exception <a 'java/lang/NoSuchMethodError'{0x00000000eae74948}: 'java.lang.Object java.lang.invoke.DirectMethodHandle$Holder.invokeStatic(java.lang.Object, int, java.lang.Object, java.lang.Object, java.lang.Object, java.lang.Object)'> (0x00000000eae74948) 
thrown [s\src\hotspot\share\interpreter\linkResolver.cpp, line 759]
Event: 10.871 Thread 0x0000022b45f693f0 Exception <a 'java/lang/ArrayIndexOutOfBoundsException'{0x00000000ead38fe0}> (0x00000000ead38fe0) 
thrown [s\src\hotspot\share\runtime\sharedRuntime.cpp, line 631]
Event: 11.160 Thread 0x0000022b448ce670 Implicit null exception at 0x0000022b31e54660 to 0x0000022b31e58c28

VM Operations (20 events):
Event: 11.024 Executing VM operation: ParallelGCFailedAllocation
Event: 11.026 Executing VM operation: ParallelGCFailedAllocation done
Event: 11.044 Executing VM operation: ParallelGCFailedAllocation
Event: 11.047 Executing VM operation: ParallelGCFailedAllocation done
Event: 11.066 Executing VM operation: ParallelGCFailedAllocation
Event: 11.068 Executing VM operation: ParallelGCFailedAllocation done
Event: 11.088 Executing VM operation: ParallelGCFailedAllocation
Event: 11.092 Executing VM operation: ParallelGCFailedAllocation done
Event: 11.115 Executing VM operation: ParallelGCFailedAllocation
Event: 11.118 Executing VM operation: ParallelGCFailedAllocation done
Event: 11.127 Executing VM operation: HandshakeAllThreads
Event: 11.128 Executing VM operation: HandshakeAllThreads done
Event: 11.142 Executing VM operation: ParallelGCFailedAllocation
Event: 11.145 Executing VM operation: ParallelGCFailedAllocation done
Event: 11.165 Executing VM operation: ParallelGCFailedAllocation
Event: 11.168 Executing VM operation: ParallelGCFailedAllocation done
Event: 11.191 Executing VM operation: ParallelGCFailedAllocation
Event: 11.193 Executing VM operation: ParallelGCFailedAllocation done
Event: 11.216 Executing VM operation: ParallelGCFailedAllocation
Event: 11.218 Executing VM operation: ParallelGCFailedAllocation done

Events (20 events):
Event: 10.128 Thread 0x0000022b45f69900 Thread added: 0x0000022b45f69900
Event: 10.128 Thread 0x0000022b45f62490 Thread added: 0x0000022b45f62490
Event: 10.129 Thread 0x0000022b45f63de0 Thread added: 0x0000022b45f63de0
Event: 10.136 Thread 0x0000022b45f67590 Thread added: 0x0000022b45f67590
Event: 10.194 Thread 0x0000022b45f64800 Thread exited: 0x0000022b45f64800
Event: 10.221 Thread 0x0000022b45f62eb0 Thread added: 0x0000022b45f62eb0
Event: 10.237 Thread 0x0000022b45f67aa0 Thread added: 0x0000022b45f67aa0
Event: 10.440 Thread 0x0000022b45f65220 Thread added: 0x0000022b45f65220
Event: 11.129 Thread 0x0000022b4050f8c0 flushing nmethod 0x0000022b29f7cb90
Event: 11.129 Thread 0x0000022b4050f8c0 flushing nmethod 0x0000022b29f85b10
Event: 11.129 Thread 0x0000022b4050f8c0 flushing nmethod 0x0000022b29fbb890
Event: 11.132 Thread 0x0000022b4050f8c0 flushing nmethod 0x0000022b2a7c2090
Event: 11.134 Thread 0x0000022b4050f8c0 flushing nmethod 0x0000022b2aba8290
Event: 11.134 Thread 0x0000022b4050f8c0 flushing nmethod 0x0000022b2abce810
Event: 11.134 Thread 0x0000022b4050f8c0 flushing nmethod 0x0000022b2abcee90
Event: 11.135 Thread 0x0000022b4050f8c0 flushing nmethod 0x0000022b2ad0aa10
Event: 11.135 Thread 0x0000022b4050f8c0 flushing nmethod 0x0000022b2ad0b610
Event: 11.135 Thread 0x0000022b4050f8c0 flushing nmethod 0x0000022b2ad0d010
Event: 11.135 Thread 0x0000022b4050f8c0 flushing nmethod 0x0000022b2ad0ff90
Event: 11.135 Thread 0x0000022b4050f8c0 flushing nmethod 0x0000022b2ad10610


Dynamic libraries:
0x00007ff739eb0000 - 0x00007ff739ebe000 	c:\Users\Achraf\.vscode\extensions\redhat.java-1.35.0-win32-x64\jre\17.0.12-win32-x86_64\bin\java.exe
0x00007ffe9d810000 - 0x00007ffe9da08000 	C:\Windows\SYSTEM32\ntdll.dll
0x00007ffe9c630000 - 0x00007ffe9c6f2000 	C:\Windows\System32\KERNEL32.DLL
0x00007ffe9b0c0000 - 0x00007ffe9b3be000 	C:\Windows\System32\KERNELBASE.dll
0x00007ffe9b690000 - 0x00007ffe9b790000 	C:\Windows\System32\ucrtbase.dll
0x00007ffe92630000 - 0x00007ffe9264b000 	c:\Users\Achraf\.vscode\extensions\redhat.java-1.35.0-win32-x64\jre\17.0.12-win32-x86_64\bin\VCRUNTIME140.dll
0x00007ffe93e60000 - 0x00007ffe93e77000 	c:\Users\Achraf\.vscode\extensions\redhat.java-1.35.0-win32-x64\jre\17.0.12-win32-x86_64\bin\jli.dll
0x00007ffe9c940000 - 0x00007ffe9cadd000 	C:\Windows\System32\USER32.dll
0x00007ffe9aec0000 - 0x00007ffe9aee2000 	C:\Windows\System32\win32u.dll
0x00007ffe86870000 - 0x00007ffe86b0a000 	C:\Windows\WinSxS\amd64_microsoft.windows.common-controls_6595b64144ccf1df_6.0.19041.4355_none_60b8b9eb71f62e16\COMCTL32.dll
0x00007ffe9d730000 - 0x00007ffe9d7ce000 	C:\Windows\System32\msvcrt.dll
0x00007ffe9c420000 - 0x00007ffe9c44b000 	C:\Windows\System32\GDI32.dll
0x00007ffe9b520000 - 0x00007ffe9b637000 	C:\Windows\System32\gdi32full.dll
0x00007ffe9afb0000 - 0x00007ffe9b04d000 	C:\Windows\System32\msvcp_win.dll
0x00007ffe9d4f0000 - 0x00007ffe9d51f000 	C:\Windows\System32\IMM32.DLL
0x00007ffe97360000 - 0x00007ffe9736c000 	c:\Users\Achraf\.vscode\extensions\redhat.java-1.35.0-win32-x64\jre\17.0.12-win32-x86_64\bin\vcruntime140_1.dll
0x00007ffe7ff40000 - 0x00007ffe7ffcd000 	c:\Users\Achraf\.vscode\extensions\redhat.java-1.35.0-win32-x64\jre\17.0.12-win32-x86_64\bin\msvcp140.dll
0x00007ffe0d080000 - 0x00007ffe0dcea000 	c:\Users\Achraf\.vscode\extensions\redhat.java-1.35.0-win32-x64\jre\17.0.12-win32-x86_64\bin\server\jvm.dll
0x00007ffe9c580000 - 0x00007ffe9c630000 	C:\Windows\System32\ADVAPI32.dll
0x00007ffe9c4e0000 - 0x00007ffe9c580000 	C:\Windows\System32\sechost.dll
0x00007ffe9cb50000 - 0x00007ffe9cc73000 	C:\Windows\System32\RPCRT4.dll
0x00007ffe9af80000 - 0x00007ffe9afa7000 	C:\Windows\System32\bcrypt.dll
0x00007ffe9cae0000 - 0x00007ffe9cb4b000 	C:\Windows\System32\WS2_32.dll
0x00007ffe9a600000 - 0x00007ffe9a64b000 	C:\Windows\SYSTEM32\POWRPROF.dll
0x00007ffe937d0000 - 0x00007ffe937da000 	C:\Windows\SYSTEM32\VERSION.dll
0x00007ffe8edb0000 - 0x00007ffe8edd7000 	C:\Windows\SYSTEM32\WINMM.dll
0x00007ffe9a550000 - 0x00007ffe9a562000 	C:\Windows\SYSTEM32\UMPDC.dll
0x00007ffe98d60000 - 0x00007ffe98d72000 	C:\Windows\SYSTEM32\kernel.appcore.dll
0x00007ffe94770000 - 0x00007ffe9477a000 	c:\Users\Achraf\.vscode\extensions\redhat.java-1.35.0-win32-x64\jre\17.0.12-win32-x86_64\bin\jimage.dll
0x00007ffe8f930000 - 0x00007ffe8fb14000 	C:\Windows\SYSTEM32\DBGHELP.DLL
0x00007ffe89000000 - 0x00007ffe89034000 	C:\Windows\SYSTEM32\dbgcore.DLL
0x00007ffe9aef0000 - 0x00007ffe9af72000 	C:\Windows\System32\bcryptPrimitives.dll
0x00007ffe915e0000 - 0x00007ffe915ee000 	c:\Users\Achraf\.vscode\extensions\redhat.java-1.35.0-win32-x64\jre\17.0.12-win32-x86_64\bin\instrument.dll
0x00007ffe82310000 - 0x00007ffe82335000 	c:\Users\Achraf\.vscode\extensions\redhat.java-1.35.0-win32-x64\jre\17.0.12-win32-x86_64\bin\java.dll
0x00007ffe90740000 - 0x00007ffe90758000 	c:\Users\Achraf\.vscode\extensions\redhat.java-1.35.0-win32-x64\jre\17.0.12-win32-x86_64\bin\zip.dll
0x00007ffe9b840000 - 0x00007ffe9bfaf000 	C:\Windows\System32\SHELL32.dll
0x00007ffe98f60000 - 0x00007ffe99704000 	C:\Windows\SYSTEM32\windows.storage.dll
0x00007ffe9d190000 - 0x00007ffe9d4e3000 	C:\Windows\System32\combase.dll
0x00007ffe9a8f0000 - 0x00007ffe9a91e000 	C:\Windows\SYSTEM32\Wldp.dll
0x00007ffe9d640000 - 0x00007ffe9d70d000 	C:\Windows\System32\OLEAUT32.dll
0x00007ffe9c810000 - 0x00007ffe9c8bd000 	C:\Windows\System32\SHCORE.dll
0x00007ffe9d130000 - 0x00007ffe9d185000 	C:\Windows\System32\shlwapi.dll
0x00007ffe9adf0000 - 0x00007ffe9ae14000 	C:\Windows\SYSTEM32\profapi.dll
0x00007ffe81c10000 - 0x00007ffe81c29000 	C:\Users\Achraf\.vscode\extensions\redhat.java-1.35.0-win32-x64\jre\17.0.12-win32-x86_64\bin\net.dll
0x00007ffe93230000 - 0x00007ffe9333d000 	C:\Windows\SYSTEM32\WINHTTP.dll
0x00007ffe9a650000 - 0x00007ffe9a6ba000 	C:\Windows\system32\mswsock.dll
0x00007ffe81bf0000 - 0x00007ffe81c06000 	C:\Users\Achraf\.vscode\extensions\redhat.java-1.35.0-win32-x64\jre\17.0.12-win32-x86_64\bin\nio.dll
0x00007ffe915d0000 - 0x00007ffe915e0000 	c:\Users\Achraf\.vscode\extensions\redhat.java-1.35.0-win32-x64\jre\17.0.12-win32-x86_64\bin\verify.dll
0x00007ffe7fef0000 - 0x00007ffe7ff35000 	C:\Users\Achraf\AppData\Roaming\Code\User\globalStorage\redhat.java\1.35.0\config_win\org.eclipse.equinox.launcher\org.eclipse.equinox.launcher.win32.win32.x86_64_1.2.1100.v20240722-2106\eclipse_11904.dll
0x00007ffe9d000000 - 0x00007ffe9d12b000 	C:\Windows\System32\ole32.dll
0x00007ffe9a850000 - 0x00007ffe9a868000 	C:\Windows\SYSTEM32\CRYPTSP.dll
0x00007ffe99ea0000 - 0x00007ffe99ed4000 	C:\Windows\system32\rsaenh.dll
0x00007ffe9adb0000 - 0x00007ffe9adde000 	C:\Windows\SYSTEM32\USERENV.dll
0x00007ffe9a840000 - 0x00007ffe9a84c000 	C:\Windows\SYSTEM32\CRYPTBASE.dll
0x00007ffe9a2c0000 - 0x00007ffe9a2fb000 	C:\Windows\SYSTEM32\IPHLPAPI.DLL
0x00007ffe9d710000 - 0x00007ffe9d718000 	C:\Windows\System32\NSI.dll
0x00007ffe96d70000 - 0x00007ffe96d87000 	C:\Windows\SYSTEM32\dhcpcsvc6.DLL
0x00007ffe96340000 - 0x00007ffe9635d000 	C:\Windows\SYSTEM32\dhcpcsvc.DLL
0x00007ffe9a300000 - 0x00007ffe9a3ca000 	C:\Windows\SYSTEM32\DNSAPI.dll
0x00007ffe7e690000 - 0x00007ffe7e6d9000 	C:\Users\Achraf\AppData\Local\Temp\jna-1955534321\jna1341008230646936021.dll
0x00007ffe9d720000 - 0x00007ffe9d728000 	C:\Windows\System32\PSAPI.DLL
0x00007ffe82300000 - 0x00007ffe8230e000 	C:\Users\Achraf\.vscode\extensions\redhat.java-1.35.0-win32-x64\jre\17.0.12-win32-x86_64\bin\sunmscapi.dll
0x00007ffe9b3c0000 - 0x00007ffe9b51c000 	C:\Windows\System32\CRYPT32.dll
0x00007ffe9a960000 - 0x00007ffe9a989000 	C:\Windows\SYSTEM32\ncrypt.dll
0x00007ffe9a920000 - 0x00007ffe9a95b000 	C:\Windows\SYSTEM32\NTASN1.dll
0x00007ffe937e0000 - 0x00007ffe937ea000 	C:\Windows\System32\rasadhlp.dll
0x00007ffe917a0000 - 0x00007ffe91820000 	C:\Windows\System32\fwpuclnt.dll
0x00007ffe81be0000 - 0x00007ffe81be9000 	C:\Users\Achraf\.vscode\extensions\redhat.java-1.35.0-win32-x64\jre\17.0.12-win32-x86_64\bin\extnet.dll

dbghelp: loaded successfully - version: 4.0.5 - missing functions: none
symbol engine: initialized successfully - sym options: 0x614 - pdb path: .;c:\Users\Achraf\.vscode\extensions\redhat.java-1.35.0-win32-x64\jre\17.0.12-win32-x86_64\bin;C:\Windows\SYSTEM32;C:\Windows\WinSxS\amd64_microsoft.windows.common-controls_6595b64144ccf1df_6.0.19041.4355_none_60b8b9eb71f62e16;c:\Users\Achraf\.vscode\extensions\redhat.java-1.35.0-win32-x64\jre\17.0.12-win32-x86_64\bin\server;C:\Users\Achraf\AppData\Roaming\Code\User\globalStorage\redhat.java\1.35.0\config_win\org.eclipse.equinox.launcher\org.eclipse.equinox.launcher.win32.win32.x86_64_1.2.1100.v20240722-2106;C:\Users\Achraf\AppData\Local\Temp\jna-1955534321

VM Arguments:
jvm_args: --add-modules=ALL-SYSTEM --add-opens=java.base/java.util=ALL-UNNAMED --add-opens=java.base/java.lang=ALL-UNNAMED --add-opens=java.base/sun.nio.fs=ALL-UNNAMED -Declipse.application=org.eclipse.jdt.ls.core.id1 -Dosgi.bundles.defaultStartLevel=4 -Declipse.product=org.eclipse.jdt.ls.core.product -Djava.import.generatesMetadataFilesAtProjectRoot=false -DDetectVMInstallationsJob.disabled=true -Dfile.encoding=utf8 -XX:+UseParallelGC -XX:GCTimeRatio=4 -XX:AdaptiveSizePolicyWeight=90 -Dsun.zip.disableMemoryMapping=true -Xmx1G -Xms100m -Xlog:disable -javaagent:c:\Users\Achraf\.vscode\extensions\redhat.java-1.35.0-win32-x64\lombok\lombok-1.18.33.jar -XX:+HeapDumpOnOutOfMemoryError -XX:HeapDumpPath=c:\Users\Achraf\AppData\Roaming\Code\User\workspaceStorage\608a4e0bca75e65c30703e1f81787409\redhat.java -Daether.dependencyCollector.impl=bf 
java_command: c:\Users\Achraf\.vscode\extensions\redhat.java-1.35.0-win32-x64\server\plugins\org.eclipse.equinox.launcher_1.6.900.v20240613-2009.jar -configuration c:\Users\Achraf\AppData\Roaming\Code\User\globalStorage\redhat.java\1.35.0\config_win -data c:\Users\Achraf\AppData\Roaming\Code\User\workspaceStorage\608a4e0bca75e65c30703e1f81787409\redhat.java\jdt_ws --pipe=\\.\pipe\lsp-ddf46cef25830244b0bba72ca048b68e-sock
java_class_path (initial): c:\Users\Achraf\.vscode\extensions\redhat.java-1.35.0-win32-x64\server\plugins\org.eclipse.equinox.launcher_1.6.900.v20240613-2009.jar
Launcher Type: SUN_STANDARD

[Global flags]
    uintx AdaptiveSizePolicyWeight                 = 90                                        {product} {command line}
     intx CICompilerCount                          = 4                                         {product} {ergonomic}
    uintx GCTimeRatio                              = 4                                         {product} {command line}
     bool HeapDumpOnOutOfMemoryError               = true                                   {manageable} {command line}
    ccstr HeapDumpPath                             = c:\Users\Achraf\AppData\Roaming\Code\User\workspaceStorage\608a4e0bca75e65c30703e1f81787409\redhat.java         {manageable} {command line}
   size_t InitialHeapSize                          = 104857600                                 {product} {command line}
   size_t MaxHeapSize                              = 1073741824                                {product} {command line}
   size_t MaxNewSize                               = 357564416                                 {product} {ergonomic}
   size_t MinHeapDeltaBytes                        = 524288                                    {product} {ergonomic}
   size_t MinHeapSize                              = 104857600                                 {product} {command line}
   size_t NewSize                                  = 34603008                                  {product} {ergonomic}
    uintx NonNMethodCodeHeapSize                   = 5839372                                {pd product} {ergonomic}
    uintx NonProfiledCodeHeapSize                  = 122909434                              {pd product} {ergonomic}
   size_t OldSize                                  = 70254592                                  {product} {ergonomic}
    uintx ProfiledCodeHeapSize                     = 122909434                              {pd product} {ergonomic}
    uintx ReservedCodeCacheSize                    = 251658240                              {pd product} {ergonomic}
     bool SegmentedCodeCache                       = true                                      {product} {ergonomic}
   size_t SoftMaxHeapSize                          = 1073741824                             {manageable} {ergonomic}
     bool UseCompressedClassPointers               = true                           {product lp64_product} {ergonomic}
     bool UseCompressedOops                        = true                           {product lp64_product} {ergonomic}
     bool UseLargePagesIndividualAllocation        = false                                  {pd product} {ergonomic}
     bool UseParallelGC                            = true                                      {product} {command line}

Logging:
Log output configuration:
 #0: stdout all=off uptime,level,tags
 #1: stderr all=off uptime,level,tags

Environment Variables:
PATH=C:\Program Files\Eclipse Adoptium\jdk-21.0.4.7-hotspot\bin;C:\Program Files\Common Files\Oracle\Java\javapath;C:\Windows\system32;C:\Windows;C:\Windows\System32\Wbem;C:\Windows\System32\WindowsPowerShell\v1.0\;C:\Windows\System32\OpenSSH\;C:\Program Files\dotnet\;C:\Program Files (x86)\NVIDIA Corporation\PhysX\Common;C:\Program Files\Git\cmd;C:\Program Files\NVIDIA Corporation\NVIDIA NvDLISR;C:\Users\Achraf\AppData\Local\Microsoft\WindowsApps;C:\Users\Achraf\AppData\Local\Programs\Microsoft VS Code\bin;C:\Users\Achraf\AppData\Local\GitHubDesktop\bin
USERNAME=Achraf
OS=Windows_NT
PROCESSOR_IDENTIFIER=AMD64 Family 25 Model 33 Stepping 2, AuthenticAMD
TMP=C:\Users\Achraf\AppData\Local\Temp
TEMP=C:\Users\Achraf\AppData\Local\Temp



Periodic native trim disabled


---------------  S Y S T E M  ---------------

OS:
 Windows 10 , 64 bit Build 19041 (10.0.19041.4957)
OS uptime: 0 days 1:04 hours

CPU: total 12 (initial active 12) (12 cores per cpu, 2 threads per core) family 25 model 33 stepping 2 microcode 0x0, cx8, cmov, fxsr, ht, mmx, 3dnowpref, sse, sse2, sse3, ssse3, sse4a, sse4.1, sse4.2, popcnt, lzcnt, tsc, tscinvbit, avx, avx2, aes, erms, clmul, bmi1, bmi2, adx, sha, fma, vzeroupper, clflush, clflushopt
Processor Information for all 12 processors :
  Max Mhz: 4200, Current Mhz: 4200, Mhz Limit: 4200

Memory: 4k page, system-wide physical 16295M (5951M free)
TotalPageFile size 31655M (AvailPageFile size 15473M)
current process WorkingSet (physical memory assigned to process): 468M, peak: 469M
current process commit charge ("private bytes"): 478M, peak: 481M

vm_info: OpenJDK 64-Bit Server VM (17.0.12+7) for windows-amd64 JRE (17.0.12+7), built on Jul 16 2024 22:08:24 by "admin" with MS VC++ 16.10 / 16.11 (VS2019)

END.
