#
# A fatal error has been detected by the Java Runtime Environment:
#
#  EXCEPTION_ACCESS_VIOLATION (0xc0000005) at pc=0x00007ffac5f98c13, pid=24252, tid=24312
#
# JRE version: OpenJDK Runtime Environment Temurin-21.0.6+7 (21.0.6+7) (build 21.0.6+7-LTS)
# Java VM: OpenJDK 64-Bit Server VM Temurin-21.0.6+7 (21.0.6+7-LTS, mixed mode, sharing, tiered, compressed oops, compressed class ptrs, parallel gc, windows-amd64)
# Problematic frame:
# V  [jvm.dll+0x6a8c13]
#
# No core dump will be written. Minidumps are not enabled by default on client versions of Windows
#
# If you would like to submit a bug report, please visit:
#   https://github.com/adoptium/adoptium-support/issues
#

---------------  S U M M A R Y ------------

Command Line: --add-modules=ALL-SYSTEM --add-opens=java.base/java.util=ALL-UNNAMED --add-opens=java.base/java.lang=ALL-UNNAMED --add-opens=java.base/sun.nio.fs=ALL-UNNAMED -Declipse.application=org.eclipse.jdt.ls.core.id1 -Dosgi.bundles.defaultStartLevel=4 -Declipse.product=org.eclipse.jdt.ls.core.product -Djava.import.generatesMetadataFilesAtProjectRoot=false -DDetectVMInstallationsJob.disabled=true -Dfile.encoding=utf8 -XX:+UseParallelGC -XX:GCTimeRatio=4 -XX:AdaptiveSizePolicyWeight=90 -Dsun.zip.disableMemoryMapping=true -Xmx1G -Xms100m -Xlog:disable -javaagent:c:\Users\Achraf\.vscode\extensions\redhat.java-1.40.0-win32-x64\lombok\lombok-1.18.36.jar c:\Users\Achraf\.vscode\extensions\redhat.java-1.40.0-win32-x64\server\plugins\org.eclipse.equinox.launcher_1.6.1000.v20250131-0606.jar -configuration c:\Users\Achraf\AppData\Roaming\Code\User\globalStorage\redhat.java\1.40.0\config_ss_win -data c:\Users\Achraf\AppData\Roaming\Code\User\workspaceStorage\608a4e0bca75e65c30703e1f81787409\redhat.java\ss_ws --pipe=\\.\pipe\lsp-45170e8036335c7b8010d86c32da063e-sock

Host: AMD Ryzen 5 5600X 6-Core Processor             , 12 cores, 15G,  Windows 10 , 64 bit Build 19041 (10.0.19041.5438)
Time: Sat Mar  8 12:53:07 2025 Hora est嫕dar romance elapsed time: 3.063009 seconds (0d 0h 0m 3s)

---------------  T H R E A D  ---------------

Current thread (0x000001ad6700e880):  JavaThread "C2 CompilerThread0" daemon [_thread_in_native, id=24312, stack(0x0000002970200000,0x0000002970300000) (1024K)]


Current CompileTask:
C2:3063 4020       4       java.lang.invoke.MemberName::getMethodOrFieldType (72 bytes)

Stack: [0x0000002970200000,0x0000002970300000],  sp=0x00000029702fca00,  free space=1010k
Native frames: (J=compiled Java code, j=interpreted, Vv=VM code, C=native code)
V  [jvm.dll+0x6a8c13]
V  [jvm.dll+0x6d68cb]
V  [jvm.dll+0x6d3440]
V  [jvm.dll+0x247dbd]
V  [jvm.dll+0x246fcf]
V  [jvm.dll+0x1c75ee]
V  [jvm.dll+0x25685a]
V  [jvm.dll+0x254dfa]
V  [jvm.dll+0x3f0256]
V  [jvm.dll+0x851f8b]
V  [jvm.dll+0x6cc5ed]
C  [ucrtbase.dll+0x21bb2]
C  [KERNEL32.DLL+0x17374]
C  [ntdll.dll+0x4cc91]


siginfo: EXCEPTION_ACCESS_VIOLATION (0xc0000005), reading address 0x000001ad6a677ff8


Registers:
RAX=0x0000000000000002, RBX=0x000001ad6ad23568, RCX=0x000001ad6ad23630, RDX=0x000001ad6a678000
RSP=0x00000029702fca00, RBP=0x0000000000000002, RSI=0x000001ad67007c48, RDI=0x0000000000000001
R8 =0x000001ad6ad236d0, R9 =0x000001ad6ad23600, R10=0x000001ad6ad23560, R11=0x000001ad6ad23560
R12=0x0000000000000000, R13=0x0000000000000070, R14=0x000001ad6a68bbf8, R15=0x00000029702fe4b0
RIP=0x00007ffac5f98c13, EFLAGS=0x0000000000010282

XMM[0]=0x0000000000000000 0x0000000000000000
XMM[1]=0x0000000000000000 0x0000000000000000
XMM[2]=0x0000000000000000 0x0000000000000000
XMM[3]=0x0000000000000000 0x0000000000000000
XMM[4]=0x0000000000000000 0x0000000000000000
XMM[5]=0x0000000000000000 0x0000000000000000
XMM[6]=0x0000000000000000 0x0000000000000000
XMM[7]=0x0000000000000000 0x0000000000000000
XMM[8]=0x0000000000000000 0x0000000000000000
XMM[9]=0x0000000000000000 0x0000000000000000
XMM[10]=0x0000000000000000 0x0000000000000000
XMM[11]=0x0000000000000000 0x0000000000000000
XMM[12]=0x0000000000000000 0x0000000000000000
XMM[13]=0x0000000000000000 0x0000000000000000
XMM[14]=0x0000000000000000 0x0000000000000000
XMM[15]=0x0000000000000000 0x0000000000000000
  MXCSR=0x00001fa0


Register to memory mapping:

RAX=0x0000000000000002 is an unknown value
RBX=0x000001ad6ad23568 points into unknown readable memory: 0x00007ffac6291bf8 | f8 1b 29 c6 fa 7f 00 00
RCX=0x000001ad6ad23630 points into unknown readable memory: 0x00007ffac628ede0 | e0 ed 28 c6 fa 7f 00 00
RDX=0x000001ad6a678000 points into unknown readable memory: 0xffffffffffffffff | ff ff ff ff ff ff ff ff
RSP=0x00000029702fca00 is pointing into the stack for thread: 0x000001ad6700e880
RBP=0x0000000000000002 is an unknown value
RSI=0x000001ad67007c48 points into unknown readable memory: 0x000001ad67005d90 | 90 5d 00 67 ad 01 00 00
RDI=0x0000000000000001 is an unknown value
R8 =0x000001ad6ad236d0 points into unknown readable memory: 0x000001ad6a68bbf8 | f8 bb 68 6a ad 01 00 00
R9 =0x000001ad6ad23600 points into unknown readable memory: 0x000001ad6ad23630 | 30 36 d2 6a ad 01 00 00
R10=0x000001ad6ad23560 points into unknown readable memory: 0x000001ad6a68bbf8 | f8 bb 68 6a ad 01 00 00
R11=0x000001ad6ad23560 points into unknown readable memory: 0x000001ad6a68bbf8 | f8 bb 68 6a ad 01 00 00
R12=0x0 is null
R13=0x0000000000000070 is an unknown value
R14=0x000001ad6a68bbf8 points into unknown readable memory: 0x00007ffac62531a0 | a0 31 25 c6 fa 7f 00 00
R15=0x00000029702fe4b0 is pointing into the stack for thread: 0x000001ad6700e880

Top of Stack: (sp=0x00000029702fca00)
0x00000029702fca00:   000001ad6a68bbf8 0000000000000003
0x00000029702fca10:   000001ad697919d0 000001ad6ad23568
0x00000029702fca20:   0000000000000004 000001ad6a68bbf8
0x00000029702fca30:   0000000000000055 00007ffac5fc68cb
0x00000029702fca40:   0000000000000003 00000029702fe4b0
0x00000029702fca50:   000001ad6ad23568 000001ad697919d0
0x00000029702fca60:   0000069300000001 000000a00000050a
0x00000029702fca70:   0000000001e4ad50 ffffffffffffe730
0x00000029702fca80:   0000063300000b96 0000000000000500
0x00000029702fca90:   ffffffffffffce60 000001ad6978e834
0x00000029702fcaa0:   000001ad679482d0 000001ad69791750
0x00000029702fcab0:   000001ad69793020 000001ad6a415418
0x00000029702fcac0:   0000000000000018 fffffffffe1b6b80
0x00000029702fcad0:   00000000000018cc 0000000000001a30
0x00000029702fcae0:   0000000000000000 0000000000000000
0x00000029702fcaf0:   0000000000000010 00007ffac5b1b800
0x00000029702fcb00:   00007ffac659e280 00007ffac6376488
0x00000029702fcb10:   0000000000000000 0000000000000000
0x00000029702fcb20:   0000000000000000 00007ffac6376488
0x00000029702fcb30:   000001ad1fcb0f00 00007ffac5fc470f
0x00000029702fcb40:   0000000000000000 0000000000000633
0x00000029702fcb50:   000001ad6a68a7e0 0000000000000000
0x00000029702fcb60:   0000000000000070 000001ad6a6a8138
0x00000029702fcb70:   000001ad6978e5b0 00000029702fd530
0x00000029702fcb80:   000001ad6966bd90 00007ffac5fc3440
0x00000029702fcb90:   00000029702fd530 000001ad6978e5b0
0x00000029702fcba0:   00007ffac6376201 0000000000000ba6
0x00000029702fcbb0:   0000000000000000 0000000000000000
0x00000029702fcbc0:   0000000000000010 0000000000005ef8
0x00000029702fcbd0:   00000029702fe730 00007ffb4ec269bd
0x00000029702fcbe0:   00000029702fccb8 000001ad00000000
0x00000029702fcbf0:   0000000000000000 0000000000000194 

Instructions: (pc=0x00007ffac5f98c13)
0x00007ffac5f98b13:   1b 48 85 ed 74 16 49 63 cc 48 03 cd 48 3b 8f 98
0x00007ffac5f98b23:   02 00 00 75 07 48 89 af 98 02 00 00 4c 3b f3 75
0x00007ffac5f98b33:   20 48 85 f6 74 45 41 03 c7 48 63 c8 48 03 ce 48
0x00007ffac5f98b43:   3b 8f 98 02 00 00 75 33 48 89 b7 98 02 00 00 eb
0x00007ffac5f98b53:   2a 48 85 f6 74 10 4c 3b b7 98 02 00 00 75 07 48
0x00007ffac5f98b63:   89 b7 98 02 00 00 48 98 48 03 c3 48 3b 87 98 02
0x00007ffac5f98b73:   00 00 75 07 48 89 9f 98 02 00 00 48 8b 5c 24 58
0x00007ffac5f98b83:   48 8b 6c 24 60 48 8b 74 24 68 48 83 c4 20 41 5f
0x00007ffac5f98b93:   41 5e 41 5d 41 5c 5f c3 cc cc cc cc cc 48 89 5c
0x00007ffac5f98ba3:   24 10 48 89 74 24 18 48 89 7c 24 20 41 55 41 56
0x00007ffac5f98bb3:   41 57 48 83 ec 20 8b 41 18 4c 8b fa 4c 89 64 24
0x00007ffac5f98bc3:   40 48 8b d9 45 33 e4 41 bd 70 00 00 00 41 8b fc
0x00007ffac5f98bd3:   85 c0 74 6d 8b 0d 0b 56 63 00 65 48 8b 04 25 58
0x00007ffac5f98be3:   00 00 00 48 8d 34 c8 66 0f 1f 44 00 00 48 8b 43
0x00007ffac5f98bf3:   08 8b cf 4c 8d 0c c8 48 8b 0c c8 48 85 c9 74 38
0x00007ffac5f98c03:   4c 8b 41 10 4d 85 c0 74 1d 8b 41 20 49 8d 14 c0
0x00007ffac5f98c13:   48 39 5a f8 48 8d 52 f8 75 f6 ff c8 89 41 20 49
0x00007ffac5f98c23:   8b 0c c0 48 89 0a 48 8b 06 4d 89 21 45 38 64 05
0x00007ffac5f98c33:   00 75 05 e8 75 e3 29 00 8b 43 18 ff c7 3b f8 72
0x00007ffac5f98c43:   ac 8b 7b 1c 4c 8b 64 24 40 3b f8 76 75 8b 0d 92
0x00007ffac5f98c53:   55 63 00 65 48 8b 04 25 58 00 00 00 48 8d 34 c8
0x00007ffac5f98c63:   0f 1f 40 00 66 0f 1f 84 00 00 00 00 00 48 8b 43
0x00007ffac5f98c73:   08 ff cf 48 8b 14 f8 48 85 d2 74 41 4c 8b 42 10
0x00007ffac5f98c83:   4d 85 c0 74 1e 8b 4a 20 49 8d 04 c8 90 48 39 58
0x00007ffac5f98c93:   f8 48 8d 40 f8 75 f6 ff c9 89 4a 20 49 8b 14 c8
0x00007ffac5f98ca3:   48 89 10 8b d7 48 8b cb e8 d0 f8 ff ff 48 8b 06
0x00007ffac5f98cb3:   41 80 7c 05 00 00 75 05 e8 f0 e2 29 00 3b 7b 18
0x00007ffac5f98cc3:   77 ab 8b 53 28 49 8b cf 48 8b 5c 24 48 48 8b 74
0x00007ffac5f98cd3:   24 50 48 8b 7c 24 58 48 83 c4 20 41 5f 41 5e 41
0x00007ffac5f98ce3:   5d e9 37 93 ba ff cc cc cc cc cc cc cc 48 89 5c
0x00007ffac5f98cf3:   24 18 48 89 4c 24 08 55 56 57 41 54 41 55 41 56
0x00007ffac5f98d03:   41 57 48 83 ec 20 44 8b 3d 48 17 58 00 49 8b e8 


Stack slot to memory mapping:

stack at sp + 0 slots: 0x000001ad6a68bbf8 points into unknown readable memory: 0x00007ffac62531a0 | a0 31 25 c6 fa 7f 00 00
stack at sp + 1 slots: 0x0000000000000003 is an unknown value
stack at sp + 2 slots: 0x000001ad697919d0 points into unknown readable memory: 0x0000000000000006 | 06 00 00 00 00 00 00 00
stack at sp + 3 slots: 0x000001ad6ad23568 points into unknown readable memory: 0x00007ffac6291bf8 | f8 1b 29 c6 fa 7f 00 00
stack at sp + 4 slots: 0x0000000000000004 is an unknown value
stack at sp + 5 slots: 0x000001ad6a68bbf8 points into unknown readable memory: 0x00007ffac62531a0 | a0 31 25 c6 fa 7f 00 00
stack at sp + 6 slots: 0x0000000000000055 is an unknown value
stack at sp + 7 slots: 0x00007ffac5fc68cb jvm.dll


---------------  P R O C E S S  ---------------

Threads class SMR info:
_java_thread_list=0x000001ad6a668a90, length=39, elements={
0x000001ad0951ff70, 0x000001ad1fcbbb90, 0x000001ad1fcbd490, 0x000001ad67003040,
0x000001ad67003d50, 0x000001ad67008f20, 0x000001ad67018b50, 0x000001ad6700e880,
0x000001ad67019e10, 0x000001ad0b938650, 0x000001ad672e3520, 0x000001ad67374290,
0x000001ad67d36fd0, 0x000001ad67a54390, 0x000001ad67dd47c0, 0x000001ad67dd54e0,
0x000001ad67dd4e50, 0x000001ad67dd5b70, 0x000001ad6809e0d0, 0x000001ad6809c690,
0x000001ad680a2900, 0x000001ad6809cd20, 0x000001ad685b1f90, 0x000001ad6809d3b0,
0x000001ad6809e760, 0x000001ad6809c000, 0x000001ad680a2270, 0x000001ad680a1550,
0x000001ad680a2f90, 0x000001ad6809edf0, 0x000001ad6809f480, 0x000001ad680a1be0,
0x000001ad680a3620, 0x000001ad680a0830, 0x000001ad6809da40, 0x000001ad6809fb10,
0x000001ad680a01a0, 0x000001ad680a0ec0, 0x000001ad6961c550
}

Java Threads: ( => current thread )
  0x000001ad0951ff70 JavaThread "main"                              [_thread_blocked, id=24272, stack(0x000000296f800000,0x000000296f900000) (1024K)]
  0x000001ad1fcbbb90 JavaThread "Reference Handler"          daemon [_thread_blocked, id=24288, stack(0x000000296fc00000,0x000000296fd00000) (1024K)]
  0x000001ad1fcbd490 JavaThread "Finalizer"                  daemon [_thread_blocked, id=24292, stack(0x000000296fd00000,0x000000296fe00000) (1024K)]
  0x000001ad67003040 JavaThread "Signal Dispatcher"          daemon [_thread_blocked, id=24296, stack(0x000000296fe00000,0x000000296ff00000) (1024K)]
  0x000001ad67003d50 JavaThread "Attach Listener"            daemon [_thread_blocked, id=24300, stack(0x000000296ff00000,0x0000002970000000) (1024K)]
  0x000001ad67008f20 JavaThread "Service Thread"             daemon [_thread_blocked, id=24304, stack(0x0000002970000000,0x0000002970100000) (1024K)]
  0x000001ad67018b50 JavaThread "Monitor Deflation Thread"   daemon [_thread_blocked, id=24308, stack(0x0000002970100000,0x0000002970200000) (1024K)]
=>0x000001ad6700e880 JavaThread "C2 CompilerThread0"         daemon [_thread_in_native, id=24312, stack(0x0000002970200000,0x0000002970300000) (1024K)]
  0x000001ad67019e10 JavaThread "C1 CompilerThread0"         daemon [_thread_blocked, id=24316, stack(0x0000002970300000,0x0000002970400000) (1024K)]
  0x000001ad0b938650 JavaThread "Common-Cleaner"             daemon [_thread_blocked, id=24320, stack(0x0000002970400000,0x0000002970500000) (1024K)]
  0x000001ad672e3520 JavaThread "C2 CompilerThread1"         daemon [_thread_in_native, id=24328, stack(0x0000002970500000,0x0000002970600000) (1024K)]
  0x000001ad67374290 JavaThread "Notification Thread"        daemon [_thread_blocked, id=24336, stack(0x0000002970600000,0x0000002970700000) (1024K)]
  0x000001ad67d36fd0 JavaThread "Active Thread: Equinox Container: 6a809805-b3d5-4b71-ab28-3b3366167995"        [_thread_blocked, id=24404, stack(0x0000002970e00000,0x0000002970f00000) (1024K)]
  0x000001ad67a54390 JavaThread "Framework Event Dispatcher: Equinox Container: 6a809805-b3d5-4b71-ab28-3b3366167995" daemon [_thread_blocked, id=24408, stack(0x0000002970f00000,0x0000002971000000) (1024K)]
  0x000001ad67dd47c0 JavaThread "Start Level: Equinox Container: 6a809805-b3d5-4b71-ab28-3b3366167995" daemon [_thread_blocked, id=24412, stack(0x0000002971000000,0x0000002971100000) (1024K)]
  0x000001ad67dd54e0 JavaThread "SCR Component Actor"        daemon [_thread_blocked, id=24416, stack(0x0000002971100000,0x0000002971200000) (1024K)]
  0x000001ad67dd4e50 JavaThread "SCR Component Registry"     daemon [_thread_blocked, id=24436, stack(0x0000002971300000,0x0000002971400000) (1024K)]
  0x000001ad67dd5b70 JavaThread "Worker-JM"                         [_thread_blocked, id=24452, stack(0x0000002971400000,0x0000002971500000) (1024K)]
  0x000001ad6809e0d0 JavaThread "JNA Cleaner"                daemon [_thread_blocked, id=11420, stack(0x0000002971700000,0x0000002971800000) (1024K)]
  0x000001ad6809c690 JavaThread "Worker-0"                          [_thread_blocked, id=21312, stack(0x0000002971800000,0x0000002971900000) (1024K)]
  0x000001ad680a2900 JavaThread "Worker-1"                          [_thread_blocked, id=23684, stack(0x0000002971900000,0x0000002971a00000) (1024K)]
  0x000001ad6809cd20 JavaThread "Worker-2"                          [_thread_blocked, id=23700, stack(0x0000002971a00000,0x0000002971b00000) (1024K)]
  0x000001ad685b1f90 JavaThread "C2 CompilerThread2"         daemon [_thread_in_native, id=23896, stack(0x0000002970700000,0x0000002970800000) (1024K)]
  0x000001ad6809d3b0 JavaThread "Thread-2"                   daemon [_thread_in_native, id=24036, stack(0x0000002971d00000,0x0000002971e00000) (1024K)]
  0x000001ad6809e760 JavaThread "Thread-3"                   daemon [_thread_in_native, id=24032, stack(0x0000002971e00000,0x0000002971f00000) (1024K)]
  0x000001ad6809c000 JavaThread "Thread-4"                   daemon [_thread_in_native, id=24000, stack(0x0000002971f00000,0x0000002972000000) (1024K)]
  0x000001ad680a2270 JavaThread "Thread-5"                   daemon [_thread_in_native, id=23996, stack(0x0000002972000000,0x0000002972100000) (1024K)]
  0x000001ad680a1550 JavaThread "Thread-6"                   daemon [_thread_in_native, id=23992, stack(0x0000002972100000,0x0000002972200000) (1024K)]
  0x000001ad680a2f90 JavaThread "Thread-7"                   daemon [_thread_in_native, id=24016, stack(0x0000002972200000,0x0000002972300000) (1024K)]
  0x000001ad6809edf0 JavaThread "Thread-8"                   daemon [_thread_in_native, id=23960, stack(0x0000002972300000,0x0000002972400000) (1024K)]
  0x000001ad6809f480 JavaThread "Thread-9"                   daemon [_thread_in_native, id=24012, stack(0x0000002972400000,0x0000002972500000) (1024K)]
  0x000001ad680a1be0 JavaThread "Thread-10"                  daemon [_thread_in_native, id=23968, stack(0x0000002972500000,0x0000002972600000) (1024K)]
  0x000001ad680a3620 JavaThread "Thread-11"                  daemon [_thread_in_native, id=23988, stack(0x0000002972600000,0x0000002972700000) (1024K)]
  0x000001ad680a0830 JavaThread "Thread-12"                  daemon [_thread_in_native, id=23912, stack(0x0000002972700000,0x0000002972800000) (1024K)]
  0x000001ad6809da40 JavaThread "Thread-13"                  daemon [_thread_in_native, id=23908, stack(0x0000002972800000,0x0000002972900000) (1024K)]
  0x000001ad6809fb10 JavaThread "Thread-14"                  daemon [_thread_in_native, id=23964, stack(0x0000002972900000,0x0000002972a00000) (1024K)]
  0x000001ad680a01a0 JavaThread "pool-2-thread-1"                   [_thread_blocked, id=24072, stack(0x0000002972a00000,0x0000002972b00000) (1024K)]
  0x000001ad680a0ec0 JavaThread "WorkspaceEventsHandler"            [_thread_blocked, id=24056, stack(0x0000002972b00000,0x0000002972c00000) (1024K)]
  0x000001ad6961c550 JavaThread "pool-1-thread-1"                   [_thread_in_Java, id=24104, stack(0x0000002972c00000,0x0000002972d00000) (1024K)]
Total: 39

Other Threads:
  0x000001ad094fba00 VMThread "VM Thread"                           [id=24284, stack(0x000000296fb00000,0x000000296fc00000) (1024K)]
  0x000001ad0b934e40 WatcherThread "VM Periodic Task Thread"        [id=24280, stack(0x000000296fa00000,0x000000296fb00000) (1024K)]
  0x000001ad094faf20 WorkerThread "GC Thread#0"                     [id=24276, stack(0x000000296f900000,0x000000296fa00000) (1024K)]
  0x000001ad094fb2c0 WorkerThread "GC Thread#1"                     [id=24364, stack(0x0000002970800000,0x0000002970900000) (1024K)]
  0x000001ad094fb660 WorkerThread "GC Thread#2"                     [id=24368, stack(0x0000002970900000,0x0000002970a00000) (1024K)]
  0x000001ad67aa3220 WorkerThread "GC Thread#3"                     [id=24372, stack(0x0000002970a00000,0x0000002970b00000) (1024K)]
  0x000001ad67aa4b80 WorkerThread "GC Thread#4"                     [id=24376, stack(0x0000002970b00000,0x0000002970c00000) (1024K)]
  0x000001ad67aa4f20 WorkerThread "GC Thread#5"                     [id=24380, stack(0x0000002970c00000,0x0000002970d00000) (1024K)]
  0x000001ad67aa2e80 WorkerThread "GC Thread#6"                     [id=24384, stack(0x0000002970d00000,0x0000002970e00000) (1024K)]
  0x000001ad67aa4440 WorkerThread "GC Thread#7"                     [id=24424, stack(0x0000002971200000,0x0000002971300000) (1024K)]
  0x000001ad67aa5660 WorkerThread "GC Thread#8"                     [id=24512, stack(0x0000002971500000,0x0000002971600000) (1024K)]
  0x000001ad67aa52c0 WorkerThread "GC Thread#9"                     [id=24516, stack(0x0000002971600000,0x0000002971700000) (1024K)]
Total: 12

Threads with active compile tasks:
C2 CompilerThread0  3110 4020       4       java.lang.invoke.MemberName::getMethodOrFieldType (72 bytes)
C2 CompilerThread1  3110 4171       4       jdk.internal.jimage.ImageReader$SharedImageReader$$Lambda/0x000001ad2134bb20::visit (13 bytes)
C2 CompilerThread2  3110 4172       4       jdk.internal.jimage.ImageReader$SharedImageReader::lambda$handleModulesSubTree$1 (58 bytes)
Total: 3

VM state: not at safepoint (normal execution)

VM Mutex/Monitor currently owned by a thread: None

Heap address: 0x00000000c0000000, size: 1024 MB, Compressed Oops mode: 32-bit

CDS archive(s) mapped at: [0x000001ad20000000-0x000001ad20ba0000-0x000001ad20ba0000), size 12189696, SharedBaseAddress: 0x000001ad20000000, ArchiveRelocationMode: 1.
Compressed class space mapped at: 0x000001ad21000000-0x000001ad61000000, reserved size: 1073741824
Narrow klass base: 0x000001ad20000000, Narrow klass shift: 0, Narrow klass range: 0x100000000

GC Precious Log:
 CardTable entry size: 512
 CPUs: 12 total, 12 available
 Memory: 16294M
 Large Page Support: Disabled
 NUMA Support: Disabled
 Compressed Oops: Enabled (32-bit)
 Alignments: Space 512K, Generation 512K, Heap 2M
 Heap Min Capacity: 100M
 Heap Initial Capacity: 100M
 Heap Max Capacity: 1G
 Pre-touch: Disabled
 Parallel Workers: 10

Heap:
 PSYoungGen      total 25088K, used 15822K [0x00000000eab00000, 0x00000000ec800000, 0x0000000100000000)
  eden space 22528K, 59% used [0x00000000eab00000,0x00000000eb823058,0x00000000ec100000)
  from space 2560K, 92% used [0x00000000ec300000,0x00000000ec550810,0x00000000ec580000)
  to   space 2560K, 0% used [0x00000000ec580000,0x00000000ec580000,0x00000000ec800000)
 ParOldGen       total 68608K, used 16502K [0x00000000c0000000, 0x00000000c4300000, 0x00000000eab00000)
  object space 68608K, 24% used [0x00000000c0000000,0x00000000c101da18,0x00000000c4300000)
 Metaspace       used 31525K, committed 32512K, reserved 1114112K
  class space    used 3084K, committed 3520K, reserved 1048576K

Card table byte_map: [0x000001ad0b270000,0x000001ad0b480000] _byte_map_base: 0x000001ad0ac70000

Marking Bits: (ParMarkBitMap*) 0x00007ffac65a3260
 Begin Bits: [0x000001ad1dac0000, 0x000001ad1eac0000)
 End Bits:   [0x000001ad1eac0000, 0x000001ad1fac0000)

Polling page: 0x000001ad09750000

Metaspace:

Usage:
  Non-class:     27.77 MB used.
      Class:      3.01 MB used.
       Both:     30.79 MB used.

Virtual space:
  Non-class space:       64.00 MB reserved,      28.31 MB ( 44%) committed,  1 nodes.
      Class space:        1.00 GB reserved,       3.44 MB ( <1%) committed,  1 nodes.
             Both:        1.06 GB reserved,      31.75 MB (  3%) committed. 

Chunk freelists:
   Non-Class:  3.61 MB
       Class:  12.61 MB
        Both:  16.22 MB

MaxMetaspaceSize: unlimited
CompressedClassSpaceSize: 1.00 GB
Initial GC threshold: 21.00 MB
Current GC threshold: 35.00 MB
CDS: on
 - commit_granule_bytes: 65536.
 - commit_granule_words: 8192.
 - virtual_space_node_default_size: 8388608.
 - enlarge_chunks_in_place: 1.
 - use_allocation_guard: 0.


Internal statistics:

num_allocs_failed_limit: 3.
num_arena_births: 638.
num_arena_deaths: 14.
num_vsnodes_births: 2.
num_vsnodes_deaths: 0.
num_space_committed: 508.
num_space_uncommitted: 0.
num_chunks_returned_to_freelist: 17.
num_chunks_taken_from_freelist: 1919.
num_chunk_merges: 8.
num_chunk_splits: 1231.
num_chunks_enlarged: 757.
num_inconsistent_stats: 0.

CodeHeap 'non-profiled nmethods': size=120000Kb used=2048Kb max_used=2048Kb free=117951Kb
 bounds [0x000001ad16590000, 0x000001ad16800000, 0x000001ad1dac0000]
CodeHeap 'profiled nmethods': size=120000Kb used=8224Kb max_used=8224Kb free=111775Kb
 bounds [0x000001ad0eac0000, 0x000001ad0f2d0000, 0x000001ad15ff0000]
CodeHeap 'non-nmethods': size=5760Kb used=1359Kb max_used=1390Kb free=4400Kb
 bounds [0x000001ad15ff0000, 0x000001ad16260000, 0x000001ad16590000]
 total_blobs=4822 nmethods=4171 adapters=556
 compilation: enabled
              stopped_count=0, restarted_count=0
 full_count=0

Compilation events (20 events):
Event: 3.043 Thread 0x000001ad67019e10 nmethod 4169 0x000001ad0f2c4f90 code [0x000001ad0f2c51c0, 0x000001ad0f2c5888]
Event: 3.043 Thread 0x000001ad685b1f90 nmethod 4121 0x000001ad16785a90 code [0x000001ad16785c20, 0x000001ad16785d30]
Event: 3.043 Thread 0x000001ad685b1f90 4120       4       jdk.internal.jrtfs.JrtPath::resolve (125 bytes)
Event: 3.044 Thread 0x000001ad672e3520 nmethod 4115 0x000001ad16785e90 code [0x000001ad16786280, 0x000001ad16788a10]
Event: 3.044 Thread 0x000001ad672e3520 4117       4       java.nio.file.FileTreeWalker$Event::<init> (9 bytes)
Event: 3.045 Thread 0x000001ad672e3520 nmethod 4117 0x000001ad1678a190 code [0x000001ad1678a320, 0x000001ad1678a3d0]
Event: 3.045 Thread 0x000001ad672e3520 4107   !   4       jdk.internal.jimage.ImageReader$SharedImageReader::imageFileAttributes (46 bytes)
Event: 3.045 Thread 0x000001ad672e3520 nmethod 4107 0x000001ad1678a490 code [0x000001ad1678a620, 0x000001ad1678a6d0]
Event: 3.045 Thread 0x000001ad672e3520 4113       4       jdk.internal.jimage.ImageLocation::readFrom (26 bytes)
Event: 3.055 Thread 0x000001ad67019e10 4175  s    3       org.eclipse.jdt.core.JavaConventions::scannedIdentifier (9 bytes)
Event: 3.055 Thread 0x000001ad67019e10 nmethod 4175 0x000001ad0f2c5a90 code [0x000001ad0f2c5c40, 0x000001ad0f2c5e38]
Event: 3.055 Thread 0x000001ad67019e10 4176  s!   3       org.eclipse.jdt.core.JavaConventions::scannedIdentifier (146 bytes)
Event: 3.055 Thread 0x000001ad672e3520 nmethod 4113 0x000001ad1678a790 code [0x000001ad1678a960, 0x000001ad1678ae50]
Event: 3.055 Thread 0x000001ad672e3520 4174       4       java.util.ArrayList::equalsRange (85 bytes)
Event: 3.056 Thread 0x000001ad67019e10 nmethod 4176 0x000001ad0f2c5f10 code [0x000001ad0f2c61c0, 0x000001ad0f2c6c50]
Event: 3.056 Thread 0x000001ad67019e10 4177       3       org.eclipse.jdt.internal.core.JrtPackageFragmentRoot$1::visitPackage (14 bytes)
Event: 3.056 Thread 0x000001ad67019e10 nmethod 4177 0x000001ad0f2c7010 code [0x000001ad0f2c71e0, 0x000001ad0f2c7550]
Event: 3.056 Thread 0x000001ad67019e10 4178       3       org.eclipse.jdt.internal.core.JavaModelStatus::getSeverity (65 bytes)
Event: 3.056 Thread 0x000001ad67019e10 nmethod 4178 0x000001ad0f2c7610 code [0x000001ad0f2c77e0, 0x000001ad0f2c7b58]
Event: 3.058 Thread 0x000001ad67019e10 4180       3       org.eclipse.jdt.core.JavaConventions::validateIdentifier (33 bytes)

GC Heap History (20 events):
Event: 1.068 GC heap before
{Heap before GC invocations=3 (full 0):
 PSYoungGen      total 29696K, used 29685K [0x00000000eab00000, 0x00000000ecc00000, 0x0000000100000000)
  eden space 25600K, 100% used [0x00000000eab00000,0x00000000ec400000,0x00000000ec400000)
  from space 4096K, 99% used [0x00000000ec800000,0x00000000ecbfd7e0,0x00000000ecc00000)
  to   space 4096K, 0% used [0x00000000ec400000,0x00000000ec400000,0x00000000ec800000)
 ParOldGen       total 68608K, used 810K [0x00000000c0000000, 0x00000000c4300000, 0x00000000eab00000)
  object space 68608K, 1% used [0x00000000c0000000,0x00000000c00ca840,0x00000000c4300000)
 Metaspace       used 12884K, committed 13312K, reserved 1114112K
  class space    used 1293K, committed 1472K, reserved 1048576K
}
Event: 1.072 GC heap after
{Heap after GC invocations=3 (full 0):
 PSYoungGen      total 29696K, used 4076K [0x00000000eab00000, 0x00000000ecc00000, 0x0000000100000000)
  eden space 25600K, 0% used [0x00000000eab00000,0x00000000eab00000,0x00000000ec400000)
  from space 4096K, 99% used [0x00000000ec400000,0x00000000ec7fb250,0x00000000ec800000)
  to   space 4096K, 0% used [0x00000000ec800000,0x00000000ec800000,0x00000000ecc00000)
 ParOldGen       total 68608K, used 2529K [0x00000000c0000000, 0x00000000c4300000, 0x00000000eab00000)
  object space 68608K, 3% used [0x00000000c0000000,0x00000000c0278448,0x00000000c4300000)
 Metaspace       used 12884K, committed 13312K, reserved 1114112K
  class space    used 1293K, committed 1472K, reserved 1048576K
}
Event: 1.364 GC heap before
{Heap before GC invocations=4 (full 0):
 PSYoungGen      total 29696K, used 29676K [0x00000000eab00000, 0x00000000ecc00000, 0x0000000100000000)
  eden space 25600K, 100% used [0x00000000eab00000,0x00000000ec400000,0x00000000ec400000)
  from space 4096K, 99% used [0x00000000ec400000,0x00000000ec7fb250,0x00000000ec800000)
  to   space 4096K, 0% used [0x00000000ec800000,0x00000000ec800000,0x00000000ecc00000)
 ParOldGen       total 68608K, used 2529K [0x00000000c0000000, 0x00000000c4300000, 0x00000000eab00000)
  object space 68608K, 3% used [0x00000000c0000000,0x00000000c0278448,0x00000000c4300000)
 Metaspace       used 16893K, committed 17536K, reserved 1114112K
  class space    used 1690K, committed 1920K, reserved 1048576K
}
Event: 1.367 GC heap after
{Heap after GC invocations=4 (full 0):
 PSYoungGen      total 29696K, used 4089K [0x00000000eab00000, 0x00000000ecc00000, 0x0000000100000000)
  eden space 25600K, 0% used [0x00000000eab00000,0x00000000eab00000,0x00000000ec400000)
  from space 4096K, 99% used [0x00000000ec800000,0x00000000ecbfe6e0,0x00000000ecc00000)
  to   space 4096K, 0% used [0x00000000ec400000,0x00000000ec400000,0x00000000ec800000)
 ParOldGen       total 68608K, used 5556K [0x00000000c0000000, 0x00000000c4300000, 0x00000000eab00000)
  object space 68608K, 8% used [0x00000000c0000000,0x00000000c056d358,0x00000000c4300000)
 Metaspace       used 16893K, committed 17536K, reserved 1114112K
  class space    used 1690K, committed 1920K, reserved 1048576K
}
Event: 1.535 GC heap before
{Heap before GC invocations=5 (full 0):
 PSYoungGen      total 29696K, used 29689K [0x00000000eab00000, 0x00000000ecc00000, 0x0000000100000000)
  eden space 25600K, 100% used [0x00000000eab00000,0x00000000ec400000,0x00000000ec400000)
  from space 4096K, 99% used [0x00000000ec800000,0x00000000ecbfe6e0,0x00000000ecc00000)
  to   space 4096K, 0% used [0x00000000ec400000,0x00000000ec400000,0x00000000ec800000)
 ParOldGen       total 68608K, used 5556K [0x00000000c0000000, 0x00000000c4300000, 0x00000000eab00000)
  object space 68608K, 8% used [0x00000000c0000000,0x00000000c056d358,0x00000000c4300000)
 Metaspace       used 20204K, committed 20800K, reserved 1114112K
  class space    used 1929K, committed 2176K, reserved 1048576K
}
Event: 1.537 GC heap after
{Heap after GC invocations=5 (full 0):
 PSYoungGen      total 29184K, used 4084K [0x00000000eab00000, 0x00000000ecf80000, 0x0000000100000000)
  eden space 25088K, 0% used [0x00000000eab00000,0x00000000eab00000,0x00000000ec380000)
  from space 4096K, 99% used [0x00000000ec400000,0x00000000ec7fd048,0x00000000ec800000)
  to   space 6144K, 0% used [0x00000000ec980000,0x00000000ec980000,0x00000000ecf80000)
 ParOldGen       total 68608K, used 6696K [0x00000000c0000000, 0x00000000c4300000, 0x00000000eab00000)
  object space 68608K, 9% used [0x00000000c0000000,0x00000000c068a128,0x00000000c4300000)
 Metaspace       used 20204K, committed 20800K, reserved 1114112K
  class space    used 1929K, committed 2176K, reserved 1048576K
}
Event: 1.568 GC heap before
{Heap before GC invocations=6 (full 0):
 PSYoungGen      total 29184K, used 9267K [0x00000000eab00000, 0x00000000ecf80000, 0x0000000100000000)
  eden space 25088K, 20% used [0x00000000eab00000,0x00000000eb00fd10,0x00000000ec380000)
  from space 4096K, 99% used [0x00000000ec400000,0x00000000ec7fd048,0x00000000ec800000)
  to   space 6144K, 0% used [0x00000000ec980000,0x00000000ec980000,0x00000000ecf80000)
 ParOldGen       total 68608K, used 6696K [0x00000000c0000000, 0x00000000c4300000, 0x00000000eab00000)
  object space 68608K, 9% used [0x00000000c0000000,0x00000000c068a128,0x00000000c4300000)
 Metaspace       used 20899K, committed 21504K, reserved 1114112K
  class space    used 1976K, committed 2240K, reserved 1048576K
}
Event: 1.572 GC heap after
{Heap after GC invocations=6 (full 0):
 PSYoungGen      total 30208K, used 4830K [0x00000000eab00000, 0x00000000ece80000, 0x0000000100000000)
  eden space 25088K, 0% used [0x00000000eab00000,0x00000000eab00000,0x00000000ec380000)
  from space 5120K, 94% used [0x00000000ec980000,0x00000000ece37930,0x00000000ece80000)
  to   space 5120K, 0% used [0x00000000ec480000,0x00000000ec480000,0x00000000ec980000)
 ParOldGen       total 68608K, used 6704K [0x00000000c0000000, 0x00000000c4300000, 0x00000000eab00000)
  object space 68608K, 9% used [0x00000000c0000000,0x00000000c068c128,0x00000000c4300000)
 Metaspace       used 20899K, committed 21504K, reserved 1114112K
  class space    used 1976K, committed 2240K, reserved 1048576K
}
Event: 1.572 GC heap before
{Heap before GC invocations=7 (full 1):
 PSYoungGen      total 30208K, used 4830K [0x00000000eab00000, 0x00000000ece80000, 0x0000000100000000)
  eden space 25088K, 0% used [0x00000000eab00000,0x00000000eab00000,0x00000000ec380000)
  from space 5120K, 94% used [0x00000000ec980000,0x00000000ece37930,0x00000000ece80000)
  to   space 5120K, 0% used [0x00000000ec480000,0x00000000ec480000,0x00000000ec980000)
 ParOldGen       total 68608K, used 6704K [0x00000000c0000000, 0x00000000c4300000, 0x00000000eab00000)
  object space 68608K, 9% used [0x00000000c0000000,0x00000000c068c128,0x00000000c4300000)
 Metaspace       used 20899K, committed 21504K, reserved 1114112K
  class space    used 1976K, committed 2240K, reserved 1048576K
}
Event: 1.589 GC heap after
{Heap after GC invocations=7 (full 1):
 PSYoungGen      total 30208K, used 0K [0x00000000eab00000, 0x00000000ece80000, 0x0000000100000000)
  eden space 25088K, 0% used [0x00000000eab00000,0x00000000eab00000,0x00000000ec380000)
  from space 5120K, 0% used [0x00000000ec980000,0x00000000ec980000,0x00000000ece80000)
  to   space 5120K, 0% used [0x00000000ec480000,0x00000000ec480000,0x00000000ec980000)
 ParOldGen       total 68608K, used 8282K [0x00000000c0000000, 0x00000000c4300000, 0x00000000eab00000)
  object space 68608K, 12% used [0x00000000c0000000,0x00000000c0816a88,0x00000000c4300000)
 Metaspace       used 20887K, committed 21504K, reserved 1114112K
  class space    used 1973K, committed 2240K, reserved 1048576K
}
Event: 1.943 GC heap before
{Heap before GC invocations=8 (full 1):
 PSYoungGen      total 30208K, used 25088K [0x00000000eab00000, 0x00000000ece80000, 0x0000000100000000)
  eden space 25088K, 100% used [0x00000000eab00000,0x00000000ec380000,0x00000000ec380000)
  from space 5120K, 0% used [0x00000000ec980000,0x00000000ec980000,0x00000000ece80000)
  to   space 5120K, 0% used [0x00000000ec480000,0x00000000ec480000,0x00000000ec980000)
 ParOldGen       total 68608K, used 8282K [0x00000000c0000000, 0x00000000c4300000, 0x00000000eab00000)
  object space 68608K, 12% used [0x00000000c0000000,0x00000000c0816a88,0x00000000c4300000)
 Metaspace       used 22708K, committed 23360K, reserved 1114112K
  class space    used 2112K, committed 2368K, reserved 1048576K
}
Event: 1.946 GC heap after
{Heap after GC invocations=8 (full 1):
 PSYoungGen      total 27648K, used 3060K [0x00000000eab00000, 0x00000000ecb00000, 0x0000000100000000)
  eden space 24576K, 0% used [0x00000000eab00000,0x00000000eab00000,0x00000000ec300000)
  from space 3072K, 99% used [0x00000000ec480000,0x00000000ec77d360,0x00000000ec780000)
  to   space 3584K, 0% used [0x00000000ec780000,0x00000000ec780000,0x00000000ecb00000)
 ParOldGen       total 68608K, used 8290K [0x00000000c0000000, 0x00000000c4300000, 0x00000000eab00000)
  object space 68608K, 12% used [0x00000000c0000000,0x00000000c0818a88,0x00000000c4300000)
 Metaspace       used 22708K, committed 23360K, reserved 1114112K
  class space    used 2112K, committed 2368K, reserved 1048576K
}
Event: 2.347 GC heap before
{Heap before GC invocations=9 (full 1):
 PSYoungGen      total 27648K, used 27593K [0x00000000eab00000, 0x00000000ecb00000, 0x0000000100000000)
  eden space 24576K, 99% used [0x00000000eab00000,0x00000000ec2f53e0,0x00000000ec300000)
  from space 3072K, 99% used [0x00000000ec480000,0x00000000ec77d360,0x00000000ec780000)
  to   space 3584K, 0% used [0x00000000ec780000,0x00000000ec780000,0x00000000ecb00000)
 ParOldGen       total 68608K, used 8290K [0x00000000c0000000, 0x00000000c4300000, 0x00000000eab00000)
  object space 68608K, 12% used [0x00000000c0000000,0x00000000c0818a88,0x00000000c4300000)
 Metaspace       used 26506K, committed 27328K, reserved 1114112K
  class space    used 2526K, committed 2880K, reserved 1048576K
}
Event: 2.350 GC heap after
{Heap after GC invocations=9 (full 1):
 PSYoungGen      total 27648K, used 3136K [0x00000000eab00000, 0x00000000ecb00000, 0x0000000100000000)
  eden space 24064K, 0% used [0x00000000eab00000,0x00000000eab00000,0x00000000ec280000)
  from space 3584K, 87% used [0x00000000ec780000,0x00000000eca903f0,0x00000000ecb00000)
  to   space 3584K, 0% used [0x00000000ec400000,0x00000000ec400000,0x00000000ec780000)
 ParOldGen       total 68608K, used 9861K [0x00000000c0000000, 0x00000000c4300000, 0x00000000eab00000)
  object space 68608K, 14% used [0x00000000c0000000,0x00000000c09a14a8,0x00000000c4300000)
 Metaspace       used 26506K, committed 27328K, reserved 1114112K
  class space    used 2526K, committed 2880K, reserved 1048576K
}
Event: 2.681 GC heap before
{Heap before GC invocations=10 (full 1):
 PSYoungGen      total 27648K, used 27162K [0x00000000eab00000, 0x00000000ecb00000, 0x0000000100000000)
  eden space 24064K, 99% used [0x00000000eab00000,0x00000000ec276780,0x00000000ec280000)
  from space 3584K, 87% used [0x00000000ec780000,0x00000000eca903f0,0x00000000ecb00000)
  to   space 3584K, 0% used [0x00000000ec400000,0x00000000ec400000,0x00000000ec780000)
 ParOldGen       total 68608K, used 9861K [0x00000000c0000000, 0x00000000c4300000, 0x00000000eab00000)
  object space 68608K, 14% used [0x00000000c0000000,0x00000000c09a14a8,0x00000000c4300000)
 Metaspace       used 30227K, committed 31168K, reserved 1114112K
  class space    used 2954K, committed 3392K, reserved 1048576K
}
Event: 2.683 GC heap after
{Heap after GC invocations=10 (full 1):
 PSYoungGen      total 27136K, used 3569K [0x00000000eab00000, 0x00000000ecc00000, 0x0000000100000000)
  eden space 23552K, 0% used [0x00000000eab00000,0x00000000eab00000,0x00000000ec200000)
  from space 3584K, 99% used [0x00000000ec400000,0x00000000ec77c410,0x00000000ec780000)
  to   space 4608K, 0% used [0x00000000ec780000,0x00000000ec780000,0x00000000ecc00000)
 ParOldGen       total 68608K, used 10791K [0x00000000c0000000, 0x00000000c4300000, 0x00000000eab00000)
  object space 68608K, 15% used [0x00000000c0000000,0x00000000c0a89d78,0x00000000c4300000)
 Metaspace       used 30227K, committed 31168K, reserved 1114112K
  class space    used 2954K, committed 3392K, reserved 1048576K
}
Event: 2.899 GC heap before
{Heap before GC invocations=11 (full 1):
 PSYoungGen      total 27136K, used 27121K [0x00000000eab00000, 0x00000000ecc00000, 0x0000000100000000)
  eden space 23552K, 100% used [0x00000000eab00000,0x00000000ec200000,0x00000000ec200000)
  from space 3584K, 99% used [0x00000000ec400000,0x00000000ec77c410,0x00000000ec780000)
  to   space 4608K, 0% used [0x00000000ec780000,0x00000000ec780000,0x00000000ecc00000)
 ParOldGen       total 68608K, used 10791K [0x00000000c0000000, 0x00000000c4300000, 0x00000000eab00000)
  object space 68608K, 15% used [0x00000000c0000000,0x00000000c0a89d78,0x00000000c4300000)
 Metaspace       used 31143K, committed 32064K, reserved 1114112K
  class space    used 3027K, committed 3456K, reserved 1048576K
}
Event: 2.904 GC heap after
{Heap after GC invocations=11 (full 1):
 PSYoungGen      total 26624K, used 3363K [0x00000000eab00000, 0x00000000ecb00000, 0x0000000100000000)
  eden space 23040K, 0% used [0x00000000eab00000,0x00000000eab00000,0x00000000ec180000)
  from space 3584K, 93% used [0x00000000ec780000,0x00000000ecac8f48,0x00000000ecb00000)
  to   space 4096K, 0% used [0x00000000ec300000,0x00000000ec300000,0x00000000ec700000)
 ParOldGen       total 68608K, used 13301K [0x00000000c0000000, 0x00000000c4300000, 0x00000000eab00000)
  object space 68608K, 19% used [0x00000000c0000000,0x00000000c0cfd738,0x00000000c4300000)
 Metaspace       used 31143K, committed 32064K, reserved 1114112K
  class space    used 3027K, committed 3456K, reserved 1048576K
}
Event: 3.047 GC heap before
{Heap before GC invocations=12 (full 1):
 PSYoungGen      total 26624K, used 26403K [0x00000000eab00000, 0x00000000ecb00000, 0x0000000100000000)
  eden space 23040K, 100% used [0x00000000eab00000,0x00000000ec180000,0x00000000ec180000)
  from space 3584K, 93% used [0x00000000ec780000,0x00000000ecac8f48,0x00000000ecb00000)
  to   space 4096K, 0% used [0x00000000ec300000,0x00000000ec300000,0x00000000ec700000)
 ParOldGen       total 68608K, used 13301K [0x00000000c0000000, 0x00000000c4300000, 0x00000000eab00000)
  object space 68608K, 19% used [0x00000000c0000000,0x00000000c0cfd738,0x00000000c4300000)
 Metaspace       used 31520K, committed 32512K, reserved 1114112K
  class space    used 3084K, committed 3520K, reserved 1048576K
}
Event: 3.050 GC heap after
{Heap after GC invocations=12 (full 1):
 PSYoungGen      total 25088K, used 2370K [0x00000000eab00000, 0x00000000ec800000, 0x0000000100000000)
  eden space 22528K, 0% used [0x00000000eab00000,0x00000000eab00000,0x00000000ec100000)
  from space 2560K, 92% used [0x00000000ec300000,0x00000000ec550810,0x00000000ec580000)
  to   space 2560K, 0% used [0x00000000ec580000,0x00000000ec580000,0x00000000ec800000)
 ParOldGen       total 68608K, used 16502K [0x00000000c0000000, 0x00000000c4300000, 0x00000000eab00000)
  object space 68608K, 24% used [0x00000000c0000000,0x00000000c101da18,0x00000000c4300000)
 Metaspace       used 31520K, committed 32512K, reserved 1114112K
  class space    used 3084K, committed 3520K, reserved 1048576K
}

Dll operation events (10 events):
Event: 0.005 Loaded shared library c:\Users\Achraf\.vscode\extensions\redhat.java-1.40.0-win32-x64\jre\21.0.6-win32-x86_64\bin\java.dll
Event: 0.046 Loaded shared library c:\Users\Achraf\.vscode\extensions\redhat.java-1.40.0-win32-x64\jre\21.0.6-win32-x86_64\bin\zip.dll
Event: 0.058 Loaded shared library C:\Users\Achraf\.vscode\extensions\redhat.java-1.40.0-win32-x64\jre\21.0.6-win32-x86_64\bin\instrument.dll
Event: 0.061 Loaded shared library C:\Users\Achraf\.vscode\extensions\redhat.java-1.40.0-win32-x64\jre\21.0.6-win32-x86_64\bin\net.dll
Event: 0.063 Loaded shared library C:\Users\Achraf\.vscode\extensions\redhat.java-1.40.0-win32-x64\jre\21.0.6-win32-x86_64\bin\nio.dll
Event: 0.065 Loaded shared library C:\Users\Achraf\.vscode\extensions\redhat.java-1.40.0-win32-x64\jre\21.0.6-win32-x86_64\bin\zip.dll
Event: 0.076 Loaded shared library C:\Users\Achraf\.vscode\extensions\redhat.java-1.40.0-win32-x64\jre\21.0.6-win32-x86_64\bin\jimage.dll
Event: 0.119 Loaded shared library c:\Users\Achraf\.vscode\extensions\redhat.java-1.40.0-win32-x64\jre\21.0.6-win32-x86_64\bin\verify.dll
Event: 0.710 Loaded shared library C:\Users\Achraf\AppData\Roaming\Code\User\globalStorage\redhat.java\1.40.0\config_ss_win\org.eclipse.equinox.launcher\org.eclipse.equinox.launcher.win32.win32.x86_64_1.2.1200.v20250212-0927\eclipse_11909.dll
Event: 1.214 Loaded shared library C:\Users\Achraf\AppData\Local\Temp\jna-1955534321\jna415018398870576883.dll

Deoptimization events (20 events):
Event: 2.810 Thread 0x000001ad6961c550 Uncommon trap: trap_request=0xffffff45 fr.pc=0x000001ad16703b98 relative=0x0000000000000078
Event: 2.810 Thread 0x000001ad6961c550 Uncommon trap: reason=unstable_if action=reinterpret pc=0x000001ad16703b98 method=java.lang.invoke.LambdaForm$BasicType.basicType(C)Ljava/lang/invoke/LambdaForm$BasicType; @ 1 c2
Event: 2.810 Thread 0x000001ad6961c550 DEOPT PACKING pc=0x000001ad16703b98 sp=0x0000002972cfb740
Event: 2.810 Thread 0x000001ad6961c550 DEOPT UNPACKING pc=0x000001ad16043aa2 sp=0x0000002972cfb6e0 mode 2
Event: 2.813 Thread 0x000001ad6961c550 Uncommon trap: trap_request=0xffffff45 fr.pc=0x000001ad16754f8c relative=0x000000000000056c
Event: 2.813 Thread 0x000001ad6961c550 Uncommon trap: reason=unstable_if action=reinterpret pc=0x000001ad16754f8c method=jdk.internal.jimage.ImageReader$SharedImageReader.findNode(Ljava/lang/String;)Ljdk/internal/jimage/ImageReader$Node; @ 25 c2
Event: 2.813 Thread 0x000001ad6961c550 DEOPT PACKING pc=0x000001ad16754f8c sp=0x0000002972cfccf0
Event: 2.813 Thread 0x000001ad6961c550 DEOPT UNPACKING pc=0x000001ad16043aa2 sp=0x0000002972cfccb8 mode 2
Event: 2.813 Thread 0x000001ad6961c550 Uncommon trap: trap_request=0xffffff45 fr.pc=0x000001ad1674fee0 relative=0x00000000000001a0
Event: 2.813 Thread 0x000001ad6961c550 Uncommon trap: reason=unstable_if action=reinterpret pc=0x000001ad1674fee0 method=jdk.internal.jrtfs.JrtPath.normalize(Ljava/lang/String;)Ljava/lang/String; @ 78 c2
Event: 2.813 Thread 0x000001ad6961c550 DEOPT PACKING pc=0x000001ad1674fee0 sp=0x0000002972cfcfc0
Event: 2.813 Thread 0x000001ad6961c550 DEOPT UNPACKING pc=0x000001ad16043aa2 sp=0x0000002972cfcf40 mode 2
Event: 2.923 Thread 0x000001ad6961c550 Uncommon trap: trap_request=0xffffff45 fr.pc=0x000001ad1675d23c relative=0x00000000000011bc
Event: 2.923 Thread 0x000001ad6961c550 Uncommon trap: reason=unstable_if action=reinterpret pc=0x000001ad1675d23c method=org.eclipse.jdt.internal.core.util.Util.splitOn(CLjava/lang/String;II)[Ljava/lang/String; @ 21 c2
Event: 2.923 Thread 0x000001ad6961c550 DEOPT PACKING pc=0x000001ad1675d23c sp=0x0000002972cfcf00
Event: 2.923 Thread 0x000001ad6961c550 DEOPT UNPACKING pc=0x000001ad16043aa2 sp=0x0000002972cfcec8 mode 2
Event: 3.000 Thread 0x000001ad6961c550 Uncommon trap: trap_request=0xffffff76 fr.pc=0x000001ad167645ec relative=0x000000000000044c
Event: 3.000 Thread 0x000001ad6961c550 Uncommon trap: reason=predicate action=maybe_recompile pc=0x000001ad167645ec method=java.util.ArrayList.equalsRange(Ljava/util/List;II)Z @ 31 c2
Event: 3.000 Thread 0x000001ad6961c550 DEOPT PACKING pc=0x000001ad167645ec sp=0x0000002972cfd210
Event: 3.000 Thread 0x000001ad6961c550 DEOPT UNPACKING pc=0x000001ad16043aa2 sp=0x0000002972cfd198 mode 2

Classes loaded (20 events):
Event: 2.763 Loading class java/nio/file/FileVisitResult
Event: 2.763 Loading class java/nio/file/FileVisitResult done
Event: 2.803 Loading class java/lang/runtime/ObjectMethods
Event: 2.804 Loading class java/lang/runtime/ObjectMethods done
Event: 2.805 Loading class java/lang/invoke/MethodHandleImpl$Makers
Event: 2.805 Loading class java/lang/invoke/MethodHandleImpl$Makers done
Event: 2.805 Loading class java/lang/invoke/MethodHandleImpl$Makers$1
Event: 2.805 Loading class java/lang/invoke/MethodHandleImpl$Makers$1 done
Event: 2.805 Loading class java/lang/invoke/MethodHandleImpl$Makers$2
Event: 2.805 Loading class java/lang/invoke/MethodHandleImpl$Makers$2 done
Event: 2.805 Loading class java/lang/invoke/MethodHandleImpl$Makers$3
Event: 2.805 Loading class java/lang/invoke/MethodHandleImpl$Makers$3 done
Event: 2.809 Loading class java/lang/runtime/ObjectMethods$1
Event: 2.809 Loading class java/lang/runtime/ObjectMethods$1 done
Event: 3.021 Loading class java/util/AbstractList$ListItr
Event: 3.021 Loading class java/util/AbstractList$ListItr done
Event: 3.032 Loading class java/nio/channels/Channels$ReadableByteChannelImpl
Event: 3.033 Loading class java/nio/channels/Channels$ReadableByteChannelImpl done
Event: 3.033 Loading class java/nio/channels/NonWritableChannelException
Event: 3.033 Loading class java/nio/channels/NonWritableChannelException done

Classes unloaded (7 events):
Event: 1.574 Thread 0x000001ad094fba00 Unloading class 0x000001ad2117a800 'java/lang/invoke/LambdaForm$MH+0x000001ad2117a800'
Event: 1.574 Thread 0x000001ad094fba00 Unloading class 0x000001ad2117a400 'java/lang/invoke/LambdaForm$MH+0x000001ad2117a400'
Event: 1.574 Thread 0x000001ad094fba00 Unloading class 0x000001ad2117a000 'java/lang/invoke/LambdaForm$MH+0x000001ad2117a000'
Event: 1.574 Thread 0x000001ad094fba00 Unloading class 0x000001ad21179c00 'java/lang/invoke/LambdaForm$MH+0x000001ad21179c00'
Event: 1.574 Thread 0x000001ad094fba00 Unloading class 0x000001ad21179800 'java/lang/invoke/LambdaForm$BMH+0x000001ad21179800'
Event: 1.574 Thread 0x000001ad094fba00 Unloading class 0x000001ad21179400 'java/lang/invoke/LambdaForm$DMH+0x000001ad21179400'
Event: 1.574 Thread 0x000001ad094fba00 Unloading class 0x000001ad21178000 'java/lang/invoke/LambdaForm$DMH+0x000001ad21178000'

Classes redefined (0 events):
No events

Internal exceptions (20 events):
Event: 2.375 Thread 0x000001ad680a2900 Exception <a 'java/lang/NoSuchMethodError'{0x00000000eaf32500}: 'java.lang.Object java.lang.invoke.Invokers$Holder.linkToTargetMethod(java.lang.Object, java.lang.Object, int, java.lang.Object)'> (0x00000000eaf32500) 
thrown [s\src\hotspot\share\interpreter\linkResolver.cpp, line 773]
Event: 2.376 Thread 0x000001ad680a2900 Exception <a 'java/lang/NoSuchMethodError'{0x00000000eaf524e0}: 'void java.lang.invoke.DirectMethodHandle$Holder.invokeStaticInit(java.lang.Object, java.lang.Object, java.lang.Object)'> (0x00000000eaf524e0) 
thrown [s\src\hotspot\share\interpreter\linkResolver.cpp, line 773]
Event: 2.433 Thread 0x000001ad0951ff70 Exception <a 'java/lang/NoSuchMethodError'{0x00000000eb538ce0}: 'void java.lang.invoke.DirectMethodHandle$Holder.invokeSpecial(java.lang.Object, java.lang.Object, java.lang.Object, java.lang.Object, java.lang.Object, java.lang.Object)'> (0x00000000eb538ce0) 
thrown [s\src\hotspot\share\interpreter\linkResolver.cpp, line 773]
Event: 2.434 Thread 0x000001ad0951ff70 Exception <a 'java/lang/IncompatibleClassChangeError'{0x00000000eb540e60}: Found class java.lang.Object, but interface was expected> (0x00000000eb540e60) 
thrown [s\src\hotspot\share\interpreter\linkResolver.cpp, line 840]
Event: 2.435 Thread 0x000001ad0951ff70 Exception <a 'java/lang/IncompatibleClassChangeError'{0x00000000eb542da0}: Found class java.lang.Object, but interface was expected> (0x00000000eb542da0) 
thrown [s\src\hotspot\share\interpreter\linkResolver.cpp, line 840]
Event: 2.553 Thread 0x000001ad6961c550 Exception <a 'java/lang/NoSuchMethodError'{0x00000000ebb6cc30}: 'java.lang.Object java.lang.invoke.DirectMethodHandle$Holder.invokeInterface(java.lang.Object, java.lang.Object, java.lang.Object)'> (0x00000000ebb6cc30) 
thrown [s\src\hotspot\share\interpreter\linkResolver.cpp, line 773]
Event: 2.573 Thread 0x000001ad6961c550 Exception <a 'java/io/FileNotFoundException'{0x00000000ebbf4108}> (0x00000000ebbf4108) 
thrown [s\src\hotspot\share\prims\jni.cpp, line 520]
Event: 2.592 Thread 0x000001ad6961c550 Exception <a 'sun/nio/fs/WindowsException'{0x00000000ebd71508}> (0x00000000ebd71508) 
thrown [s\src\hotspot\share\prims\jni.cpp, line 520]
Event: 2.632 Thread 0x000001ad6961c550 Exception <a 'java/lang/IncompatibleClassChangeError'{0x00000000ec017de8}: Found class java.lang.Object, but interface was expected> (0x00000000ec017de8) 
thrown [s\src\hotspot\share\interpreter\linkResolver.cpp, line 840]
Event: 2.706 Thread 0x000001ad6961c550 Implicit null exception at 0x000001ad167086f7 to 0x000001ad16708968
Event: 2.706 Thread 0x000001ad6961c550 Exception <a 'java/lang/NoSuchMethodError'{0x00000000eac6e790}: 'java.lang.Object java.lang.invoke.DelegatingMethodHandle$Holder.reinvoke_L(java.lang.Object, int, long, java.lang.Object, java.lang.Object, int, java.lang.Object)'> (0x00000000eac6e790) 
thrown [s\src\hotspot\share\interpreter\linkResolver.cpp, line 773]
Event: 2.804 Thread 0x000001ad6961c550 Exception <a 'java/lang/NoSuchMethodError'{0x00000000eb2135a0}: 'java.lang.Object java.lang.invoke.DirectMethodHandle$Holder.invokeStaticInit(java.lang.Object, java.lang.Object, java.lang.Object, java.lang.Object, java.lang.Object, java.lang.Object, java.lang.Object)'> (0x00000000eb2135a0) 
thrown [s\src\hotspot\share\interpreter\linkResolver.cpp, line 773]
Event: 2.805 Thread 0x000001ad6961c550 Exception <a 'java/lang/NoSuchMethodError'{0x00000000eb218558}: 'java.lang.Object java.lang.invoke.Invokers$Holder.invoke_MT(java.lang.Object, java.lang.Object, java.lang.Object, java.lang.Object, java.lang.Object, java.lang.Object, java.lang.Object, java.lang.Object, java.lang.Object, java.lang.Object)'> (0x00000000eb218558) 
thrown [s\src\hotspot\share\interpreter\linkResolver.cpp, line 773]
Event: 2.809 Thread 0x000001ad6961c550 Exception <a 'java/lang/NoSuchMethodError'{0x00000000eb257df8}: 'int java.lang.invoke.DirectMethodHandle$Holder.invokeVirtual(java.lang.Object, java.lang.Object, java.lang.Object)'> (0x00000000eb257df8) 
thrown [s\src\hotspot\share\interpreter\linkResolver.cpp, line 773]
Event: 2.809 Thread 0x000001ad6961c550 Exception <a 'java/lang/NoSuchMethodError'{0x00000000eb25c1a0}: 'int java.lang.invoke.DirectMethodHandle$Holder.invokeStaticInit(java.lang.Object, int, int)'> (0x00000000eb25c1a0) 
thrown [s\src\hotspot\share\interpreter\linkResolver.cpp, line 773]
Event: 2.809 Thread 0x000001ad6961c550 Exception <a 'java/lang/NoSuchMethodError'{0x00000000eb263948}: 'int java.lang.invoke.DirectMethodHandle$Holder.invokeStaticInit(java.lang.Object, long, long)'> (0x00000000eb263948) 
thrown [s\src\hotspot\share\interpreter\linkResolver.cpp, line 773]
Event: 2.810 Thread 0x000001ad6961c550 Exception <a 'java/lang/NoSuchMethodError'{0x00000000eb26a690}: 'int java.lang.invoke.DirectMethodHandle$Holder.invokeStaticInit(java.lang.Object, float, float)'> (0x00000000eb26a690) 
thrown [s\src\hotspot\share\interpreter\linkResolver.cpp, line 773]
Event: 2.810 Thread 0x000001ad6961c550 Exception <a 'java/lang/NoSuchMethodError'{0x00000000eb271610}: 'int java.lang.invoke.DirectMethodHandle$Holder.invokeStaticInit(java.lang.Object, double, double)'> (0x00000000eb271610) 
thrown [s\src\hotspot\share\interpreter\linkResolver.cpp, line 773]
Event: 2.810 Thread 0x000001ad6961c550 Exception <a 'java/lang/NoSuchMethodError'{0x00000000eb275e90}: 'int java.lang.invoke.DirectMethodHandle$Holder.invokeStatic(java.lang.Object, long)'> (0x00000000eb275e90) 
thrown [s\src\hotspot\share\interpreter\linkResolver.cpp, line 773]
Event: 2.812 Thread 0x000001ad6961c550 Exception <a 'java/lang/NoSuchMethodError'{0x00000000eb294f98}: 'int java.lang.invoke.Invokers$Holder.linkToTargetMethod(java.lang.Object, java.lang.Object)'> (0x00000000eb294f98) 
thrown [s\src\hotspot\share\interpreter\linkResolver.cpp, line 773]

ZGC Phase Switch (0 events):
No events

VM Operations (20 events):
Event: 2.161 Executing VM operation: HandshakeAllThreads (Deoptimize)
Event: 2.161 Executing VM operation: HandshakeAllThreads (Deoptimize) done
Event: 2.347 Executing VM operation: ParallelGCFailedAllocation (Allocation Failure)
Event: 2.350 Executing VM operation: ParallelGCFailedAllocation (Allocation Failure) done
Event: 2.558 Executing VM operation: HandshakeAllThreads (Deoptimize)
Event: 2.558 Executing VM operation: HandshakeAllThreads (Deoptimize) done
Event: 2.681 Executing VM operation: ParallelGCFailedAllocation (Allocation Failure)
Event: 2.683 Executing VM operation: ParallelGCFailedAllocation (Allocation Failure) done
Event: 2.686 Executing VM operation: HandshakeAllThreads (Deoptimize)
Event: 2.686 Executing VM operation: HandshakeAllThreads (Deoptimize) done
Event: 2.690 Executing VM operation: HandshakeAllThreads (Deoptimize)
Event: 2.690 Executing VM operation: HandshakeAllThreads (Deoptimize) done
Event: 2.721 Executing VM operation: HandshakeAllThreads (Deoptimize)
Event: 2.721 Executing VM operation: HandshakeAllThreads (Deoptimize) done
Event: 2.722 Executing VM operation: HandshakeAllThreads (Deoptimize)
Event: 2.722 Executing VM operation: HandshakeAllThreads (Deoptimize) done
Event: 2.899 Executing VM operation: ParallelGCFailedAllocation (Allocation Failure)
Event: 2.904 Executing VM operation: ParallelGCFailedAllocation (Allocation Failure) done
Event: 3.047 Executing VM operation: ParallelGCFailedAllocation (Allocation Failure)
Event: 3.050 Executing VM operation: ParallelGCFailedAllocation (Allocation Failure) done

Memory protections (0 events):
No events

Nmethod flushes (0 events):
No events

Events (20 events):
Event: 1.493 Thread 0x000001ad675a3d70 Thread exited: 0x000001ad675a3d70
Event: 1.890 Thread 0x000001ad67dd47c0 Thread added: 0x000001ad6809fb10
Event: 2.047 Thread 0x000001ad6809fb10 Thread exited: 0x000001ad6809fb10
Event: 2.073 Thread 0x000001ad67019e10 Thread added: 0x000001ad685b1f90
Event: 2.267 Thread 0x000001ad0951ff70 Thread added: 0x000001ad6809d3b0
Event: 2.267 Thread 0x000001ad0951ff70 Thread added: 0x000001ad6809e760
Event: 2.267 Thread 0x000001ad0951ff70 Thread added: 0x000001ad6809c000
Event: 2.267 Thread 0x000001ad0951ff70 Thread added: 0x000001ad680a2270
Event: 2.267 Thread 0x000001ad0951ff70 Thread added: 0x000001ad680a1550
Event: 2.267 Thread 0x000001ad0951ff70 Thread added: 0x000001ad680a2f90
Event: 2.268 Thread 0x000001ad0951ff70 Thread added: 0x000001ad6809edf0
Event: 2.268 Thread 0x000001ad0951ff70 Thread added: 0x000001ad6809f480
Event: 2.268 Thread 0x000001ad0951ff70 Thread added: 0x000001ad680a1be0
Event: 2.268 Thread 0x000001ad0951ff70 Thread added: 0x000001ad680a3620
Event: 2.268 Thread 0x000001ad0951ff70 Thread added: 0x000001ad680a0830
Event: 2.268 Thread 0x000001ad0951ff70 Thread added: 0x000001ad6809da40
Event: 2.268 Thread 0x000001ad0951ff70 Thread added: 0x000001ad6809fb10
Event: 2.318 Thread 0x000001ad0951ff70 Thread added: 0x000001ad680a01a0
Event: 2.445 Thread 0x000001ad0951ff70 Thread added: 0x000001ad680a0ec0
Event: 2.445 Thread 0x000001ad0951ff70 Thread added: 0x000001ad6961c550


Dynamic libraries:
0x00007ff7aa7c0000 - 0x00007ff7aa7ce000 	c:\Users\Achraf\.vscode\extensions\redhat.java-1.40.0-win32-x64\jre\21.0.6-win32-x86_64\bin\java.exe
0x00007ffb51090000 - 0x00007ffb51288000 	C:\WINDOWS\SYSTEM32\ntdll.dll
0x00007ffb503b0000 - 0x00007ffb50472000 	C:\WINDOWS\System32\KERNEL32.DLL
0x00007ffb4ebc0000 - 0x00007ffb4eebf000 	C:\WINDOWS\System32\KERNELBASE.dll
0x00007ffb48c80000 - 0x00007ffb48d14000 	C:\WINDOWS\SYSTEM32\apphelp.dll
0x00007ffb4ef30000 - 0x00007ffb4f030000 	C:\WINDOWS\System32\ucrtbase.dll
0x00007ffb48810000 - 0x00007ffb48828000 	c:\Users\Achraf\.vscode\extensions\redhat.java-1.40.0-win32-x64\jre\21.0.6-win32-x86_64\bin\jli.dll
0x00007ffb32140000 - 0x00007ffb3215e000 	c:\Users\Achraf\.vscode\extensions\redhat.java-1.40.0-win32-x64\jre\21.0.6-win32-x86_64\bin\VCRUNTIME140.dll
0x00007ffb4f230000 - 0x00007ffb4f3cd000 	C:\WINDOWS\System32\USER32.dll
0x00007ffb4f080000 - 0x00007ffb4f0a2000 	C:\WINDOWS\System32\win32u.dll
0x00007ffb4daf0000 - 0x00007ffb4dd8a000 	C:\WINDOWS\WinSxS\amd64_microsoft.windows.common-controls_6595b64144ccf1df_6.0.19041.4355_none_60b8b9eb71f62e16\COMCTL32.dll
0x00007ffb4fdf0000 - 0x00007ffb4fe1b000 	C:\WINDOWS\System32\GDI32.dll
0x00007ffb50fb0000 - 0x00007ffb5104e000 	C:\WINDOWS\System32\msvcrt.dll
0x00007ffb4e940000 - 0x00007ffb4ea5a000 	C:\WINDOWS\System32\gdi32full.dll
0x00007ffb4e810000 - 0x00007ffb4e8ad000 	C:\WINDOWS\System32\msvcp_win.dll
0x00007ffb4f6d0000 - 0x00007ffb4f6ff000 	C:\WINDOWS\System32\IMM32.DLL
0x00007ffb37fc0000 - 0x00007ffb37fcc000 	c:\Users\Achraf\.vscode\extensions\redhat.java-1.40.0-win32-x64\jre\21.0.6-win32-x86_64\bin\vcruntime140_1.dll
0x00007ffaca540000 - 0x00007ffaca5cd000 	c:\Users\Achraf\.vscode\extensions\redhat.java-1.40.0-win32-x64\jre\21.0.6-win32-x86_64\bin\msvcp140.dll
0x00007ffac58f0000 - 0x00007ffac6680000 	c:\Users\Achraf\.vscode\extensions\redhat.java-1.40.0-win32-x64\jre\21.0.6-win32-x86_64\bin\server\jvm.dll
0x00007ffb50290000 - 0x00007ffb5033f000 	C:\WINDOWS\System32\ADVAPI32.dll
0x00007ffb4f8d0000 - 0x00007ffb4f96f000 	C:\WINDOWS\System32\sechost.dll
0x00007ffb50160000 - 0x00007ffb50283000 	C:\WINDOWS\System32\RPCRT4.dll
0x00007ffb4e730000 - 0x00007ffb4e757000 	C:\WINDOWS\System32\bcrypt.dll
0x00007ffb50340000 - 0x00007ffb503ab000 	C:\WINDOWS\System32\WS2_32.dll
0x00007ffb4e320000 - 0x00007ffb4e36b000 	C:\WINDOWS\SYSTEM32\POWRPROF.dll
0x00007ffb3e400000 - 0x00007ffb3e427000 	C:\WINDOWS\SYSTEM32\WINMM.dll
0x00007ffb43c40000 - 0x00007ffb43c4a000 	C:\WINDOWS\SYSTEM32\VERSION.dll
0x00007ffb4de80000 - 0x00007ffb4de92000 	C:\WINDOWS\SYSTEM32\UMPDC.dll
0x00007ffb4c8f0000 - 0x00007ffb4c902000 	C:\WINDOWS\SYSTEM32\kernel.appcore.dll
0x00007ffb32700000 - 0x00007ffb3270a000 	c:\Users\Achraf\.vscode\extensions\redhat.java-1.40.0-win32-x64\jre\21.0.6-win32-x86_64\bin\jimage.dll
0x00007ffb4e130000 - 0x00007ffb4e314000 	C:\WINDOWS\SYSTEM32\DBGHELP.DLL
0x00007ffb4dec0000 - 0x00007ffb4def4000 	C:\WINDOWS\SYSTEM32\dbgcore.DLL
0x00007ffb4e8b0000 - 0x00007ffb4e932000 	C:\WINDOWS\System32\bcryptPrimitives.dll
0x00007ffb31fb0000 - 0x00007ffb31fbf000 	c:\Users\Achraf\.vscode\extensions\redhat.java-1.40.0-win32-x64\jre\21.0.6-win32-x86_64\bin\instrument.dll
0x00007ffb2e450000 - 0x00007ffb2e46f000 	c:\Users\Achraf\.vscode\extensions\redhat.java-1.40.0-win32-x64\jre\21.0.6-win32-x86_64\bin\java.dll
0x00007ffb50840000 - 0x00007ffb50fad000 	C:\WINDOWS\System32\SHELL32.dll
0x00007ffb4be70000 - 0x00007ffb4c613000 	C:\WINDOWS\SYSTEM32\windows.storage.dll
0x00007ffb50480000 - 0x00007ffb507d5000 	C:\WINDOWS\System32\combase.dll
0x00007ffb4d9a0000 - 0x00007ffb4d9cb000 	C:\WINDOWS\SYSTEM32\Wldp.dll
0x00007ffb4fe20000 - 0x00007ffb4feed000 	C:\WINDOWS\System32\OLEAUT32.dll
0x00007ffb4f590000 - 0x00007ffb4f63d000 	C:\WINDOWS\System32\SHCORE.dll
0x00007ffb4f700000 - 0x00007ffb4f755000 	C:\WINDOWS\System32\shlwapi.dll
0x00007ffb4e660000 - 0x00007ffb4e685000 	C:\WINDOWS\SYSTEM32\profapi.dll
0x00007ffb29f20000 - 0x00007ffb29f38000 	c:\Users\Achraf\.vscode\extensions\redhat.java-1.40.0-win32-x64\jre\21.0.6-win32-x86_64\bin\zip.dll
0x00007ffb31d20000 - 0x00007ffb31d30000 	C:\Users\Achraf\.vscode\extensions\redhat.java-1.40.0-win32-x64\jre\21.0.6-win32-x86_64\bin\net.dll
0x00007ffb469d0000 - 0x00007ffb46ada000 	C:\WINDOWS\SYSTEM32\WINHTTP.dll
0x00007ffb4d750000 - 0x00007ffb4d7bc000 	C:\WINDOWS\system32\mswsock.dll
0x00007ffb290b0000 - 0x00007ffb290c6000 	C:\Users\Achraf\.vscode\extensions\redhat.java-1.40.0-win32-x64\jre\21.0.6-win32-x86_64\bin\nio.dll
0x00007ffb29250000 - 0x00007ffb29260000 	c:\Users\Achraf\.vscode\extensions\redhat.java-1.40.0-win32-x64\jre\21.0.6-win32-x86_64\bin\verify.dll
0x00007ffb16d20000 - 0x00007ffb16d65000 	C:\Users\Achraf\AppData\Roaming\Code\User\globalStorage\redhat.java\1.40.0\config_ss_win\org.eclipse.equinox.launcher\org.eclipse.equinox.launcher.win32.win32.x86_64_1.2.1200.v20250212-0927\eclipse_11909.dll
0x00007ffb4f3d0000 - 0x00007ffb4f4fb000 	C:\WINDOWS\System32\ole32.dll
0x00007ffb4e4a0000 - 0x00007ffb4e4b8000 	C:\WINDOWS\SYSTEM32\CRYPTSP.dll
0x00007ffb4d0d0000 - 0x00007ffb4d108000 	C:\WINDOWS\system32\rsaenh.dll
0x00007ffb4e5e0000 - 0x00007ffb4e60e000 	C:\WINDOWS\SYSTEM32\USERENV.dll
0x00007ffb4d9d0000 - 0x00007ffb4d9dc000 	C:\WINDOWS\SYSTEM32\CRYPTBASE.dll
0x00007ffb4d430000 - 0x00007ffb4d46b000 	C:\WINDOWS\SYSTEM32\IPHLPAPI.DLL
0x00007ffb4f8c0000 - 0x00007ffb4f8c8000 	C:\WINDOWS\System32\NSI.dll
0x00007ffac86c0000 - 0x00007ffac8709000 	C:\Users\Achraf\AppData\Local\Temp\jna-1955534321\jna415018398870576883.dll
0x00007ffb500a0000 - 0x00007ffb500a8000 	C:\WINDOWS\System32\PSAPI.DLL
0x00007ffb48880000 - 0x00007ffb48897000 	C:\WINDOWS\SYSTEM32\dhcpcsvc6.DLL
0x00007ffb47f10000 - 0x00007ffb47f2d000 	C:\WINDOWS\SYSTEM32\dhcpcsvc.DLL

dbghelp: loaded successfully - version: 4.0.5 - missing functions: none
symbol engine: initialized successfully - sym options: 0x614 - pdb path: .;c:\Users\Achraf\.vscode\extensions\redhat.java-1.40.0-win32-x64\jre\21.0.6-win32-x86_64\bin;C:\WINDOWS\SYSTEM32;C:\WINDOWS\WinSxS\amd64_microsoft.windows.common-controls_6595b64144ccf1df_6.0.19041.4355_none_60b8b9eb71f62e16;c:\Users\Achraf\.vscode\extensions\redhat.java-1.40.0-win32-x64\jre\21.0.6-win32-x86_64\bin\server;C:\Users\Achraf\AppData\Roaming\Code\User\globalStorage\redhat.java\1.40.0\config_ss_win\org.eclipse.equinox.launcher\org.eclipse.equinox.launcher.win32.win32.x86_64_1.2.1200.v20250212-0927;C:\Users\Achraf\AppData\Local\Temp\jna-1955534321

VM Arguments:
jvm_args: --add-modules=ALL-SYSTEM --add-opens=java.base/java.util=ALL-UNNAMED --add-opens=java.base/java.lang=ALL-UNNAMED --add-opens=java.base/sun.nio.fs=ALL-UNNAMED -Declipse.application=org.eclipse.jdt.ls.core.id1 -Dosgi.bundles.defaultStartLevel=4 -Declipse.product=org.eclipse.jdt.ls.core.product -Djava.import.generatesMetadataFilesAtProjectRoot=false -DDetectVMInstallationsJob.disabled=true -Dfile.encoding=utf8 -XX:+UseParallelGC -XX:GCTimeRatio=4 -XX:AdaptiveSizePolicyWeight=90 -Dsun.zip.disableMemoryMapping=true -Xmx1G -Xms100m -Xlog:disable -javaagent:c:\Users\Achraf\.vscode\extensions\redhat.java-1.40.0-win32-x64\lombok\lombok-1.18.36.jar 
java_command: c:\Users\Achraf\.vscode\extensions\redhat.java-1.40.0-win32-x64\server\plugins\org.eclipse.equinox.launcher_1.6.1000.v20250131-0606.jar -configuration c:\Users\Achraf\AppData\Roaming\Code\User\globalStorage\redhat.java\1.40.0\config_ss_win -data c:\Users\Achraf\AppData\Roaming\Code\User\workspaceStorage\608a4e0bca75e65c30703e1f81787409\redhat.java\ss_ws --pipe=\\.\pipe\lsp-45170e8036335c7b8010d86c32da063e-sock
java_class_path (initial): c:\Users\Achraf\.vscode\extensions\redhat.java-1.40.0-win32-x64\server\plugins\org.eclipse.equinox.launcher_1.6.1000.v20250131-0606.jar
Launcher Type: SUN_STANDARD

[Global flags]
    uintx AdaptiveSizePolicyWeight                 = 90                                        {product} {command line}
     intx CICompilerCount                          = 4                                         {product} {ergonomic}
    uintx GCTimeRatio                              = 4                                         {product} {command line}
   size_t InitialHeapSize                          = 104857600                                 {product} {command line}
   size_t MaxHeapSize                              = 1073741824                                {product} {command line}
   size_t MaxNewSize                               = 357564416                                 {product} {ergonomic}
   size_t MinHeapDeltaBytes                        = 524288                                    {product} {ergonomic}
   size_t MinHeapSize                              = 104857600                                 {product} {command line}
   size_t NewSize                                  = 34603008                                  {product} {ergonomic}
    uintx NonNMethodCodeHeapSize                   = 5839372                                {pd product} {ergonomic}
    uintx NonProfiledCodeHeapSize                  = 122909434                              {pd product} {ergonomic}
   size_t OldSize                                  = 70254592                                  {product} {ergonomic}
    uintx ProfiledCodeHeapSize                     = 122909434                              {pd product} {ergonomic}
    uintx ReservedCodeCacheSize                    = 251658240                              {pd product} {ergonomic}
     bool SegmentedCodeCache                       = true                                      {product} {ergonomic}
   size_t SoftMaxHeapSize                          = 1073741824                             {manageable} {ergonomic}
     bool UseCompressedOops                        = true                           {product lp64_product} {ergonomic}
     bool UseLargePagesIndividualAllocation        = false                                  {pd product} {ergonomic}
     bool UseParallelGC                            = true                                      {product} {command line}

Logging:
Log output configuration:
 #0: stdout all=off uptime,level,tags foldmultilines=false
 #1: stderr all=off uptime,level,tags foldmultilines=false

Environment Variables:
PATH=C:\Program Files\Common Files\Oracle\Java\javapath;C:\Program Files\Eclipse Adoptium\jdk-21.0.4.7-hotspot\bin;C:\WINDOWS\system32;C:\WINDOWS;C:\WINDOWS\System32\Wbem;C:\WINDOWS\System32\WindowsPowerShell\v1.0\;C:\WINDOWS\System32\OpenSSH\;C:\Program Files\dotnet\;C:\Program Files (x86)\NVIDIA Corporation\PhysX\Common;C:\Program Files\MySQL\MySQL Server 8.0\bin;C:\Program Files\Git\cmd;C:\Program Files\NVIDIA Corporation\NVIDIA app\NvDLISR;C:\Program Files (x86)\Windows Kits\10\Windows Performance Toolkit\;C:\Users\Achraf\AppData\Local\Microsoft\WindowsApps;C:\Users\Achraf\AppData\Local\Programs\Microsoft VS Code\bin
USERNAME=Achraf
OS=Windows_NT
PROCESSOR_IDENTIFIER=AMD64 Family 25 Model 33 Stepping 2, AuthenticAMD
TMP=C:\Users\Achraf\AppData\Local\Temp
TEMP=C:\Users\Achraf\AppData\Local\Temp




Periodic native trim disabled

---------------  S Y S T E M  ---------------

OS:
 Windows 10 , 64 bit Build 19041 (10.0.19041.5438)
OS uptime: 0 days 0:34 hours

CPU: total 12 (initial active 12) (12 cores per cpu, 2 threads per core) family 25 model 33 stepping 2 microcode 0x0, cx8, cmov, fxsr, ht, mmx, 3dnowpref, sse, sse2, sse3, ssse3, sse4a, sse4.1, sse4.2, popcnt, lzcnt, tsc, tscinvbit, avx, avx2, aes, erms, clmul, bmi1, bmi2, adx, sha, fma, vzeroupper, clflush, clflushopt, rdtscp, rdpid, fsrm, f16c, pku, cet_ss
Processor Information for the first 12 processors :
  Max Mhz: 4200, Current Mhz: 4200, Mhz Limit: 4200

Memory: 4k page, system-wide physical 16294M (5825M free)
TotalPageFile size 32588M (AvailPageFile size 14673M)
current process WorkingSet (physical memory assigned to process): 193M, peak: 196M
current process commit charge ("private bytes"): 289M, peak: 294M

vm_info: OpenJDK 64-Bit Server VM (21.0.6+7-LTS) for windows-amd64 JRE (21.0.6+7-LTS), built on 2025-01-21T00:00:00Z by "admin" with MS VC++ 17.7 (VS2022)

END.
