#
# A fatal error has been detected by the Java Runtime Environment:
#
#  EXCEPTION_ACCESS_VIOLATION (0xc0000005) at pc=0x00007ffe59674585, pid=21184, tid=22312
#
# JRE version: OpenJDK Runtime Environment Temurin-17.0.13+11 (17.0.13+11) (build 17.0.13+11)
# Java VM: OpenJDK 64-Bit Server VM Temurin-17.0.13+11 (17.0.13+11, mixed mode, tiered, compressed oops, compressed class ptrs, parallel gc, windows-amd64)
# Problematic frame:
# V  [jvm.dll+0x544585]
#
# No core dump will be written. Minidumps are not enabled by default on client versions of Windows
#
# If you would like to submit a bug report, please visit:
#   https://github.com/adoptium/adoptium-support/issues
#

---------------  S U M M A R Y ------------

Command Line: --add-modules=ALL-SYSTEM --add-opens=java.base/java.util=ALL-UNNAMED --add-opens=java.base/java.lang=ALL-UNNAMED --add-opens=java.base/sun.nio.fs=ALL-UNNAMED -Declipse.application=org.eclipse.jdt.ls.core.id1 -Dosgi.bundles.defaultStartLevel=4 -Declipse.product=org.eclipse.jdt.ls.core.product -Djava.import.generatesMetadataFilesAtProjectRoot=false -DDetectVMInstallationsJob.disabled=true -Dfile.encoding=utf8 -XX:+UseParallelGC -XX:GCTimeRatio=4 -XX:AdaptiveSizePolicyWeight=90 -Dsun.zip.disableMemoryMapping=true -Xmx1G -Xms100m -Xlog:disable -javaagent:c:\Users\Achraf\.vscode\extensions\redhat.java-1.36.0-win32-x64\lombok\lombok-1.18.35.jar -XX:+HeapDumpOnOutOfMemoryError -XX:HeapDumpPath=c:\Users\Achraf\AppData\Roaming\Code\User\workspaceStorage\608a4e0bca75e65c30703e1f81787409\redhat.java -Daether.dependencyCollector.impl=bf c:\Users\Achraf\.vscode\extensions\redhat.java-1.36.0-win32-x64\server\plugins\org.eclipse.equinox.launcher_1.6.900.v20240613-2009.jar -configuration c:\Users\Achraf\AppData\Roaming\Code\User\globalStorage\redhat.java\1.36.0\config_win -data c:\Users\Achraf\AppData\Roaming\Code\User\workspaceStorage\608a4e0bca75e65c30703e1f81787409\redhat.java\jdt_ws --pipe=\\.\pipe\lsp-a9b751a7bb29141418cccc1ec413f19f-sock

Host: AMD Ryzen 5 5600X 6-Core Processor             , 12 cores, 15G,  Windows 10 , 64 bit Build 19041 (10.0.19041.5072)
Time: Sun Nov 17 16:56:54 2024 Hora estándar romance elapsed time: 164.747179 seconds (0d 0h 2m 44s)

---------------  T H R E A D  ---------------

Current thread (0x00000204d60926c0):  JavaThread "C2 CompilerThread1" daemon [_thread_in_vm, id=22312, stack(0x000000e76ac00000,0x000000e76ad00000)]


Current CompileTask:
C2: 164747 10082       4       com.google.inject.TypeLiteral::<init> (43 bytes)

Stack: [0x000000e76ac00000,0x000000e76ad00000],  sp=0x000000e76acfbd38,  free space=1007k
Native frames: (J=compiled Java code, j=interpreted, Vv=VM code, C=native code)
V  [jvm.dll+0x544585]


siginfo: EXCEPTION_ACCESS_VIOLATION (0xc0000005), reading address 0x0000000140040ff8


Registers:
RAX=0x0000000140040f80, RBX=0x0000000100150198, RCX=0x00000001003d78f8, RDX=0x000000010004a170
RSP=0x000000e76acfbd38, RBP=0x000000e76acff310, RSI=0x0000000000000001, RDI=0x00000001003d78f8
R8 =0x00000204d6092601, R9 =0x00000204d7924470, R10=0x00000204b6d34930, R11=0x000000e76acfbc10
R12=0x0000000000000020, R13=0x0000000000000000, R14=0x000000e76acfbe50, R15=0x000000e76acfbec8
RIP=0x00007ffe59674585, EFLAGS=0x0000000000010202


Register to memory mapping:

RIP=0x00007ffe59674585 jvm.dll
RAX=0x0000000140040f80 is an unknown value
RBX=0x0000000100150198 is a pointer to class: 
java.lang.reflect.TypeVariable {0x00000001001501a0}
 - instance size:     2
 - klass size:        63
 - access:            public interface abstract 
 - state:             linked
 - name:              'java/lang/reflect/TypeVariable'
 - super:             'java/lang/Object'
 - sub:               
 - nof implementors:  1
 - implementor:    
   'sun/reflect/generics/reflectiveObjects/TypeVariableImpl'
 - arrays:            'java/lang/reflect/TypeVariable'[]
 - methods:           Array<T>(0x00000204cdb33018)
 - method ordering:   Array<T>(0x00000204cd000018)
 - default_methods:   Array<T>(0x00000204cdb33058)
 - default vtable indices:   Array<T>(0x00000204cdb32a30)
 - local interfaces:  Array<T>(0x00000204cdb32a08)
 - trans. interfaces: Array<T>(0x00000204cdb32a08)
 - constants:         constant pool [37] {0x00000204cdb32e80} for 'java/lang/reflect/TypeVariable' cache=0x00000204cf1b3ea0
 - class loader data:  loader data: 0x00000204b6fbeb00 of 'bootstrap'
 - class annotations:       Array<T>(0x0000000000000000)
 - class type annotations:  Array<T>(0x0000000000000000)
 - field annotations:       Array<T>(0x0000000000000000)
 - field type annotations:  Array<T>(0x0000000000000000)
 - generic signature: '<D::Ljava/lang/reflect/GenericDeclaration;>Ljava/lang/Object;Ljava/lang/reflect/Type;Ljava/lang/reflect/AnnotatedElement;'
 - inner classes:     Array<T>(0x00000204cd000028)
 - nest members:     Array<T>(0x00000204cd000028)
 - permitted subclasses:     Array<T>(0x00000204cd000028)
 - java mirror:       a 'java/lang/Class'{0x00000000c076a470} = 'java/lang/reflect/TypeVariable'
 - vtable length      5  (start addr: 0x0000000100150360)
 - itable length      0 (start addr: 0x0000000100150388)
 - ---- static fields (0 words):
 - ---- non-static fields (0 words):
 - non-static oop maps: 
RCX=0x00000001003d78f8 is a pointer to class: 
sun.reflect.generics.repository.GenericDeclRepository {0x00000001003d7900}
 - instance size:     3
 - klass size:        69
 - access:            public synchronized abstract 
 - state:             fully_initialized
 - name:              'sun/reflect/generics/repository/GenericDeclRepository'
 - super:             'sun/reflect/generics/repository/AbstractRepository'
 - sub:               'sun/reflect/generics/repository/ClassRepository'   'sun/reflect/generics/repository/ConstructorRepository'   
 - arrays:            NULL
 - methods:           Array<T>(0x00000204cf1aabd0)
 - method ordering:   Array<T>(0x00000204cd000018)
 - default_methods:   Array<T>(0x0000000000000000)
 - local interfaces:  Array<T>(0x00000204cd000058)
 - trans. interfaces: Array<T>(0x00000204cd000058)
 - constants:         constant pool [64] {0x00000204cf1aa268} for 'sun/reflect/generics/repository/GenericDeclRepository' cache=0x00000204cf1ab498
 - class loader data:  loader data: 0x00000204b6fbeb00 of 'bootstrap'
 - class annotations:       Array<T>(0x0000000000000000)
 - class type annotations:  Array<T>(0x0000000000000000)
 - field annotations:       Array<T>(0x0000000000000000)
 - field type annotations:  Array<T>(0x0000000000000000)
 - generic signature: '<S::Lsun/reflect/generics/tree/Signature;>Lsun/reflect/generics/repository/AbstractRepository<TS;>;'
 - inner classes:     Array<T>(0x00000204cd000028)
 - nest members:     Array<T>(0x00000204cd000028)
 - permitted subclasses:     Array<T>(0x00000204cd000028)
 - java mirror:       a 'java/lang/Class'{0x00000000c0e32cc8} = 'sun/reflect/generics/repository/GenericDeclRepository'
 - vtable length      9  (start addr: 0x00000001003d7ac0)
 - itable length      2 (start addr: 0x00000001003d7b08)
 - ---- static fields (1 words):
 - public static final 'EMPTY_TYPE_VARS' '[Ljava/lang/reflect/TypeVariable;' @112 
 - ---- non-static fields (3 words):

[error occurred during error reporting (printing register info), id 0xc0000005, EXCEPTION_ACCESS_VIOLATION (0xc0000005) at pc=0x00007ffe59376780]

Top of Stack: (sp=0x000000e76acfbd38)
0x000000e76acfbd38:   00007ffe597fce27 0000000100150198
0x000000e76acfbd48:   000000e76acff310 0000000000000001
0x000000e76acfbd58:   000000e76acff310 00000204d66ae410
0x000000e76acfbd68:   00007ffe592f2105 0000000100150198
0x000000e76acfbd78:   00000204d3e0f630 0000000000000020
0x000000e76acfbd88:   00000204d3c0d8d0 00000204d6092600
0x000000e76acfbd98:   000000e76acfbeb0 0000000000000050
0x000000e76acfbda8:   000000e76acff310 000000e76acfbec8
0x000000e76acfbdb8:   00007ffe592f1ea0 0000000000000007
0x000000e76acfbdc8:   00000204e1c82440 000000e76acfbe50
0x000000e76acfbdd8:   00007ffe59883fd9 00000204d66ae410
0x000000e76acfbde8:   00000204d3c0d8b0 00000204ccb9d628
0x000000e76acfbdf8:   00000204d66ae410 0000000000000007
0x000000e76acfbe08:   00007ffe592f46a1 00000204d3c0d840
0x000000e76acfbe18:   00000204d49bcf10 0000000000000001
0x000000e76acfbe28:   00000204d60926c0 00000204d66ae410
0x000000e76acfbe38:   0000000000000000 00000204d60926c0
0x000000e76acfbe48:   00000204ccb9d538 00000204cf1aa260
0x000000e76acfbe58:   00000204d60926c0 00000204d3c0d7a0
0x000000e76acfbe68:   00000204cf1aacd8 00000204d60926c0
0x000000e76acfbe78:   0000000000000000 0000000000000020
0x000000e76acfbe88:   000000e76acff310 0000000000000000
0x000000e76acfbe98:   00000204d3c0d760 0000000000000001
0x000000e76acfbea8:   00000204d3c0d7a0 00000204d66ae410
0x000000e76acfbeb8:   00007ffe592f1d3a 0000000000000000
0x000000e76acfbec8:   00000204cf1aa260 0000000000000000
0x000000e76acfbed8:   000000e76acfc038 0000000000000050
0x000000e76acfbee8:   00007ffe592f1c39 00000204d60926c0
0x000000e76acfbef8:   000000e76acff310 00000204d66ae410
0x000000e76acfbf08:   0000000000000001 00000204d3c0d780
0x000000e76acfbf18:   000000e76acfbfa0 000000e76acfc010
0x000000e76acfbf28:   00007ffe59306e71 00000204e1c82440 

Instructions: (pc=0x00007ffe59674585)
0x00007ffe59674485:   4c 8b c6 4f 8d 0c ca 0f 1f 40 00 49 8b 47 08 4d
0x00007ffe59674495:   8d 40 08 ff c6 49 8b 4c 00 f8 4b 89 0c 01 41 3b
0x00007ffe596744a5:   37 7c e8 4c 89 57 28 49 83 3c 24 00 eb 04 49 39
0x00007ffe596744b5:   34 24 74 15 48 8b 54 24 78 48 8b cd e8 1a 92 b6
0x00007ffe596744c5:   ff 49 8b cc e8 f2 91 b6 ff 4c 39 6d 18 74 11 48
0x00007ffe596744d5:   8b 44 24 20 48 89 45 20 4c 89 6d 18 4c 89 65 10
0x00007ffe596744e5:   4c 8b 6c 24 38 4c 8b a4 24 80 00 00 00 4c 8b 7c
0x00007ffe596744f5:   24 30 48 83 c4 40 41 5e 5f 5e 5d 5b c3 cc cc cc
0x00007ffe59674505:   cc cc cc cc cc cc cc cc cc cc cc 83 b9 a4 00 00
0x00007ffe59674515:   00 00 4c 8b c1 7c 4c 48 8b 15 05 fc 67 00 8b 4a
0x00007ffe59674525:   14 4a 39 14 01 74 3c 83 f9 20 75 30 4c 3b c2 74
0x00007ffe59674535:   32 49 8b 40 28 48 63 08 85 c9 7e 20 4c 8b c9 33
0x00007ffe59674545:   c9 48 83 c0 08 66 0f 1f 44 00 00 48 39 10 74 0f
0x00007ffe59674555:   48 ff c1 48 83 c0 08 49 3b c9 7c ef 32 c0 c3 49
0x00007ffe59674565:   89 50 20 b0 01 c3 cc cc cc cc cc 48 3b ca 74 1c
0x00007ffe59674575:   48 8b 41 78 48 85 c0 74 10 66 90 48 3b c2 74 0c
0x00007ffe59674585:   48 8b 40 78 48 85 c0 75 f2 32 c0 c3 b0 01 c3 cc
0x00007ffe59674595:   cc cc cc cc cc cc cc cc cc cc cc 40 53 48 83 ec
0x00007ffe596745a5:   20 48 8b d9 f6 c1 07 75 43 48 81 f9 00 10 00 00
0x00007ffe596745b5:   72 3a 48 8d 91 c8 00 00 00 e8 bd 0d 13 00 84 c0
0x00007ffe596745c5:   74 2a 48 8b cb e8 81 41 0e 00 84 c0 74 1e 48 8b
0x00007ffe596745d5:   4b 18 e8 e4 10 26 00 84 c0 74 11 48 8b 8b 98 00
0x00007ffe596745e5:   00 00 48 83 c4 20 5b e9 4f 13 cb ff 32 c0 48 83
0x00007ffe596745f5:   c4 20 5b c3 cc cc cc cc cc cc cc 48 8b 49 70 48
0x00007ffe59674605:   85 c9 75 03 33 c0 c3 48 ff 25 5d b9 5d 00 cc cc
0x00007ffe59674615:   cc cc cc cc cc cc cc cc cc cc cc 48 89 5c 24 08
0x00007ffe59674625:   48 89 6c 24 10 48 89 74 24 18 48 89 7c 24 20 41
0x00007ffe59674635:   56 48 83 ec 30 8b 41 08 41 0f b6 e8 4c 8b f2 4c
0x00007ffe59674645:   8b c9 85 c0 7e 18 8b 81 a4 00 00 00 c1 e8 1a a8
0x00007ffe59674655:   01 74 32 48 8b 49 18 e8 df f8 ff ff eb 3e 3d 00
0x00007ffe59674665:   00 00 c0 7d 20 48 8b 81 e8 00 00 00 8b 88 a4 00
0x00007ffe59674675:   00 00 c1 e9 1a f6 c1 01 74 0b 49 8b 49 18 e8 b8 


Stack slot to memory mapping:
stack at sp + 0 slots: 0x00007ffe597fce27 jvm.dll
stack at sp + 1 slots: 0x0000000100150198 is a pointer to class: 
java.lang.reflect.TypeVariable {0x00000001001501a0}
 - instance size:     2
 - klass size:        63
 - access:            public interface abstract 
 - state:             linked
 - name:              'java/lang/reflect/TypeVariable'
 - super:             'java/lang/Object'
 - sub:               
 - nof implementors:  1
 - implementor:    
   'sun/reflect/generics/reflectiveObjects/TypeVariableImpl'
 - arrays:            'java/lang/reflect/TypeVariable'[]
 - methods:           Array<T>(0x00000204cdb33018)
 - method ordering:   Array<T>(0x00000204cd000018)
 - default_methods:   Array<T>(0x00000204cdb33058)
 - default vtable indices:   Array<T>(0x00000204cdb32a30)
 - local interfaces:  Array<T>(0x00000204cdb32a08)
 - trans. interfaces: Array<T>(0x00000204cdb32a08)
 - constants:         constant pool [37] {0x00000204cdb32e80} for 'java/lang/reflect/TypeVariable' cache=0x00000204cf1b3ea0
 - class loader data:  loader data: 0x00000204b6fbeb00 of 'bootstrap'
 - class annotations:       Array<T>(0x0000000000000000)
 - class type annotations:  Array<T>(0x0000000000000000)
 - field annotations:       Array<T>(0x0000000000000000)
 - field type annotations:  Array<T>(0x0000000000000000)
 - generic signature: '<D::Ljava/lang/reflect/GenericDeclaration;>Ljava/lang/Object;Ljava/lang/reflect/Type;Ljava/lang/reflect/AnnotatedElement;'
 - inner classes:     Array<T>(0x00000204cd000028)
 - nest members:     Array<T>(0x00000204cd000028)
 - permitted subclasses:     Array<T>(0x00000204cd000028)
 - java mirror:       a 'java/lang/Class'{0x00000000c076a470} = 'java/lang/reflect/TypeVariable'
 - vtable length      5  (start addr: 0x0000000100150360)
 - itable length      0 (start addr: 0x0000000100150388)
 - ---- static fields (0 words):
 - ---- non-static fields (0 words):
 - non-static oop maps: 
stack at sp + 2 slots: 0x000000e76acff310 is pointing into the stack for thread: 0x00000204d60926c0
stack at sp + 3 slots: 0x0000000000000001 is an unknown value
stack at sp + 4 slots: 0x000000e76acff310 is pointing into the stack for thread: 0x00000204d60926c0
stack at sp + 5 slots: 0x00000204d66ae410 points into unknown readable memory: 0x00007ffe59a66ac8 | c8 6a a6 59 fe 7f 00 00
stack at sp + 6 slots: 0x00007ffe592f2105 jvm.dll
stack at sp + 7 slots: 0x0000000100150198 is a pointer to class: 
java.lang.reflect.TypeVariable {0x00000001001501a0}
 - instance size:     2
 - klass size:        63
 - access:            public interface abstract 
 - state:             linked
 - name:              'java/lang/reflect/TypeVariable'
 - super:             'java/lang/Object'
 - sub:               
 - nof implementors:  1
 - implementor:    
   'sun/reflect/generics/reflectiveObjects/TypeVariableImpl'
 - arrays:            'java/lang/reflect/TypeVariable'[]
 - methods:           Array<T>(0x00000204cdb33018)
 - method ordering:   Array<T>(0x00000204cd000018)
 - default_methods:   Array<T>(0x00000204cdb33058)
 - default vtable indices:   Array<T>(0x00000204cdb32a30)
 - local interfaces:  Array<T>(0x00000204cdb32a08)
 - trans. interfaces: Array<T>(0x00000204cdb32a08)
 - constants:         constant pool [37] {0x00000204cdb32e80} for 'java/lang/reflect/TypeVariable' cache=0x00000204cf1b3ea0
 - class loader data:  loader data: 0x00000204b6fbeb00 of 'bootstrap'
 - class annotations:       Array<T>(0x0000000000000000)
 - class type annotations:  Array<T>(0x0000000000000000)
 - field annotations:       Array<T>(0x0000000000000000)
 - field type annotations:  Array<T>(0x0000000000000000)
 - generic signature: '<D::Ljava/lang/reflect/GenericDeclaration;>Ljava/lang/Object;Ljava/lang/reflect/Type;Ljava/lang/reflect/AnnotatedElement;'
 - inner classes:     Array<T>(0x00000204cd000028)
 - nest members:     Array<T>(0x00000204cd000028)
 - permitted subclasses:     Array<T>(0x00000204cd000028)
 - java mirror:       a 'java/lang/Class'{0x00000000c076a470} = 'java/lang/reflect/TypeVariable'
 - vtable length      5  (start addr: 0x0000000100150360)
 - itable length      0 (start addr: 0x0000000100150388)
 - ---- static fields (0 words):
 - ---- non-static fields (0 words):
 - non-static oop maps: 


---------------  P R O C E S S  ---------------

Threads class SMR info:
_java_thread_list=0x00000204e1805f10, length=74, elements={
0x00000204b6fa0ec0, 0x00000204ccd868a0, 0x00000204ccd882a0, 0x00000204ccd890f0,
0x00000204ccd89e80, 0x00000204ccd8ac10, 0x00000204ccd8c9f0, 0x00000204ccd8dee0,
0x00000204ccd8e890, 0x00000204d20ba090, 0x00000204ccc6bc50, 0x00000204d36478f0,
0x00000204d3feec10, 0x00000204d3ed7a80, 0x00000204d3ee1090, 0x00000204d4022db0,
0x00000204d3ebb6e0, 0x00000204d42875c0, 0x00000204d4289930, 0x00000204d4289420,
0x00000204d4287ad0, 0x00000204d42870b0, 0x00000204d4288f10, 0x00000204d4286ba0,
0x00000204d4287fe0, 0x00000204d42884f0, 0x00000204d5f4af90, 0x00000204d5f4dd20,
0x00000204d5f4b4a0, 0x00000204d5f4e230, 0x00000204d5f4c8e0, 0x00000204d5f514d0,
0x00000204d5f4a060, 0x00000204d5f4d810, 0x00000204d5f50fc0, 0x00000204d5f4e740,
0x00000204d5f4cdf0, 0x00000204d5f4b9b0, 0x00000204d5f4c3d0, 0x00000204d5f4f670,
0x00000204d5f50090, 0x00000204d5f505a0, 0x00000204d4286690, 0x00000204d85eb9f0,
0x00000204d85ee780, 0x00000204d85ed340, 0x00000204d85ea0a0, 0x00000204d85f1000,
0x00000204d85ed850, 0x00000204d85eafd0, 0x00000204d85edd60, 0x00000204d85e9b90,
0x00000204d85ec920, 0x00000204d85ec410, 0x00000204d85ea5b0, 0x00000204d85eec90,
0x00000204d85eb4e0, 0x00000204d85ef1a0, 0x00000204d85f05e0, 0x00000204d85f0af0,
0x00000204d85ebf00, 0x00000204d85ef6b0, 0x00000204d85ece30, 0x00000204d85efbc0,
0x00000204d433b6b0, 0x00000204d4338410, 0x00000204d4338920, 0x00000204d433ac90,
0x00000204d4338e30, 0x00000204d43379f0, 0x00000204d4336fd0, 0x00000204d60926c0,
0x00000204d4339340, 0x00000204d4336ac0
}

Java Threads: ( => current thread )
  0x00000204b6fa0ec0 JavaThread "main" [_thread_blocked, id=18012, stack(0x000000e76ae00000,0x000000e76af00000)]
  0x00000204ccd868a0 JavaThread "Reference Handler" daemon [_thread_blocked, id=10324, stack(0x000000e76b100000,0x000000e76b200000)]
  0x00000204ccd882a0 JavaThread "Finalizer" daemon [_thread_blocked, id=4424, stack(0x000000e76b200000,0x000000e76b300000)]
  0x00000204ccd890f0 JavaThread "Signal Dispatcher" daemon [_thread_blocked, id=7348, stack(0x000000e76b300000,0x000000e76b400000)]
  0x00000204ccd89e80 JavaThread "Attach Listener" daemon [_thread_blocked, id=16232, stack(0x000000e76b400000,0x000000e76b500000)]
  0x00000204ccd8ac10 JavaThread "Service Thread" daemon [_thread_blocked, id=21064, stack(0x000000e76b500000,0x000000e76b600000)]
  0x00000204ccd8c9f0 JavaThread "Monitor Deflation Thread" daemon [_thread_blocked, id=8888, stack(0x000000e76b600000,0x000000e76b700000)]
  0x00000204ccd8dee0 JavaThread "C2 CompilerThread0" daemon [_thread_in_vm, id=6216, stack(0x000000e76b700000,0x000000e76b800000)]
  0x00000204ccd8e890 JavaThread "C1 CompilerThread0" daemon [_thread_blocked, id=10932, stack(0x000000e76b800000,0x000000e76b900000)]
  0x00000204d20ba090 JavaThread "Sweeper thread" daemon [_thread_blocked, id=7444, stack(0x000000e76b900000,0x000000e76ba00000)]
  0x00000204ccc6bc50 JavaThread "Common-Cleaner" daemon [_thread_blocked, id=9880, stack(0x000000e76ba00000,0x000000e76bb00000)]
  0x00000204d36478f0 JavaThread "Notification Thread" daemon [_thread_blocked, id=4724, stack(0x000000e76bc00000,0x000000e76bd00000)]
  0x00000204d3feec10 JavaThread "Active Thread: Equinox Container: 077ea924-0a89-4760-96b8-3a247c46e693" [_thread_blocked, id=19868, stack(0x000000e76c500000,0x000000e76c600000)]
  0x00000204d3ed7a80 JavaThread "Refresh Thread: Equinox Container: 077ea924-0a89-4760-96b8-3a247c46e693" daemon [_thread_blocked, id=8332, stack(0x000000e76bb00000,0x000000e76bc00000)]
  0x00000204d3ee1090 JavaThread "Framework Event Dispatcher: Equinox Container: 077ea924-0a89-4760-96b8-3a247c46e693" daemon [_thread_blocked, id=19684, stack(0x000000e76be00000,0x000000e76bf00000)]
  0x00000204d4022db0 JavaThread "Start Level: Equinox Container: 077ea924-0a89-4760-96b8-3a247c46e693" daemon [_thread_blocked, id=2528, stack(0x000000e76c600000,0x000000e76c700000)]
  0x00000204d3ebb6e0 JavaThread "Bundle File Closer" daemon [_thread_blocked, id=9164, stack(0x000000e76c900000,0x000000e76ca00000)]
  0x00000204d42875c0 JavaThread "SCR Component Actor" daemon [_thread_blocked, id=2632, stack(0x000000e76cb00000,0x000000e76cc00000)]
  0x00000204d4289930 JavaThread "Worker-JM" [_thread_blocked, id=3872, stack(0x000000e76ce00000,0x000000e76cf00000)]
  0x00000204d4289420 JavaThread "JNA Cleaner" daemon [_thread_blocked, id=11252, stack(0x000000e76cf00000,0x000000e76d000000)]
  0x00000204d4287ad0 JavaThread "Worker-0" [_thread_blocked, id=10344, stack(0x000000e76d000000,0x000000e76d100000)]
  0x00000204d42870b0 JavaThread "Java indexing" daemon [_thread_blocked, id=816, stack(0x000000e76d200000,0x000000e76d300000)]
  0x00000204d4288f10 JavaThread "Thread-2" daemon [_thread_in_native, id=6212, stack(0x000000e76d600000,0x000000e76d700000)]
  0x00000204d4286ba0 JavaThread "Thread-3" daemon [_thread_in_native, id=4452, stack(0x000000e76d700000,0x000000e76d800000)]
  0x00000204d4287fe0 JavaThread "Thread-4" daemon [_thread_in_native, id=9356, stack(0x000000e76d800000,0x000000e76d900000)]
  0x00000204d42884f0 JavaThread "Thread-5" daemon [_thread_in_native, id=21256, stack(0x000000e76d900000,0x000000e76da00000)]
  0x00000204d5f4af90 JavaThread "Thread-6" daemon [_thread_in_native, id=6764, stack(0x000000e76da00000,0x000000e76db00000)]
  0x00000204d5f4dd20 JavaThread "Thread-7" daemon [_thread_in_native, id=8116, stack(0x000000e76db00000,0x000000e76dc00000)]
  0x00000204d5f4b4a0 JavaThread "Thread-8" daemon [_thread_in_native, id=7204, stack(0x000000e76dc00000,0x000000e76dd00000)]
  0x00000204d5f4e230 JavaThread "Thread-9" daemon [_thread_in_native, id=22460, stack(0x000000e76dd00000,0x000000e76de00000)]
  0x00000204d5f4c8e0 JavaThread "Thread-10" daemon [_thread_in_native, id=4228, stack(0x000000e76de00000,0x000000e76df00000)]
  0x00000204d5f514d0 JavaThread "Thread-11" daemon [_thread_in_native, id=23184, stack(0x000000e76df00000,0x000000e76e000000)]
  0x00000204d5f4a060 JavaThread "Thread-12" daemon [_thread_in_native, id=19520, stack(0x000000e76e000000,0x000000e76e100000)]
  0x00000204d5f4d810 JavaThread "Thread-13" daemon [_thread_in_native, id=2980, stack(0x000000e76e100000,0x000000e76e200000)]
  0x00000204d5f50fc0 JavaThread "Thread-14" daemon [_thread_in_native, id=1788, stack(0x000000e76e200000,0x000000e76e300000)]
  0x00000204d5f4e740 JavaThread "pool-2-thread-1" [_thread_blocked, id=9784, stack(0x000000e76e300000,0x000000e76e400000)]
  0x00000204d5f4cdf0 JavaThread "WorkspaceEventsHandler" [_thread_blocked, id=1844, stack(0x000000e76e500000,0x000000e76e600000)]
  0x00000204d5f4b9b0 JavaThread "pool-1-thread-1" [_thread_blocked, id=3436, stack(0x000000e76e600000,0x000000e76e700000)]
  0x00000204d5f4c3d0 JavaThread "Worker-3" [_thread_blocked, id=11344, stack(0x000000e76e700000,0x000000e76e800000)]
  0x00000204d5f4f670 JavaThread "ForkJoinPool.commonPool-worker-1" daemon [_thread_blocked, id=19100, stack(0x000000e76ed00000,0x000000e76ee00000)]
  0x00000204d5f50090 JavaThread "Compiler Source File Reader" daemon [_thread_blocked, id=16948, stack(0x000000e76ef00000,0x000000e76f000000)]
  0x00000204d5f505a0 JavaThread "Compiler Source File Reader" daemon [_thread_blocked, id=13092, stack(0x000000e76f000000,0x000000e76f100000)]
  0x00000204d4286690 JavaThread "Compiler Source File Reader" daemon [_thread_blocked, id=19304, stack(0x000000e76f100000,0x000000e76f200000)]
  0x00000204d85eb9f0 JavaThread "Compiler Source File Reader" daemon [_thread_blocked, id=7132, stack(0x000000e76f200000,0x000000e76f300000)]
  0x00000204d85ee780 JavaThread "Compiler Source File Reader" daemon [_thread_blocked, id=4712, stack(0x000000e76f300000,0x000000e76f400000)]
  0x00000204d85ed340 JavaThread "Compiler Source File Reader" daemon [_thread_blocked, id=11132, stack(0x000000e76f400000,0x000000e76f500000)]
  0x00000204d85ea0a0 JavaThread "Compiler Source File Reader" daemon [_thread_blocked, id=17456, stack(0x000000e76f500000,0x000000e76f600000)]
  0x00000204d85f1000 JavaThread "Compiler Source File Reader" daemon [_thread_blocked, id=9504, stack(0x000000e76f600000,0x000000e76f700000)]
  0x00000204d85ed850 JavaThread "Compiler Source File Reader" daemon [_thread_blocked, id=23520, stack(0x000000e76f700000,0x000000e76f800000)]
  0x00000204d85eafd0 JavaThread "ForkJoinPool.commonPool-worker-3" daemon [_thread_blocked, id=18076, stack(0x000000e76f800000,0x000000e76f900000)]
  0x00000204d85edd60 JavaThread "ForkJoinPool.commonPool-worker-4" daemon [_thread_blocked, id=11196, stack(0x000000e76f900000,0x000000e76fa00000)]
  0x00000204d85e9b90 JavaThread "ForkJoinPool.commonPool-worker-5" daemon [_thread_blocked, id=9452, stack(0x000000e76fa00000,0x000000e76fb00000)]
  0x00000204d85ec920 JavaThread "ForkJoinPool.commonPool-worker-6" daemon [_thread_blocked, id=16364, stack(0x000000e76fb00000,0x000000e76fc00000)]
  0x00000204d85ec410 JavaThread "ForkJoinPool.commonPool-worker-7" daemon [_thread_blocked, id=9568, stack(0x000000e76fc00000,0x000000e76fd00000)]
  0x00000204d85ea5b0 JavaThread "ForkJoinPool.commonPool-worker-8" daemon [_thread_blocked, id=12556, stack(0x000000e76fd00000,0x000000e76fe00000)]
  0x00000204d85eec90 JavaThread "ForkJoinPool.commonPool-worker-9" daemon [_thread_blocked, id=3532, stack(0x000000e76fe00000,0x000000e76ff00000)]
  0x00000204d85eb4e0 JavaThread "ForkJoinPool.commonPool-worker-10" daemon [_thread_blocked, id=19724, stack(0x000000e76ff00000,0x000000e770000000)]
  0x00000204d85ef1a0 JavaThread "Compiler Class File Writer" daemon [_thread_blocked, id=1592, stack(0x000000e770300000,0x000000e770400000)]
  0x00000204d85f05e0 JavaThread "Compiler Class File Writer" daemon [_thread_blocked, id=10904, stack(0x000000e770400000,0x000000e770500000)]
  0x00000204d85f0af0 JavaThread "Compiler Class File Writer" daemon [_thread_blocked, id=17460, stack(0x000000e770500000,0x000000e770600000)]
  0x00000204d85ebf00 JavaThread "Compiler Class File Writer" daemon [_thread_blocked, id=2160, stack(0x000000e770600000,0x000000e770700000)]
  0x00000204d85ef6b0 JavaThread "Compiler Class File Writer" daemon [_thread_blocked, id=1048, stack(0x000000e770700000,0x000000e770800000)]
  0x00000204d85ece30 JavaThread "Compiler Class File Writer" daemon [_thread_blocked, id=20272, stack(0x000000e770800000,0x000000e770900000)]
  0x00000204d85efbc0 JavaThread "Compiler Class File Writer" daemon [_thread_blocked, id=18248, stack(0x000000e770900000,0x000000e770a00000)]
  0x00000204d433b6b0 JavaThread "Compiler Class File Writer" daemon [_thread_blocked, id=7212, stack(0x000000e770a00000,0x000000e770b00000)]
  0x00000204d4338410 JavaThread "Compiler Class File Writer" daemon [_thread_blocked, id=3344, stack(0x000000e770b00000,0x000000e770c00000)]
  0x00000204d4338920 JavaThread "Cleaner-0" daemon [_thread_blocked, id=21988, stack(0x000000e770200000,0x000000e770300000)]
  0x00000204d433ac90 JavaThread "Java Debug Server" daemon [_thread_in_native, id=13308, stack(0x000000e76cc00000,0x000000e76cd00000)]
  0x00000204d4338e30 JavaThread "RxSchedulerPurge-1" daemon [_thread_blocked, id=23132, stack(0x000000e770c00000,0x000000e770d00000)]
  0x00000204d43379f0 JavaThread "RxCachedWorkerPoolEvictor-1" daemon [_thread_blocked, id=252, stack(0x000000e770d00000,0x000000e770e00000)]
  0x00000204d4336fd0 JavaThread "pool-5-thread-1" [_thread_blocked, id=24336, stack(0x000000e76ab00000,0x000000e76ac00000)]
=>0x00000204d60926c0 JavaThread "C2 CompilerThread1" daemon [_thread_in_vm, id=22312, stack(0x000000e76ac00000,0x000000e76ad00000)]
  0x00000204d4339340 JavaThread "Framework stop - Equinox Container: 077ea924-0a89-4760-96b8-3a247c46e693" [_thread_blocked, id=10860, stack(0x000000e76ad00000,0x000000e76ae00000)]
  0x00000204d4336ac0 JavaThread "SCR Component Registry" daemon [_thread_blocked, id=23868, stack(0x000000e76cd00000,0x000000e76ce00000)]

Other Threads:
  0x00000204b705eb10 VMThread "VM Thread" [stack: 0x000000e76b000000,0x000000e76b100000] [id=1484] _threads_hazard_ptr=0x00000204e1805f10
  0x00000204d3647dd0 WatcherThread [stack: 0x000000e76bd00000,0x000000e76be00000] [id=988]
  0x00000204b6fb65c0 GCTaskThread "GC Thread#0" [stack: 0x000000e76af00000,0x000000e76b000000] [id=6192]
  0x00000204d3ac4240 GCTaskThread "GC Thread#1" [stack: 0x000000e76bf00000,0x000000e76c000000] [id=4192]
  0x00000204d3c41500 GCTaskThread "GC Thread#2" [stack: 0x000000e76c000000,0x000000e76c100000] [id=4396]
  0x00000204d3c417c0 GCTaskThread "GC Thread#3" [stack: 0x000000e76c100000,0x000000e76c200000] [id=8228]
  0x00000204d3c41a80 GCTaskThread "GC Thread#4" [stack: 0x000000e76c200000,0x000000e76c300000] [id=21644]
  0x00000204d3c41d40 GCTaskThread "GC Thread#5" [stack: 0x000000e76c300000,0x000000e76c400000] [id=17092]
  0x00000204d3c42000 GCTaskThread "GC Thread#6" [stack: 0x000000e76c400000,0x000000e76c500000] [id=22428]
  0x00000204d3e98760 GCTaskThread "GC Thread#7" [stack: 0x000000e76c700000,0x000000e76c800000] [id=17412]
  0x00000204d3a115a0 GCTaskThread "GC Thread#8" [stack: 0x000000e76c800000,0x000000e76c900000] [id=11056]
  0x00000204d3a58fd0 GCTaskThread "GC Thread#9" [stack: 0x000000e76ca00000,0x000000e76cb00000] [id=13844]

Threads with active compile tasks:
C2 CompilerThread0   164778 10078       4       com.google.inject.internal.MoreTypes::canonicalize (143 bytes)
C1 CompilerThread0   164778 10105       3       sun.security.util.ManifestEntryVerifier::update (48 bytes)
C2 CompilerThread1   164778 10082       4       com.google.inject.TypeLiteral::<init> (43 bytes)

VM state: not at safepoint (normal execution)

VM Mutex/Monitor currently owned by a thread:  ([mutex/lock_event])
[0x00000204b6f8fb30] Compile_lock - owner thread: 0x00000204d4339340

Heap address: 0x00000000c0000000, size: 1024 MB, Compressed Oops mode: 32-bit

CDS archive(s) not mapped
Compressed class space mapped at: 0x0000000100000000-0x0000000140000000, reserved size: 1073741824
Narrow klass base: 0x0000000000000000, Narrow klass shift: 3, Narrow klass range: 0x140000000

GC Precious Log:
 CPUs: 12 total, 12 available
 Memory: 16295M
 Large Page Support: Disabled
 NUMA Support: Disabled
 Compressed Oops: Enabled (32-bit)
 Alignments: Space 512K, Generation 512K, Heap 2M
 Heap Min Capacity: 100M
 Heap Initial Capacity: 100M
 Heap Max Capacity: 1G
 Pre-touch: Disabled
 Parallel Workers: 10

Heap:
 PSYoungGen      total 48128K, used 24332K [0x00000000eab00000, 0x00000000eeb80000, 0x0000000100000000)
  eden space 31232K, 24% used [0x00000000eab00000,0x00000000eb27cdd8,0x00000000ec980000)
  from space 16896K, 98% used [0x00000000ed180000,0x00000000ee1c63c8,0x00000000ee200000)
  to   space 9728K, 0% used [0x00000000ee200000,0x00000000ee200000,0x00000000eeb80000)
 ParOldGen       total 414720K, used 367203K [0x00000000c0000000, 0x00000000d9500000, 0x00000000eab00000)
  object space 414720K, 88% used [0x00000000c0000000,0x00000000d6698ca8,0x00000000d9500000)
 Metaspace       used 77684K, committed 78912K, reserved 1179648K
  class space    used 8432K, committed 8960K, reserved 1048576K

Card table byte_map: [0x00000204ca620000,0x00000204ca830000] _byte_map_base: 0x00000204ca020000

Marking Bits: (ParMarkBitMap*) 0x00007ffe59cd6940
 Begin Bits: [0x00000204ca990000, 0x00000204cb990000)
 End Bits:   [0x00000204cb990000, 0x00000204cc990000)

Polling page: 0x00000204b7060000

Metaspace:

Usage:
  Non-class:     67.63 MB used.
      Class:      8.23 MB used.
       Both:     75.86 MB used.

Virtual space:
  Non-class space:      128.00 MB reserved,      68.31 MB ( 53%) committed,  2 nodes.
      Class space:        1.00 GB reserved,       8.75 MB ( <1%) committed,  1 nodes.
             Both:        1.12 GB reserved,      77.06 MB (  7%) committed. 

Chunk freelists:
   Non-Class:  11.47 MB
       Class:  7.09 MB
        Both:  18.56 MB

MaxMetaspaceSize: unlimited
CompressedClassSpaceSize: 1.00 GB
Initial GC threshold: 21.00 MB
Current GC threshold: 121.56 MB
CDS: off
MetaspaceReclaimPolicy: balanced
 - commit_granule_bytes: 65536.
 - commit_granule_words: 8192.
 - virtual_space_node_default_size: 8388608.
 - enlarge_chunks_in_place: 1.
 - new_chunks_are_fully_committed: 0.
 - uncommit_free_chunks: 1.
 - use_allocation_guard: 0.
 - handle_deallocations: 1.


Internal statistics:

num_allocs_failed_limit: 6.
num_arena_births: 846.
num_arena_deaths: 14.
num_vsnodes_births: 3.
num_vsnodes_deaths: 0.
num_space_committed: 1233.
num_space_uncommitted: 0.
num_chunks_returned_to_freelist: 20.
num_chunks_taken_from_freelist: 3916.
num_chunk_merges: 8.
num_chunk_splits: 2427.
num_chunks_enlarged: 1446.
num_inconsistent_stats: 0.

CodeHeap 'non-profiled nmethods': size=120000Kb used=6701Kb max_used=6701Kb free=113298Kb
 bounds [0x00000204c2f10000, 0x00000204c35a0000, 0x00000204ca440000]
CodeHeap 'profiled nmethods': size=120000Kb used=16331Kb max_used=16335Kb free=103668Kb
 bounds [0x00000204bb440000, 0x00000204bc440000, 0x00000204c2970000]
CodeHeap 'non-nmethods': size=5760Kb used=1428Kb max_used=1507Kb free=4331Kb
 bounds [0x00000204c2970000, 0x00000204c2be0000, 0x00000204c2f10000]
 total_blobs=9186 nmethods=8393 adapters=704
 compilation: enabled
              stopped_count=0, restarted_count=0
 full_count=0

Compilation events (20 events):
Event: 164.738 Thread 0x00000204ccd8e890 10090       3       java.util.concurrent.atomic.AtomicReferenceFieldUpdater$AtomicReferenceFieldUpdaterImpl::accessCheck (17 bytes)
Event: 164.739 Thread 0x00000204ccd8e890 nmethod 10090 0x00000204bbdf8110 code [0x00000204bbdf82c0, 0x00000204bbdf8468]
Event: 164.739 Thread 0x00000204ccd8e890 10091       3       java.util.concurrent.atomic.AtomicReferenceFieldUpdater$AtomicReferenceFieldUpdaterImpl::valueCheck (19 bytes)
Event: 164.739 Thread 0x00000204ccd8e890 nmethod 10091 0x00000204bbe21490 code [0x00000204bbe21640, 0x00000204bbe21908]
Event: 164.739 Thread 0x00000204ccd8e890 10092       3       org.apache.felix.scr.impl.manager.AbstractComponentManager::getLockTimeout (41 bytes)
Event: 164.739 Thread 0x00000204ccd8e890 nmethod 10092 0x00000204bb45f890 code [0x00000204bb45fa60, 0x00000204bb45fe78]
Event: 164.739 Thread 0x00000204ccd8e890 10093       1       org.apache.felix.scr.impl.config.ScrConfigurationImpl::serviceChangecountTimeout (5 bytes)
Event: 164.739 Thread 0x00000204ccd8e890 nmethod 10093 0x00000204c359a190 code [0x00000204c359a320, 0x00000204c359a3f8]
Event: 164.739 Thread 0x00000204ccd8e890 10094       1       org.apache.felix.scr.impl.manager.RegistrationManager$RegStateWrapper::getRegState (5 bytes)
Event: 164.739 Thread 0x00000204ccd8e890 nmethod 10094 0x00000204c359a490 code [0x00000204c359a620, 0x00000204c359a6f8]
Event: 164.739 Thread 0x00000204ccd8e890 10096       3       java.util.concurrent.atomic.AtomicInteger::<init> (5 bytes)
Event: 164.739 Thread 0x00000204ccd8e890 nmethod 10096 0x00000204bbdfa510 code [0x00000204bbdfa6c0, 0x00000204bbdfa878]
Event: 164.739 Thread 0x00000204ccd8e890 10097       3       org.eclipse.osgi.internal.serviceregistry.ServiceUse::inUse (11 bytes)
Event: 164.739 Thread 0x00000204ccd8e890 nmethod 10097 0x00000204bbda2e90 code [0x00000204bbda3020, 0x00000204bbda3198]
Event: 164.739 Thread 0x00000204ccd8e890 10098       1       org.apache.felix.scr.impl.metadata.ComponentMetadata::getServiceMetadata (5 bytes)
Event: 164.739 Thread 0x00000204ccd8e890 nmethod 10098 0x00000204c359ab90 code [0x00000204c359ad20, 0x00000204c359adf8]
Event: 164.739 Thread 0x00000204ccd8e890 10099       1       org.apache.felix.scr.impl.manager.AbstractComponentManager::isFactory (2 bytes)
Event: 164.740 Thread 0x00000204ccd8e890 nmethod 10099 0x00000204c359ae90 code [0x00000204c359b020, 0x00000204c359b0f8]
Event: 164.740 Thread 0x00000204ccd8e890 10100       3       org.apache.felix.scr.impl.manager.AbstractComponentManager::getComponentMetadata (10 bytes)
Event: 164.740 Thread 0x00000204ccd8e890 nmethod 10100 0x00000204bc0b8d10 code [0x00000204bc0b8ec0, 0x00000204bc0b9088]

GC Heap History (20 events):
Event: 12.904 GC heap before
{Heap before GC invocations=144 (full 9):
 PSYoungGen      total 46592K, used 46575K [0x00000000eab00000, 0x00000000eee80000, 0x0000000100000000)
  eden space 35840K, 100% used [0x00000000eab00000,0x00000000ece00000,0x00000000ece00000)
  from space 10752K, 99% used [0x00000000ece00000,0x00000000ed87bd40,0x00000000ed880000)
  to   space 16384K, 0% used [0x00000000ede80000,0x00000000ede80000,0x00000000eee80000)
 ParOldGen       total 331776K, used 279810K [0x00000000c0000000, 0x00000000d4400000, 0x00000000eab00000)
  object space 331776K, 84% used [0x00000000c0000000,0x00000000d1140b18,0x00000000d4400000)
 Metaspace       used 72241K, committed 73472K, reserved 1179648K
  class space    used 7756K, committed 8256K, reserved 1048576K
}
Event: 12.909 GC heap after
{Heap after GC invocations=144 (full 9):
 PSYoungGen      total 48640K, used 9917K [0x00000000eab00000, 0x00000000ee880000, 0x0000000100000000)
  eden space 38400K, 0% used [0x00000000eab00000,0x00000000eab00000,0x00000000ed080000)
  from space 10240K, 96% used [0x00000000ede80000,0x00000000ee82f660,0x00000000ee880000)
  to   space 12288K, 0% used [0x00000000ed080000,0x00000000ed080000,0x00000000edc80000)
 ParOldGen       total 331776K, used 285974K [0x00000000c0000000, 0x00000000d4400000, 0x00000000eab00000)
  object space 331776K, 86% used [0x00000000c0000000,0x00000000d1745870,0x00000000d4400000)
 Metaspace       used 72241K, committed 73472K, reserved 1179648K
  class space    used 7756K, committed 8256K, reserved 1048576K
}
Event: 12.959 GC heap before
{Heap before GC invocations=145 (full 9):
 PSYoungGen      total 48640K, used 48317K [0x00000000eab00000, 0x00000000ee880000, 0x0000000100000000)
  eden space 38400K, 100% used [0x00000000eab00000,0x00000000ed080000,0x00000000ed080000)
  from space 10240K, 96% used [0x00000000ede80000,0x00000000ee82f660,0x00000000ee880000)
  to   space 12288K, 0% used [0x00000000ed080000,0x00000000ed080000,0x00000000edc80000)
 ParOldGen       total 331776K, used 285974K [0x00000000c0000000, 0x00000000d4400000, 0x00000000eab00000)
  object space 331776K, 86% used [0x00000000c0000000,0x00000000d1745870,0x00000000d4400000)
 Metaspace       used 73275K, committed 74432K, reserved 1179648K
  class space    used 7869K, committed 8320K, reserved 1048576K
}
Event: 12.964 GC heap after
{Heap after GC invocations=145 (full 9):
 PSYoungGen      total 50688K, used 12260K [0x00000000eab00000, 0x00000000ef780000, 0x0000000100000000)
  eden space 38400K, 0% used [0x00000000eab00000,0x00000000eab00000,0x00000000ed080000)
  from space 12288K, 99% used [0x00000000ed080000,0x00000000edc79150,0x00000000edc80000)
  to   space 18432K, 0% used [0x00000000ee580000,0x00000000ee580000,0x00000000ef780000)
 ParOldGen       total 331776K, used 290676K [0x00000000c0000000, 0x00000000d4400000, 0x00000000eab00000)
  object space 331776K, 87% used [0x00000000c0000000,0x00000000d1bdd328,0x00000000d4400000)
 Metaspace       used 73275K, committed 74432K, reserved 1179648K
  class space    used 7869K, committed 8320K, reserved 1048576K
}
Event: 13.004 GC heap before
{Heap before GC invocations=146 (full 9):
 PSYoungGen      total 50688K, used 50660K [0x00000000eab00000, 0x00000000ef780000, 0x0000000100000000)
  eden space 38400K, 100% used [0x00000000eab00000,0x00000000ed080000,0x00000000ed080000)
  from space 12288K, 99% used [0x00000000ed080000,0x00000000edc79150,0x00000000edc80000)
  to   space 18432K, 0% used [0x00000000ee580000,0x00000000ee580000,0x00000000ef780000)
 ParOldGen       total 331776K, used 290676K [0x00000000c0000000, 0x00000000d4400000, 0x00000000eab00000)
  object space 331776K, 87% used [0x00000000c0000000,0x00000000d1bdd328,0x00000000d4400000)
 Metaspace       used 73396K, committed 74560K, reserved 1179648K
  class space    used 7890K, committed 8384K, reserved 1048576K
}
Event: 13.010 GC heap after
{Heap after GC invocations=146 (full 9):
 PSYoungGen      total 58368K, used 16604K [0x00000000eab00000, 0x00000000ef600000, 0x0000000100000000)
  eden space 41472K, 0% used [0x00000000eab00000,0x00000000eab00000,0x00000000ed380000)
  from space 16896K, 98% used [0x00000000ee580000,0x00000000ef5b7038,0x00000000ef600000)
  to   space 16896K, 0% used [0x00000000ed500000,0x00000000ed500000,0x00000000ee580000)
 ParOldGen       total 331776K, used 297579K [0x00000000c0000000, 0x00000000d4400000, 0x00000000eab00000)
  object space 331776K, 89% used [0x00000000c0000000,0x00000000d229ae80,0x00000000d4400000)
 Metaspace       used 73396K, committed 74560K, reserved 1179648K
  class space    used 7890K, committed 8384K, reserved 1048576K
}
Event: 13.041 GC heap before
{Heap before GC invocations=147 (full 9):
 PSYoungGen      total 58368K, used 58076K [0x00000000eab00000, 0x00000000ef600000, 0x0000000100000000)
  eden space 41472K, 100% used [0x00000000eab00000,0x00000000ed380000,0x00000000ed380000)
  from space 16896K, 98% used [0x00000000ee580000,0x00000000ef5b7038,0x00000000ef600000)
  to   space 16896K, 0% used [0x00000000ed500000,0x00000000ed500000,0x00000000ee580000)
 ParOldGen       total 331776K, used 297579K [0x00000000c0000000, 0x00000000d4400000, 0x00000000eab00000)
  object space 331776K, 89% used [0x00000000c0000000,0x00000000d229ae80,0x00000000d4400000)
 Metaspace       used 73397K, committed 74560K, reserved 1179648K
  class space    used 7890K, committed 8384K, reserved 1048576K
}
Event: 13.047 GC heap after
{Heap after GC invocations=147 (full 9):
 PSYoungGen      total 59904K, used 16880K [0x00000000eab00000, 0x00000000f1980000, 0x0000000100000000)
  eden space 43008K, 0% used [0x00000000eab00000,0x00000000eab00000,0x00000000ed500000)
  from space 16896K, 99% used [0x00000000ed500000,0x00000000ee57c1d0,0x00000000ee580000)
  to   space 33792K, 0% used [0x00000000ef880000,0x00000000ef880000,0x00000000f1980000)
 ParOldGen       total 331776K, used 311749K [0x00000000c0000000, 0x00000000d4400000, 0x00000000eab00000)
  object space 331776K, 93% used [0x00000000c0000000,0x00000000d30715a8,0x00000000d4400000)
 Metaspace       used 73397K, committed 74560K, reserved 1179648K
  class space    used 7890K, committed 8384K, reserved 1048576K
}
Event: 13.222 GC heap before
{Heap before GC invocations=148 (full 9):
 PSYoungGen      total 59904K, used 59888K [0x00000000eab00000, 0x00000000f1980000, 0x0000000100000000)
  eden space 43008K, 100% used [0x00000000eab00000,0x00000000ed500000,0x00000000ed500000)
  from space 16896K, 99% used [0x00000000ed500000,0x00000000ee57c1d0,0x00000000ee580000)
  to   space 33792K, 0% used [0x00000000ef880000,0x00000000ef880000,0x00000000f1980000)
 ParOldGen       total 331776K, used 311749K [0x00000000c0000000, 0x00000000d4400000, 0x00000000eab00000)
  object space 331776K, 93% used [0x00000000c0000000,0x00000000d30715a8,0x00000000d4400000)
 Metaspace       used 73436K, committed 74624K, reserved 1179648K
  class space    used 7892K, committed 8384K, reserved 1048576K
}
Event: 13.230 GC heap after
{Heap after GC invocations=148 (full 9):
 PSYoungGen      total 73216K, used 26511K [0x00000000eab00000, 0x00000000f1280000, 0x0000000100000000)
  eden space 46592K, 0% used [0x00000000eab00000,0x00000000eab00000,0x00000000ed880000)
  from space 26624K, 99% used [0x00000000ef880000,0x00000000f1263cb0,0x00000000f1280000)
  to   space 28160K, 0% used [0x00000000edb80000,0x00000000edb80000,0x00000000ef700000)
 ParOldGen       total 331776K, used 321270K [0x00000000c0000000, 0x00000000d4400000, 0x00000000eab00000)
  object space 331776K, 96% used [0x00000000c0000000,0x00000000d39bd900,0x00000000d4400000)
 Metaspace       used 73436K, committed 74624K, reserved 1179648K
  class space    used 7892K, committed 8384K, reserved 1048576K
}
Event: 13.582 GC heap before
{Heap before GC invocations=149 (full 10):
 PSYoungGen      total 73216K, used 73103K [0x00000000eab00000, 0x00000000f1280000, 0x0000000100000000)
  eden space 46592K, 100% used [0x00000000eab00000,0x00000000ed880000,0x00000000ed880000)
  from space 26624K, 99% used [0x00000000ef880000,0x00000000f1263cb0,0x00000000f1280000)
  to   space 28160K, 0% used [0x00000000edb80000,0x00000000edb80000,0x00000000ef700000)
 ParOldGen       total 331776K, used 321270K [0x00000000c0000000, 0x00000000d4400000, 0x00000000eab00000)
  object space 331776K, 96% used [0x00000000c0000000,0x00000000d39bd900,0x00000000d4400000)
 Metaspace       used 73522K, committed 74688K, reserved 1179648K
  class space    used 7899K, committed 8384K, reserved 1048576K
}
Event: 13.816 GC heap after
{Heap after GC invocations=149 (full 10):
 PSYoungGen      total 74752K, used 40854K [0x00000000eab00000, 0x00000000f1300000, 0x0000000100000000)
  eden space 46592K, 87% used [0x00000000eab00000,0x00000000ed2e5948,0x00000000ed880000)
  from space 28160K, 0% used [0x00000000edb80000,0x00000000edb80000,0x00000000ef700000)
  to   space 26624K, 0% used [0x00000000ef880000,0x00000000ef880000,0x00000000f1280000)
 ParOldGen       total 414720K, used 331679K [0x00000000c0000000, 0x00000000d9500000, 0x00000000eab00000)
  object space 414720K, 79% used [0x00000000c0000000,0x00000000d43e7c48,0x00000000d9500000)
 Metaspace       used 73522K, committed 74688K, reserved 1179648K
  class space    used 7899K, committed 8384K, reserved 1048576K
}
Event: 13.855 GC heap before
{Heap before GC invocations=150 (full 10):
 PSYoungGen      total 74752K, used 46347K [0x00000000eab00000, 0x00000000f1300000, 0x0000000100000000)
  eden space 46592K, 99% used [0x00000000eab00000,0x00000000ed842fe0,0x00000000ed880000)
  from space 28160K, 0% used [0x00000000edb80000,0x00000000edb80000,0x00000000ef700000)
  to   space 26624K, 0% used [0x00000000ef880000,0x00000000ef880000,0x00000000f1280000)
 ParOldGen       total 414720K, used 331679K [0x00000000c0000000, 0x00000000d9500000, 0x00000000eab00000)
  object space 414720K, 79% used [0x00000000c0000000,0x00000000d43e7c48,0x00000000d9500000)
 Metaspace       used 73540K, committed 74752K, reserved 1179648K
  class space    used 7899K, committed 8384K, reserved 1048576K
}
Event: 13.872 GC heap after
{Heap after GC invocations=150 (full 10):
 PSYoungGen      total 56320K, used 26611K [0x00000000eab00000, 0x00000000f3d00000, 0x0000000100000000)
  eden space 29696K, 0% used [0x00000000eab00000,0x00000000eab00000,0x00000000ec800000)
  from space 26624K, 99% used [0x00000000ef880000,0x00000000f127cff0,0x00000000f1280000)
  to   space 49664K, 0% used [0x00000000ec800000,0x00000000ec800000,0x00000000ef880000)
 ParOldGen       total 414720K, used 351147K [0x00000000c0000000, 0x00000000d9500000, 0x00000000eab00000)
  object space 414720K, 84% used [0x00000000c0000000,0x00000000d56eae18,0x00000000d9500000)
 Metaspace       used 73540K, committed 74752K, reserved 1179648K
  class space    used 7899K, committed 8384K, reserved 1048576K
}
Event: 14.241 GC heap before
{Heap before GC invocations=151 (full 10):
 PSYoungGen      total 56320K, used 56209K [0x00000000eab00000, 0x00000000f3d00000, 0x0000000100000000)
  eden space 29696K, 99% used [0x00000000eab00000,0x00000000ec7e7530,0x00000000ec800000)
  from space 26624K, 99% used [0x00000000ef880000,0x00000000f127cff0,0x00000000f1280000)
  to   space 49664K, 0% used [0x00000000ec800000,0x00000000ec800000,0x00000000ef880000)
 ParOldGen       total 414720K, used 351147K [0x00000000c0000000, 0x00000000d9500000, 0x00000000eab00000)
  object space 414720K, 84% used [0x00000000c0000000,0x00000000d56eae18,0x00000000d9500000)
 Metaspace       used 73607K, committed 74816K, reserved 1179648K
  class space    used 7903K, committed 8384K, reserved 1048576K
}
Event: 14.249 GC heap after
{Heap after GC invocations=151 (full 10):
 PSYoungGen      total 50688K, used 20608K [0x00000000eab00000, 0x00000000f0500000, 0x0000000100000000)
  eden space 29696K, 0% used [0x00000000eab00000,0x00000000eab00000,0x00000000ec800000)
  from space 20992K, 98% used [0x00000000ec800000,0x00000000edc202d0,0x00000000edc80000)
  to   space 30208K, 0% used [0x00000000ee780000,0x00000000ee780000,0x00000000f0500000)
 ParOldGen       total 414720K, used 367195K [0x00000000c0000000, 0x00000000d9500000, 0x00000000eab00000)
  object space 414720K, 88% used [0x00000000c0000000,0x00000000d6696ca8,0x00000000d9500000)
 Metaspace       used 73607K, committed 74816K, reserved 1179648K
  class space    used 7903K, committed 8384K, reserved 1048576K
}
Event: 14.622 GC heap before
{Heap before GC invocations=152 (full 10):
 PSYoungGen      total 50688K, used 50304K [0x00000000eab00000, 0x00000000f0500000, 0x0000000100000000)
  eden space 29696K, 100% used [0x00000000eab00000,0x00000000ec800000,0x00000000ec800000)
  from space 20992K, 98% used [0x00000000ec800000,0x00000000edc202d0,0x00000000edc80000)
  to   space 30208K, 0% used [0x00000000ee780000,0x00000000ee780000,0x00000000f0500000)
 ParOldGen       total 414720K, used 367195K [0x00000000c0000000, 0x00000000d9500000, 0x00000000eab00000)
  object space 414720K, 88% used [0x00000000c0000000,0x00000000d6696ca8,0x00000000d9500000)
 Metaspace       used 75526K, committed 76672K, reserved 1179648K
  class space    used 8170K, committed 8640K, reserved 1048576K
}
Event: 14.626 GC heap after
{Heap after GC invocations=152 (full 10):
 PSYoungGen      total 46592K, used 15272K [0x00000000eab00000, 0x00000000ef680000, 0x0000000100000000)
  eden space 31232K, 0% used [0x00000000eab00000,0x00000000eab00000,0x00000000ec980000)
  from space 15360K, 99% used [0x00000000ee780000,0x00000000ef66a398,0x00000000ef680000)
  to   space 18944K, 0% used [0x00000000ed180000,0x00000000ed180000,0x00000000ee400000)
 ParOldGen       total 414720K, used 367203K [0x00000000c0000000, 0x00000000d9500000, 0x00000000eab00000)
  object space 414720K, 88% used [0x00000000c0000000,0x00000000d6698ca8,0x00000000d9500000)
 Metaspace       used 75526K, committed 76672K, reserved 1179648K
  class space    used 8170K, committed 8640K, reserved 1048576K
}
Event: 39.967 GC heap before
{Heap before GC invocations=153 (full 10):
 PSYoungGen      total 46592K, used 46504K [0x00000000eab00000, 0x00000000ef680000, 0x0000000100000000)
  eden space 31232K, 100% used [0x00000000eab00000,0x00000000ec980000,0x00000000ec980000)
  from space 15360K, 99% used [0x00000000ee780000,0x00000000ef66a398,0x00000000ef680000)
  to   space 18944K, 0% used [0x00000000ed180000,0x00000000ed180000,0x00000000ee400000)
 ParOldGen       total 414720K, used 367203K [0x00000000c0000000, 0x00000000d9500000, 0x00000000eab00000)
  object space 414720K, 88% used [0x00000000c0000000,0x00000000d6698ca8,0x00000000d9500000)
 Metaspace       used 77201K, committed 78464K, reserved 1179648K
  class space    used 8368K, committed 8896K, reserved 1048576K
}
Event: 39.973 GC heap after
{Heap after GC invocations=153 (full 10):
 PSYoungGen      total 48128K, used 16664K [0x00000000eab00000, 0x00000000eeb80000, 0x0000000100000000)
  eden space 31232K, 0% used [0x00000000eab00000,0x00000000eab00000,0x00000000ec980000)
  from space 16896K, 98% used [0x00000000ed180000,0x00000000ee1c63c8,0x00000000ee200000)
  to   space 9728K, 0% used [0x00000000ee200000,0x00000000ee200000,0x00000000eeb80000)
 ParOldGen       total 414720K, used 367203K [0x00000000c0000000, 0x00000000d9500000, 0x00000000eab00000)
  object space 414720K, 88% used [0x00000000c0000000,0x00000000d6698ca8,0x00000000d9500000)
 Metaspace       used 77201K, committed 78464K, reserved 1179648K
  class space    used 8368K, committed 8896K, reserved 1048576K
}

Dll operation events (12 events):
Event: 0.040 Loaded shared library c:\Users\Achraf\.vscode\extensions\redhat.java-1.36.0-win32-x64\jre\17.0.13-win32-x86_64\bin\java.dll
Event: 0.200 Loaded shared library c:\Users\Achraf\.vscode\extensions\redhat.java-1.36.0-win32-x64\jre\17.0.13-win32-x86_64\bin\zip.dll
Event: 0.202 Loaded shared library C:\Users\Achraf\.vscode\extensions\redhat.java-1.36.0-win32-x64\jre\17.0.13-win32-x86_64\bin\instrument.dll
Event: 0.214 Loaded shared library C:\Users\Achraf\.vscode\extensions\redhat.java-1.36.0-win32-x64\jre\17.0.13-win32-x86_64\bin\net.dll
Event: 0.216 Loaded shared library C:\Users\Achraf\.vscode\extensions\redhat.java-1.36.0-win32-x64\jre\17.0.13-win32-x86_64\bin\nio.dll
Event: 0.221 Loaded shared library C:\Users\Achraf\.vscode\extensions\redhat.java-1.36.0-win32-x64\jre\17.0.13-win32-x86_64\bin\zip.dll
Event: 0.235 Loaded shared library C:\Users\Achraf\.vscode\extensions\redhat.java-1.36.0-win32-x64\jre\17.0.13-win32-x86_64\bin\jimage.dll
Event: 0.288 Loaded shared library c:\Users\Achraf\.vscode\extensions\redhat.java-1.36.0-win32-x64\jre\17.0.13-win32-x86_64\bin\verify.dll
Event: 3.220 Loaded shared library C:\Users\Achraf\AppData\Roaming\Code\User\globalStorage\redhat.java\1.36.0\config_win\org.eclipse.equinox.launcher\org.eclipse.equinox.launcher.win32.win32.x86_64_1.2.1100.v20240722-2106\eclipse_11904.dll
Event: 8.331 Loaded shared library C:\Users\Achraf\AppData\Local\Temp\jna-1955534321\jna11957140972421112883.dll
Event: 10.260 Loaded shared library C:\Users\Achraf\.vscode\extensions\redhat.java-1.36.0-win32-x64\jre\17.0.13-win32-x86_64\bin\sunmscapi.dll
Event: 10.303 Loaded shared library C:\Users\Achraf\.vscode\extensions\redhat.java-1.36.0-win32-x64\jre\17.0.13-win32-x86_64\bin\extnet.dll

Deoptimization events (20 events):
Event: 164.710 Thread 0x00000204d5f4c3d0 Uncommon trap: trap_request=0xffffff45 fr.pc=0x00000204c3185e24 relative=0x0000000000000184
Event: 164.710 Thread 0x00000204d5f4c3d0 Uncommon trap: reason=unstable_if action=reinterpret pc=0x00000204c3185e24 method=jdk.internal.org.objectweb.asm.Frame.push(I)V @ 26 c2
Event: 164.710 Thread 0x00000204d5f4c3d0 DEOPT PACKING pc=0x00000204c3185e24 sp=0x000000e76e7fd6e0
Event: 164.710 Thread 0x00000204d5f4c3d0 DEOPT UNPACKING pc=0x00000204c29c66a3 sp=0x000000e76e7fd668 mode 2
Event: 164.726 Thread 0x00000204d5f4b9b0 Uncommon trap: trap_request=0x0000002e fr.pc=0x00000204c318354c relative=0x000000000000034c
Event: 164.726 Thread 0x00000204d5f4b9b0 Uncommon trap: reason=unloaded action=reinterpret pc=0x00000204c318354c method=org.eclipse.jdt.ls.core.internal.ConnectionStreamFactory$NamedPipeInputStream.read()I @ 119 c2
Event: 164.726 Thread 0x00000204d5f4b9b0 DEOPT PACKING pc=0x00000204c318354c sp=0x000000e76e6fefa0
Event: 164.726 Thread 0x00000204d5f4b9b0 DEOPT UNPACKING pc=0x00000204c29c66a3 sp=0x000000e76e6fef50 mode 2
Event: 164.727 Thread 0x00000204d5f4b9b0 Uncommon trap: trap_request=0xffffff45 fr.pc=0x00000204c351e394 relative=0x0000000000000274
Event: 164.727 Thread 0x00000204d5f4b9b0 Uncommon trap: reason=unstable_if action=reinterpret pc=0x00000204c351e394 method=java.io.BufferedOutputStream.write([BII)V @ 6 c2
Event: 164.727 Thread 0x00000204d5f4b9b0 DEOPT PACKING pc=0x00000204c351e394 sp=0x000000e76e6feac0
Event: 164.727 Thread 0x00000204d5f4b9b0 DEOPT UNPACKING pc=0x00000204c29c66a3 sp=0x000000e76e6fea88 mode 2
Event: 164.731 Thread 0x00000204d4339340 Uncommon trap: trap_request=0xfffffff4 fr.pc=0x00000204c3333908 relative=0x00000000000010a8
Event: 164.731 Thread 0x00000204d4339340 Uncommon trap: reason=null_check action=make_not_entrant pc=0x00000204c3333908 method=org.apache.aries.spifly.BaseActivator.getWeavingData(Lorg/osgi/framework/Bundle;)Ljava/util/Set; @ 10 c2
Event: 164.731 Thread 0x00000204d4339340 DEOPT PACKING pc=0x00000204c3333908 sp=0x000000e76adfd520
Event: 164.731 Thread 0x00000204d4339340 DEOPT UNPACKING pc=0x00000204c29c66a3 sp=0x000000e76adfd2c8 mode 2
Event: 164.739 Thread 0x00000204d4339340 Uncommon trap: trap_request=0xffffffde fr.pc=0x00000204c2f892d0 relative=0x0000000000000490
Event: 164.739 Thread 0x00000204d4339340 Uncommon trap: reason=class_check action=maybe_recompile pc=0x00000204c2f892d0 method=java.util.HashMap.removeNode(ILjava/lang/Object;Ljava/lang/Object;ZZ)Ljava/util/HashMap$Node; @ 143 c2
Event: 164.739 Thread 0x00000204d4339340 DEOPT PACKING pc=0x00000204c2f892d0 sp=0x000000e76adfdf80
Event: 164.739 Thread 0x00000204d4339340 DEOPT UNPACKING pc=0x00000204c29c66a3 sp=0x000000e76adfdef8 mode 2

Classes loaded (20 events):
Event: 164.700 Loading class java/util/stream/AbstractTask
Event: 164.700 Loading class java/util/stream/AbstractTask done
Event: 164.700 Loading class java/util/stream/Nodes$CollectorTask done
Event: 164.700 Loading class java/util/stream/Nodes$CollectorTask$OfRef done
Event: 164.700 Loading class java/util/function/LongFunction
Event: 164.700 Loading class java/util/function/LongFunction done
Event: 164.700 Loading class java/util/stream/Nodes$ConcNode
Event: 164.700 Loading class java/util/stream/Nodes$AbstractConcNode
Event: 164.700 Loading class java/util/stream/Nodes$AbstractConcNode done
Event: 164.700 Loading class java/util/stream/Nodes$ConcNode done
Event: 164.705 Loading class java/io/ObjectOutputStream$BlockDataOutputStream
Event: 164.705 Loading class java/io/ObjectOutputStream$BlockDataOutputStream done
Event: 164.705 Loading class java/io/ObjectOutputStream$HandleTable
Event: 164.705 Loading class java/io/ObjectOutputStream$HandleTable done
Event: 164.705 Loading class java/io/ObjectOutputStream$ReplaceTable
Event: 164.705 Loading class java/io/ObjectOutputStream$ReplaceTable done
Event: 164.716 Loading class java/util/stream/Nodes$ToArrayTask$OfRef
Event: 164.716 Loading class java/util/stream/Nodes$ToArrayTask
Event: 164.716 Loading class java/util/stream/Nodes$ToArrayTask done
Event: 164.716 Loading class java/util/stream/Nodes$ToArrayTask$OfRef done

Classes unloaded (7 events):
Event: 8.890 Thread 0x00000204b705eb10 Unloading class 0x0000000100254000 'java/lang/invoke/LambdaForm$MH+0x0000000100254000'
Event: 8.890 Thread 0x00000204b705eb10 Unloading class 0x0000000100253c00 'java/lang/invoke/LambdaForm$MH+0x0000000100253c00'
Event: 8.890 Thread 0x00000204b705eb10 Unloading class 0x0000000100253800 'java/lang/invoke/LambdaForm$MH+0x0000000100253800'
Event: 8.890 Thread 0x00000204b705eb10 Unloading class 0x0000000100253400 'java/lang/invoke/LambdaForm$MH+0x0000000100253400'
Event: 8.890 Thread 0x00000204b705eb10 Unloading class 0x0000000100253000 'java/lang/invoke/LambdaForm$BMH+0x0000000100253000'
Event: 8.890 Thread 0x00000204b705eb10 Unloading class 0x0000000100252c00 'java/lang/invoke/LambdaForm$DMH+0x0000000100252c00'
Event: 8.890 Thread 0x00000204b705eb10 Unloading class 0x0000000100250400 'java/lang/invoke/LambdaForm$DMH+0x0000000100250400'

Classes redefined (0 events):
No events

Internal exceptions (20 events):
Event: 12.955 Thread 0x00000204d85ee270 Exception <a 'java/lang/NoSuchMethodError'{0x00000000ecbd7508}: 'java.lang.Object java.lang.invoke.DirectMethodHandle$Holder.invokeStatic(java.lang.Object, int, java.lang.Object, java.lang.Object, java.lang.Object, java.lang.Object)'> (0x00000000ecbd7508) 
thrown [s\src\hotspot\share\interpreter\linkResolver.cpp, line 759]
Event: 14.207 Thread 0x00000204d42870b0 Exception <a 'sun/nio/fs/WindowsException'{0x00000000eb4c49c0}> (0x00000000eb4c49c0) 
thrown [s\src\hotspot\share\prims\jni.cpp, line 516]
Event: 14.510 Thread 0x00000204d5f4fb80 Exception <a 'sun/nio/fs/WindowsException'{0x00000000eb756ef0}> (0x00000000eb756ef0) 
thrown [s\src\hotspot\share\prims\jni.cpp, line 516]
Event: 14.510 Thread 0x00000204d5f4fb80 Exception <a 'sun/nio/fs/WindowsException'{0x00000000eb757628}> (0x00000000eb757628) 
thrown [s\src\hotspot\share\prims\jni.cpp, line 516]
Event: 14.511 Thread 0x00000204d5f4fb80 Exception <a 'sun/nio/fs/WindowsException'{0x00000000eb758540}> (0x00000000eb758540) 
thrown [s\src\hotspot\share\prims\jni.cpp, line 516]
Event: 14.511 Thread 0x00000204d5f4fb80 Exception <a 'sun/nio/fs/WindowsException'{0x00000000eb7591a8}> (0x00000000eb7591a8) 
thrown [s\src\hotspot\share\prims\jni.cpp, line 516]
Event: 14.511 Thread 0x00000204d5f4fb80 Exception <a 'sun/nio/fs/WindowsException'{0x00000000eb75aa78}> (0x00000000eb75aa78) 
thrown [s\src\hotspot\share\prims\jni.cpp, line 516]
Event: 14.511 Thread 0x00000204d5f4fb80 Exception <a 'sun/nio/fs/WindowsException'{0x00000000eb75b190}> (0x00000000eb75b190) 
thrown [s\src\hotspot\share\prims\jni.cpp, line 516]
Event: 14.545 Thread 0x00000204d4336ac0 Exception <a 'java/io/FileNotFoundException'{0x00000000ebaf2178}> (0x00000000ebaf2178) 
thrown [s\src\hotspot\share\prims\jni.cpp, line 516]
Event: 14.640 Thread 0x00000204d4336ac0 Exception <a 'java/lang/NoSuchMethodError'{0x00000000ead06a70}: 'java.lang.Object java.lang.invoke.DirectMethodHandle$Holder.invokeVirtual(java.lang.Object, java.lang.Object, java.lang.Object, java.lang.Object)'> (0x00000000ead06a70) 
thrown [s\src\hotspot\share\interpreter\linkResolver.cpp, line 759]
Event: 14.666 Thread 0x00000204d4339340 Exception <a 'java/lang/NoSuchMethodError'{0x00000000eb127440}: 'java.lang.Object java.lang.invoke.DirectMethodHandle$Holder.invokeStatic(java.lang.Object, long, java.lang.Object, java.lang.Object)'> (0x00000000eb127440) 
thrown [s\src\hotspot\share\interpreter\linkResolver.cpp, line 759]
Event: 14.666 Thread 0x00000204d4339340 Exception <a 'java/lang/NoSuchMethodError'{0x00000000eb12e230}: 'java.lang.Object java.lang.invoke.DirectMethodHandle$Holder.newInvokeSpecial(java.lang.Object, long)'> (0x00000000eb12e230) 
thrown [s\src\hotspot\share\interpreter\linkResolver.cpp, line 759]
Event: 38.866 Thread 0x00000204d85ee270 Implicit null exception at 0x00000204c348a5f3 to 0x00000204c348bd20
Event: 164.711 Thread 0x00000204d5f4c3d0 Exception <a 'java/lang/NoSuchMethodError'{0x00000000eb01b8e8}: 'java.lang.Object java.lang.invoke.DirectMethodHandle$Holder.newInvokeSpecial(java.lang.Object, java.lang.Object, java.lang.Object, java.lang.Object, java.lang.Object, java.lang.Object, java.lang.Object, java.lang.Object, java.lang.Object, java.lang.Object)'> (0x00000000eb01b8e8) 
thrown [s\src\hotspot\share\interpreter\linkResolver.cpp, line 759]
Event: 164.711 Thread 0x00000204d5f4c3d0 Exception <a 'java/lang/NoSuchMethodError'{0x00000000eb020490}: 'java.lang.Object java.lang.invoke.DirectMethodHandle$Holder.invokeSpecial(java.lang.Object, java.lang.Object, java.lang.Object, java.lang.Object, java.lang.Object, java.lang.Object, java.lang.Object, java.lang.Object, java.lang.Object, java.lang.Object, java.lang.Object)'> (0x00000000eb020490) 
thrown [s\src\hotspot\share\interpreter\linkResolver.cpp, line 759]
Event: 164.711 Thread 0x00000204d5f4c3d0 Exception <a 'java/lang/NoSuchMethodError'{0x00000000eb024bf8}: 'java.lang.Object java.lang.invoke.Invokers$Holder.linkToTargetMethod(java.lang.Object, java.lang.Object, java.lang.Object, java.lang.Object, java.lang.Object, java.lang.Object, java.lang.Object, java.lang.Object, java.lang.Object, java.lang.Object)'> (0x00000000eb024bf8) 
thrown [s\src\hotspot\share\interpreter\linkResolver.cpp, line 759]
Event: 164.726 Thread 0x00000204d5f4b9b0 Exception <a 'java/io/IOException'{0x00000000eae92fa0}> (0x00000000eae92fa0) 
thrown [s\src\hotspot\share\prims\jni.cpp, line 516]
Event: 164.727 Thread 0x00000204d5f4b9b0 Exception <a 'java/io/IOException'{0x00000000eb0d1ee0}> (0x00000000eb0d1ee0) 
thrown [s\src\hotspot\share\prims\jni.cpp, line 516]
Event: 164.731 Thread 0x00000204d4339340 Implicit null exception at 0x00000204c333389a to 0x00000204c33338f0
Event: 164.740 Thread 0x00000204d4339340 Exception <a 'java/lang/NoSuchMethodError'{0x00000000eb1ca038}: 'void java.lang.invoke.DirectMethodHandle$Holder.invokeInterface(java.lang.Object, java.lang.Object)'> (0x00000000eb1ca038) 
thrown [s\src\hotspot\share\interpreter\linkResolver.cpp, line 759]

VM Operations (20 events):
Event: 40.973 Executing VM operation: Cleanup
Event: 40.974 Executing VM operation: Cleanup done
Event: 45.002 Executing VM operation: Cleanup
Event: 45.002 Executing VM operation: Cleanup done
Event: 46.005 Executing VM operation: Cleanup
Event: 46.005 Executing VM operation: Cleanup done
Event: 60.136 Executing VM operation: HandshakeAllThreads
Event: 60.136 Executing VM operation: HandshakeAllThreads done
Event: 74.235 Executing VM operation: Cleanup
Event: 74.235 Executing VM operation: Cleanup done
Event: 75.243 Executing VM operation: Cleanup
Event: 75.243 Executing VM operation: Cleanup done
Event: 81.287 Executing VM operation: Cleanup
Event: 81.287 Executing VM operation: Cleanup done
Event: 120.231 Executing VM operation: HandshakeAllThreads
Event: 120.231 Executing VM operation: HandshakeAllThreads done
Event: 164.731 Executing VM operation: HandshakeAllThreads
Event: 164.731 Executing VM operation: HandshakeAllThreads done
Event: 164.731 Executing VM operation: Cleanup
Event: 164.731 Executing VM operation: Cleanup done

Memory protections (0 events):
No events

Nmethod flushes (20 events):
Event: 164.733 Thread 0x00000204d20ba090 flushing  nmethod 0x00000204c32d0990
Event: 164.733 Thread 0x00000204d20ba090 flushing  nmethod 0x00000204c337f690
Event: 164.733 Thread 0x00000204d20ba090 flushing  nmethod 0x00000204bb45f890
Event: 164.734 Thread 0x00000204d20ba090 flushing  nmethod 0x00000204bb488f10
Event: 164.735 Thread 0x00000204d20ba090 flushing  nmethod 0x00000204bb6b0790
Event: 164.736 Thread 0x00000204d20ba090 flushing  nmethod 0x00000204bba2b510
Event: 164.737 Thread 0x00000204d20ba090 flushing  nmethod 0x00000204bbc54b10
Event: 164.738 Thread 0x00000204d20ba090 flushing  nmethod 0x00000204bbda2e90
Event: 164.738 Thread 0x00000204d20ba090 flushing  nmethod 0x00000204bbde0390
Event: 164.738 Thread 0x00000204d20ba090 flushing  nmethod 0x00000204bbde0a90
Event: 164.738 Thread 0x00000204d20ba090 flushing  nmethod 0x00000204bbde1490
Event: 164.738 Thread 0x00000204d20ba090 flushing  nmethod 0x00000204bbde6910
Event: 164.738 Thread 0x00000204d20ba090 flushing  nmethod 0x00000204bbde6e90
Event: 164.738 Thread 0x00000204d20ba090 flushing  nmethod 0x00000204bbdf8110
Event: 164.738 Thread 0x00000204d20ba090 flushing  nmethod 0x00000204bbdf9090
Event: 164.738 Thread 0x00000204d20ba090 flushing  nmethod 0x00000204bbdf9490
Event: 164.738 Thread 0x00000204d20ba090 flushing  nmethod 0x00000204bbdf9d10
Event: 164.738 Thread 0x00000204d20ba090 flushing  nmethod 0x00000204bbdfa510
Event: 164.738 Thread 0x00000204d20ba090 flushing  nmethod 0x00000204bbe21490
Event: 164.739 Thread 0x00000204d20ba090 flushing  nmethod 0x00000204bc0b8d10

Events (20 events):
Event: 72.249 Thread 0x00000204d85eaac0 Thread exited: 0x00000204d85eaac0
Event: 74.315 Thread 0x00000204d5f4d300 Thread exited: 0x00000204d5f4d300
Event: 76.698 Thread 0x00000204d4339d60 Thread exited: 0x00000204d4339d60
Event: 98.588 Thread 0x00000204d4288a00 Thread exited: 0x00000204d4288a00
Event: 99.004 Thread 0x00000204d5f4a570 Thread exited: 0x00000204d5f4a570
Event: 104.407 Thread 0x00000204d85ee270 Thread exited: 0x00000204d85ee270
Event: 131.869 Thread 0x00000204d5f4bec0 Thread exited: 0x00000204d5f4bec0
Event: 164.418 Thread 0x00000204d5f4fb80 Thread exited: 0x00000204d5f4fb80
Event: 164.692 Thread 0x00000204d5f4b9b0 Thread added: 0x00000204d4336fd0
Event: 164.699 Thread 0x00000204d5f4c3d0 Thread added: 0x00000204d43365b0
Event: 164.701 Thread 0x00000204d43365b0 Thread exited: 0x00000204d43365b0
Event: 164.712 Thread 0x00000204d5f4c3d0 Thread added: 0x00000204d4339d60
Event: 164.713 Thread 0x00000204d4339d60 Thread added: 0x00000204d433a270
Event: 164.714 Thread 0x00000204d4339d60 Thread added: 0x00000204d4339340
Event: 164.717 Thread 0x00000204d4339d60 Thread exited: 0x00000204d4339d60
Event: 164.717 Thread 0x00000204d4339340 Thread exited: 0x00000204d4339340
Event: 164.717 Thread 0x00000204d433a270 Thread exited: 0x00000204d433a270
Event: 164.726 Thread 0x00000204ccd8e890 Thread added: 0x00000204d60926c0
Event: 164.727 Thread 0x00000204b6fa0ec0 Thread added: 0x00000204d4339340
Event: 164.732 Thread 0x00000204d4339340 Thread added: 0x00000204d4336ac0


Dynamic libraries:
0x00007ff7987e0000 - 0x00007ff7987ee000 	c:\Users\Achraf\.vscode\extensions\redhat.java-1.36.0-win32-x64\jre\17.0.13-win32-x86_64\bin\java.exe
0x00007ffe9a9d0000 - 0x00007ffe9abc8000 	C:\Windows\SYSTEM32\ntdll.dll
0x00007ffe990b0000 - 0x00007ffe99172000 	C:\Windows\System32\KERNEL32.DLL
0x00007ffe98230000 - 0x00007ffe9852e000 	C:\Windows\System32\KERNELBASE.dll
0x00007ffe98670000 - 0x00007ffe98770000 	C:\Windows\System32\ucrtbase.dll
0x00007ffe80030000 - 0x00007ffe80047000 	c:\Users\Achraf\.vscode\extensions\redhat.java-1.36.0-win32-x64\jre\17.0.13-win32-x86_64\bin\jli.dll
0x00007ffe7f450000 - 0x00007ffe7f46e000 	c:\Users\Achraf\.vscode\extensions\redhat.java-1.36.0-win32-x64\jre\17.0.13-win32-x86_64\bin\VCRUNTIME140.dll
0x00007ffe98d10000 - 0x00007ffe98ead000 	C:\Windows\System32\USER32.dll
0x00007ffe98530000 - 0x00007ffe98552000 	C:\Windows\System32\win32u.dll
0x00007ffe98b30000 - 0x00007ffe98b5b000 	C:\Windows\System32\GDI32.dll
0x00007ffe87160000 - 0x00007ffe873fa000 	C:\Windows\WinSxS\amd64_microsoft.windows.common-controls_6595b64144ccf1df_6.0.19041.4355_none_60b8b9eb71f62e16\COMCTL32.dll
0x00007ffe988d0000 - 0x00007ffe989e7000 	C:\Windows\System32\gdi32full.dll
0x00007ffe9a080000 - 0x00007ffe9a11e000 	C:\Windows\System32\msvcrt.dll
0x00007ffe98190000 - 0x00007ffe9822d000 	C:\Windows\System32\msvcp_win.dll
0x00007ffe9a5e0000 - 0x00007ffe9a60f000 	C:\Windows\System32\IMM32.DLL
0x00007ffe952b0000 - 0x00007ffe952bc000 	c:\Users\Achraf\.vscode\extensions\redhat.java-1.36.0-win32-x64\jre\17.0.13-win32-x86_64\bin\vcruntime140_1.dll
0x00007ffe702f0000 - 0x00007ffe7037d000 	c:\Users\Achraf\.vscode\extensions\redhat.java-1.36.0-win32-x64\jre\17.0.13-win32-x86_64\bin\msvcp140.dll
0x00007ffe59130000 - 0x00007ffe59d9b000 	c:\Users\Achraf\.vscode\extensions\redhat.java-1.36.0-win32-x64\jre\17.0.13-win32-x86_64\bin\server\jvm.dll
0x00007ffe99f80000 - 0x00007ffe9a031000 	C:\Windows\System32\ADVAPI32.dll
0x00007ffe9a1e0000 - 0x00007ffe9a27f000 	C:\Windows\System32\sechost.dll
0x00007ffe99dd0000 - 0x00007ffe99ef3000 	C:\Windows\System32\RPCRT4.dll
0x00007ffe98560000 - 0x00007ffe98587000 	C:\Windows\System32\bcrypt.dll
0x00007ffe998f0000 - 0x00007ffe9995b000 	C:\Windows\System32\WS2_32.dll
0x00007ffe979a0000 - 0x00007ffe979eb000 	C:\Windows\SYSTEM32\POWRPROF.dll
0x00007ffe8b290000 - 0x00007ffe8b2b7000 	C:\Windows\SYSTEM32\WINMM.dll
0x00007ffe8e8c0000 - 0x00007ffe8e8ca000 	C:\Windows\SYSTEM32\VERSION.dll
0x00007ffe97860000 - 0x00007ffe97872000 	C:\Windows\SYSTEM32\UMPDC.dll
0x00007ffe95f10000 - 0x00007ffe95f22000 	C:\Windows\SYSTEM32\kernel.appcore.dll
0x00007ffe947d0000 - 0x00007ffe947da000 	c:\Users\Achraf\.vscode\extensions\redhat.java-1.36.0-win32-x64\jre\17.0.13-win32-x86_64\bin\jimage.dll
0x00007ffe8a950000 - 0x00007ffe8ab34000 	C:\Windows\SYSTEM32\DBGHELP.DLL
0x00007ffe77ef0000 - 0x00007ffe77f24000 	C:\Windows\SYSTEM32\dbgcore.DLL
0x00007ffe98590000 - 0x00007ffe98612000 	C:\Windows\System32\bcryptPrimitives.dll
0x00007ffe924f0000 - 0x00007ffe924fe000 	c:\Users\Achraf\.vscode\extensions\redhat.java-1.36.0-win32-x64\jre\17.0.13-win32-x86_64\bin\instrument.dll
0x00007ffe739c0000 - 0x00007ffe739e5000 	c:\Users\Achraf\.vscode\extensions\redhat.java-1.36.0-win32-x64\jre\17.0.13-win32-x86_64\bin\java.dll
0x00007ffe7a2b0000 - 0x00007ffe7a2c8000 	c:\Users\Achraf\.vscode\extensions\redhat.java-1.36.0-win32-x64\jre\17.0.13-win32-x86_64\bin\zip.dll
0x00007ffe99180000 - 0x00007ffe998ed000 	C:\Windows\System32\SHELL32.dll
0x00007ffe96110000 - 0x00007ffe968b4000 	C:\Windows\SYSTEM32\windows.storage.dll
0x00007ffe9a280000 - 0x00007ffe9a5d3000 	C:\Windows\System32\combase.dll
0x00007ffe97aa0000 - 0x00007ffe97ace000 	C:\Windows\SYSTEM32\Wldp.dll
0x00007ffe9a8c0000 - 0x00007ffe9a98d000 	C:\Windows\System32\OLEAUT32.dll
0x00007ffe989f0000 - 0x00007ffe98a9d000 	C:\Windows\System32\SHCORE.dll
0x00007ffe9a610000 - 0x00007ffe9a665000 	C:\Windows\System32\shlwapi.dll
0x00007ffe97fa0000 - 0x00007ffe97fc4000 	C:\Windows\SYSTEM32\profapi.dll
0x00007ffe90740000 - 0x00007ffe90759000 	C:\Users\Achraf\.vscode\extensions\redhat.java-1.36.0-win32-x64\jre\17.0.13-win32-x86_64\bin\net.dll
0x00007ffe91d90000 - 0x00007ffe91e9d000 	C:\Windows\SYSTEM32\WINHTTP.dll
0x00007ffe97790000 - 0x00007ffe977fa000 	C:\Windows\system32\mswsock.dll
0x00007ffe90620000 - 0x00007ffe90636000 	C:\Users\Achraf\.vscode\extensions\redhat.java-1.36.0-win32-x64\jre\17.0.13-win32-x86_64\bin\nio.dll
0x00007ffe919c0000 - 0x00007ffe919d0000 	c:\Users\Achraf\.vscode\extensions\redhat.java-1.36.0-win32-x64\jre\17.0.13-win32-x86_64\bin\verify.dll
0x00007ffe7a5f0000 - 0x00007ffe7a635000 	C:\Users\Achraf\AppData\Roaming\Code\User\globalStorage\redhat.java\1.36.0\config_win\org.eclipse.equinox.launcher\org.eclipse.equinox.launcher.win32.win32.x86_64_1.2.1100.v20240722-2106\eclipse_11904.dll
0x00007ffe9a730000 - 0x00007ffe9a85b000 	C:\Windows\System32\ole32.dll
0x00007ffe97a00000 - 0x00007ffe97a18000 	C:\Windows\SYSTEM32\CRYPTSP.dll
0x00007ffe97050000 - 0x00007ffe97084000 	C:\Windows\system32\rsaenh.dll
0x00007ffe97f20000 - 0x00007ffe97f4e000 	C:\Windows\SYSTEM32\USERENV.dll
0x00007ffe979f0000 - 0x00007ffe979fc000 	C:\Windows\SYSTEM32\CRYPTBASE.dll
0x00007ffe97470000 - 0x00007ffe974ab000 	C:\Windows\SYSTEM32\IPHLPAPI.DLL
0x00007ffe9a670000 - 0x00007ffe9a678000 	C:\Windows\System32\NSI.dll
0x00007ffe94920000 - 0x00007ffe94937000 	C:\Windows\SYSTEM32\dhcpcsvc6.DLL
0x00007ffe94630000 - 0x00007ffe9464d000 	C:\Windows\SYSTEM32\dhcpcsvc.DLL
0x00007ffe974b0000 - 0x00007ffe9757a000 	C:\Windows\SYSTEM32\DNSAPI.dll
0x00007ffe70890000 - 0x00007ffe708d9000 	C:\Users\Achraf\AppData\Local\Temp\jna-1955534321\jna11957140972421112883.dll
0x00007ffe9a070000 - 0x00007ffe9a078000 	C:\Windows\System32\PSAPI.DLL
0x00007ffe914a0000 - 0x00007ffe914ae000 	C:\Users\Achraf\.vscode\extensions\redhat.java-1.36.0-win32-x64\jre\17.0.13-win32-x86_64\bin\sunmscapi.dll
0x00007ffe98770000 - 0x00007ffe988cc000 	C:\Windows\System32\CRYPT32.dll
0x00007ffe97b10000 - 0x00007ffe97b37000 	C:\Windows\SYSTEM32\ncrypt.dll
0x00007ffe97ad0000 - 0x00007ffe97b0b000 	C:\Windows\SYSTEM32\NTASN1.dll
0x00007ffe903c0000 - 0x00007ffe903ca000 	C:\Windows\System32\rasadhlp.dll
0x00007ffe8fb40000 - 0x00007ffe8fbc0000 	C:\Windows\System32\fwpuclnt.dll
0x00007ffe80fe0000 - 0x00007ffe80fe9000 	C:\Users\Achraf\.vscode\extensions\redhat.java-1.36.0-win32-x64\jre\17.0.13-win32-x86_64\bin\extnet.dll
0x00007ffe972a0000 - 0x00007ffe972d3000 	C:\Windows\SYSTEM32\ntmarta.dll

dbghelp: loaded successfully - version: 4.0.5 - missing functions: none
symbol engine: initialized successfully - sym options: 0x614 - pdb path: .;c:\Users\Achraf\.vscode\extensions\redhat.java-1.36.0-win32-x64\jre\17.0.13-win32-x86_64\bin;C:\Windows\SYSTEM32;C:\Windows\WinSxS\amd64_microsoft.windows.common-controls_6595b64144ccf1df_6.0.19041.4355_none_60b8b9eb71f62e16;c:\Users\Achraf\.vscode\extensions\redhat.java-1.36.0-win32-x64\jre\17.0.13-win32-x86_64\bin\server;C:\Users\Achraf\AppData\Roaming\Code\User\globalStorage\redhat.java\1.36.0\config_win\org.eclipse.equinox.launcher\org.eclipse.equinox.launcher.win32.win32.x86_64_1.2.1100.v20240722-2106;C:\Users\Achraf\AppData\Local\Temp\jna-1955534321

VM Arguments:
jvm_args: --add-modules=ALL-SYSTEM --add-opens=java.base/java.util=ALL-UNNAMED --add-opens=java.base/java.lang=ALL-UNNAMED --add-opens=java.base/sun.nio.fs=ALL-UNNAMED -Declipse.application=org.eclipse.jdt.ls.core.id1 -Dosgi.bundles.defaultStartLevel=4 -Declipse.product=org.eclipse.jdt.ls.core.product -Djava.import.generatesMetadataFilesAtProjectRoot=false -DDetectVMInstallationsJob.disabled=true -Dfile.encoding=utf8 -XX:+UseParallelGC -XX:GCTimeRatio=4 -XX:AdaptiveSizePolicyWeight=90 -Dsun.zip.disableMemoryMapping=true -Xmx1G -Xms100m -Xlog:disable -javaagent:c:\Users\Achraf\.vscode\extensions\redhat.java-1.36.0-win32-x64\lombok\lombok-1.18.35.jar -XX:+HeapDumpOnOutOfMemoryError -XX:HeapDumpPath=c:\Users\Achraf\AppData\Roaming\Code\User\workspaceStorage\608a4e0bca75e65c30703e1f81787409\redhat.java -Daether.dependencyCollector.impl=bf 
java_command: c:\Users\Achraf\.vscode\extensions\redhat.java-1.36.0-win32-x64\server\plugins\org.eclipse.equinox.launcher_1.6.900.v20240613-2009.jar -configuration c:\Users\Achraf\AppData\Roaming\Code\User\globalStorage\redhat.java\1.36.0\config_win -data c:\Users\Achraf\AppData\Roaming\Code\User\workspaceStorage\608a4e0bca75e65c30703e1f81787409\redhat.java\jdt_ws --pipe=\\.\pipe\lsp-a9b751a7bb29141418cccc1ec413f19f-sock
java_class_path (initial): c:\Users\Achraf\.vscode\extensions\redhat.java-1.36.0-win32-x64\server\plugins\org.eclipse.equinox.launcher_1.6.900.v20240613-2009.jar
Launcher Type: SUN_STANDARD

[Global flags]
    uintx AdaptiveSizePolicyWeight                 = 90                                        {product} {command line}
     intx CICompilerCount                          = 4                                         {product} {ergonomic}
    uintx GCTimeRatio                              = 4                                         {product} {command line}
     bool HeapDumpOnOutOfMemoryError               = true                                   {manageable} {command line}
    ccstr HeapDumpPath                             = c:\Users\Achraf\AppData\Roaming\Code\User\workspaceStorage\608a4e0bca75e65c30703e1f81787409\redhat.java         {manageable} {command line}
   size_t InitialHeapSize                          = 104857600                                 {product} {command line}
   size_t MaxHeapSize                              = 1073741824                                {product} {command line}
   size_t MaxNewSize                               = 357564416                                 {product} {ergonomic}
   size_t MinHeapDeltaBytes                        = 524288                                    {product} {ergonomic}
   size_t MinHeapSize                              = 104857600                                 {product} {command line}
   size_t NewSize                                  = 34603008                                  {product} {ergonomic}
    uintx NonNMethodCodeHeapSize                   = 5839372                                {pd product} {ergonomic}
    uintx NonProfiledCodeHeapSize                  = 122909434                              {pd product} {ergonomic}
   size_t OldSize                                  = 70254592                                  {product} {ergonomic}
    uintx ProfiledCodeHeapSize                     = 122909434                              {pd product} {ergonomic}
    uintx ReservedCodeCacheSize                    = 251658240                              {pd product} {ergonomic}
     bool SegmentedCodeCache                       = true                                      {product} {ergonomic}
   size_t SoftMaxHeapSize                          = 1073741824                             {manageable} {ergonomic}
     bool UseCompressedClassPointers               = true                           {product lp64_product} {ergonomic}
     bool UseCompressedOops                        = true                           {product lp64_product} {ergonomic}
     bool UseLargePagesIndividualAllocation        = false                                  {pd product} {ergonomic}
     bool UseParallelGC                            = true                                      {product} {command line}

Logging:
Log output configuration:
 #0: stdout all=off uptime,level,tags
 #1: stderr all=off uptime,level,tags

Environment Variables:
PATH=C:\Program Files\Common Files\Oracle\Java\javapath;C:\Program Files\Eclipse Adoptium\jdk-21.0.4.7-hotspot\bin;C:\Windows\system32;C:\Windows;C:\Windows\System32\Wbem;C:\Windows\System32\WindowsPowerShell\v1.0\;C:\Windows\System32\OpenSSH\;C:\Program Files\dotnet\;C:\Program Files (x86)\NVIDIA Corporation\PhysX\Common;C:\Program Files\NVIDIA Corporation\NVIDIA NvDLISR;C:\Program Files\MySQL\MySQL Server 8.0\bin;C:\Program Files\Git\cmd;C:\Program Files\MySQL\MySQL Shell 8.0\bin\;C:\Users\Achraf\AppData\Local\Microsoft\WindowsApps;C:\Users\Achraf\AppData\Local\Programs\Microsoft VS Code\bin;C:\Users\Achraf\AppData\Local\GitHubDesktop\bin
USERNAME=Achraf
OS=Windows_NT
PROCESSOR_IDENTIFIER=AMD64 Family 25 Model 33 Stepping 2, AuthenticAMD
TMP=C:\Users\Achraf\AppData\Local\Temp
TEMP=C:\Users\Achraf\AppData\Local\Temp



Periodic native trim disabled


---------------  S Y S T E M  ---------------

OS:
 Windows 10 , 64 bit Build 19041 (10.0.19041.5072)
OS uptime: 0 days 0:55 hours

CPU: total 12 (initial active 12) (12 cores per cpu, 2 threads per core) family 25 model 33 stepping 2 microcode 0x0, cx8, cmov, fxsr, ht, mmx, 3dnowpref, sse, sse2, sse3, ssse3, sse4a, sse4.1, sse4.2, popcnt, lzcnt, tsc, tscinvbit, avx, avx2, aes, erms, clmul, bmi1, bmi2, adx, sha, fma, vzeroupper, clflush, clflushopt
Processor Information for all 12 processors :
  Max Mhz: 4200, Current Mhz: 4200, Mhz Limit: 4200

Memory: 4k page, system-wide physical 16295M (5729M free)
TotalPageFile size 36775M (AvailPageFile size 18216M)
current process WorkingSet (physical memory assigned to process): 758M, peak: 834M
current process commit charge ("private bytes"): 708M, peak: 828M

vm_info: OpenJDK 64-Bit Server VM (17.0.13+11) for windows-amd64 JRE (17.0.13+11), built on Oct 16 2024 00:10:08 by "admin" with MS VC++ 17.7 (VS2022)

END.
